<html>
<head>
<title>TestNG:  Test</title>
<link href="../testng.css" rel="stylesheet" type="text/css" />
<link href="../my-testng.css" rel="stylesheet" type="text/css" />

<style type="text/css">
.log { display: none;} 
.stack-trace { display: none;} 
</style>
<script type="text/javascript">
<!--
function flip(e) {
  current = e.style.display;
  if (current == 'block') {
    e.style.display = 'none';
    return 0;
  }
  else {
    e.style.display = 'block';
    return 1;
  }
}

function toggleBox(szDivId, elem, msg1, msg2)
{
  var res = -1;  if (document.getElementById) {
    res = flip(document.getElementById(szDivId));
  }
  else if (document.all) {
    // this is the way old msie versions work
    res = flip(document.all[szDivId]);
  }
  if(elem) {
    if(res == 0) elem.innerHTML = msg1; else elem.innerHTML = msg2;
  }

}

function toggleAllBoxes() {
  if (document.getElementsByTagName) {
    d = document.getElementsByTagName('div');
    for (i = 0; i < d.length; i++) {
      if (d[i].className == 'log') {
        flip(d[i]);
      }
    }
  }
}

// -->
</script>

</head>
<body>
<h2 align='center'>Test</h2><table border='1' align="center">
<tr>
<td>Tests passed/Failed/Skipped:</td><td>107/20/20</td>
</tr><tr>
<td>Started on:</td><td>Thu Apr 14 11:04:41 IST 2022</td>
</tr>
<tr><td>Total time:</td><td>3880 seconds (3880390 ms)</td>
</tr><tr>
<td>Included groups:</td><td></td>
</tr><tr>
<td>Excluded groups:</td><td></td>
</tr>
</table><p/>
<small><i>(Hover the method name to see the test class name)</i></small><p/>
<table width='100%' border='1' class='invocation-failed'>
<tr><td colspan='4' align='center'><b>FAILED CONFIGURATIONS</b></td></tr>
<tr><td><b>Test method</b></td>
<td width="30%"><b>Exception</b></td>
<td width="10%"><b>Time (seconds)</b></td>
<td><b>Instance</b></td>
</tr>
<tr>
<td title='Admin.User_Management.openBrowser()'><b>openBrowser</b><br>Test class: Admin.User_Management<br>Parameters: org.testng.TestRunner@754a6ce2</td>
<td><div><pre>org.openqa.selenium.ElementClickInterceptedException: element click intercepted: Element &lt;a class=&quot;button button-primary&quot; href=&quot;#modal-login-register&quot; onclick=&quot;restorePasswordIcon();&quot; data-target=&quot;#modal-login-register&quot; data-toggle=&quot;modal&quot; tabindex=&quot;0&quot;&gt;...&lt;/a&gt; is not clickable at point (115, 412). Other element would receive the click: &lt;div class=&quot;slick-slide-caption__footer&quot;&gt;...&lt;/div&gt;
  (Session info: chrome=99.0.4844.84)
Build info: version: &apos;3.141.59&apos;, revision: &apos;e82be7d358&apos;, time: &apos;2018-11-14T08:17:03&apos;
System info: host: &apos;QUASPC1210&apos;, ip: &apos;192.168.1.210&apos;, os.name: &apos;Windows 10&apos;, os.arch: &apos;amd64&apos;, os.version: &apos;10.0&apos;, java.version: &apos;11.0.12&apos;
Driver info: org.openqa.selenium.chrome.ChromeDriver
Capabilities {acceptInsecureCerts: false, browserName: chrome, browserVersion: 99.0.4844.84, chrome: {chromedriverVersion: 99.0.4844.51 (d537ec02474b5..., userDataDir: C:\Users\meet.g\AppData\Loc...}, goog:chromeOptions: {debuggerAddress: localhost:56109}, javascriptEnabled: true, networkConnectionEnabled: false, pageLoadStrategy: normal, platform: WINDOWS, platformName: WINDOWS, proxy: Proxy(), setWindowRect: true, strictFileInteractability: false, timeouts: {implicit: 0, pageLoad: 300000, script: 30000}, unhandledPromptBehavior: dismiss and notify, webauthn:extension:credBlob: true, webauthn:extension:largeBlob: true, webauthn:virtualAuthenticators: true}
Session ID: e0146a2f745522fde962d28cc19110f2
	at org.openqa.selenium.remote.http.W3CHttpResponseCodec.createException(W3CHttpResponseCodec.java:187)
	at org.openqa.selenium.remote.http.W3CHttpResponseCodec.decode(W3CHttpResponseCodec.java:122)
	at org.openqa.selenium.remote.http.W3CHttpResponseCodec.decode(W3CHttpResponseCodec.java:49)
	at org.openqa.selenium.remote.HttpCommandExecutor.execute(HttpCommandExecutor.java:158)
	at org.openqa.selenium.remote.service.DriverCommandExecutor.execute(DriverCommandExecutor.java:83)
	at org.openqa.selenium.remote.RemoteWebDriver.execute(RemoteWebDriver.java:552)
	at org.openqa.selenium.remote.RemoteWebElement.execute(RemoteWebElement.java:285)
	at org.openqa.selenium.remote.RemoteWebElement.click(RemoteWebElement.java:84)
	at Admin.User_Management.openBrowser(User_Management.java:49)
... Removed 29 stack frames</pre></div><a href='#' onClick='toggleBox("stack-trace284461959", this, "Click to show all stack frames", "Click to hide stack frames")'>Click to show all stack frames</a>
<div class='stack-trace' id='stack-trace284461959'><pre>org.openqa.selenium.ElementClickInterceptedException: element click intercepted: Element &lt;a class=&quot;button button-primary&quot; href=&quot;#modal-login-register&quot; onclick=&quot;restorePasswordIcon();&quot; data-target=&quot;#modal-login-register&quot; data-toggle=&quot;modal&quot; tabindex=&quot;0&quot;&gt;...&lt;/a&gt; is not clickable at point (115, 412). Other element would receive the click: &lt;div class=&quot;slick-slide-caption__footer&quot;&gt;...&lt;/div&gt;
  (Session info: chrome=99.0.4844.84)
Build info: version: &apos;3.141.59&apos;, revision: &apos;e82be7d358&apos;, time: &apos;2018-11-14T08:17:03&apos;
System info: host: &apos;QUASPC1210&apos;, ip: &apos;192.168.1.210&apos;, os.name: &apos;Windows 10&apos;, os.arch: &apos;amd64&apos;, os.version: &apos;10.0&apos;, java.version: &apos;11.0.12&apos;
Driver info: org.openqa.selenium.chrome.ChromeDriver
Capabilities {acceptInsecureCerts: false, browserName: chrome, browserVersion: 99.0.4844.84, chrome: {chromedriverVersion: 99.0.4844.51 (d537ec02474b5..., userDataDir: C:\Users\meet.g\AppData\Loc...}, goog:chromeOptions: {debuggerAddress: localhost:56109}, javascriptEnabled: true, networkConnectionEnabled: false, pageLoadStrategy: normal, platform: WINDOWS, platformName: WINDOWS, proxy: Proxy(), setWindowRect: true, strictFileInteractability: false, timeouts: {implicit: 0, pageLoad: 300000, script: 30000}, unhandledPromptBehavior: dismiss and notify, webauthn:extension:credBlob: true, webauthn:extension:largeBlob: true, webauthn:virtualAuthenticators: true}
Session ID: e0146a2f745522fde962d28cc19110f2
	at java.base/jdk.internal.reflect.NativeConstructorAccessorImpl.newInstance0(Native Method)
	at java.base/jdk.internal.reflect.NativeConstructorAccessorImpl.newInstance(NativeConstructorAccessorImpl.java:62)
	at java.base/jdk.internal.reflect.DelegatingConstructorAccessorImpl.newInstance(DelegatingConstructorAccessorImpl.java:45)
	at java.base/java.lang.reflect.Constructor.newInstance(Constructor.java:490)
	at org.openqa.selenium.remote.http.W3CHttpResponseCodec.createException(W3CHttpResponseCodec.java:187)
	at org.openqa.selenium.remote.http.W3CHttpResponseCodec.decode(W3CHttpResponseCodec.java:122)
	at org.openqa.selenium.remote.http.W3CHttpResponseCodec.decode(W3CHttpResponseCodec.java:49)
	at org.openqa.selenium.remote.HttpCommandExecutor.execute(HttpCommandExecutor.java:158)
	at org.openqa.selenium.remote.service.DriverCommandExecutor.execute(DriverCommandExecutor.java:83)
	at org.openqa.selenium.remote.RemoteWebDriver.execute(RemoteWebDriver.java:552)
	at org.openqa.selenium.remote.RemoteWebElement.execute(RemoteWebElement.java:285)
	at org.openqa.selenium.remote.RemoteWebElement.click(RemoteWebElement.java:84)
	at Admin.User_Management.openBrowser(User_Management.java:49)
	at jdk.internal.reflect.GeneratedMethodAccessor1.invoke(Unknown Source)
	at java.base/jdk.internal.reflect.DelegatingMethodAccessorImpl.invoke(DelegatingMethodAccessorImpl.java:43)
	at java.base/java.lang.reflect.Method.invoke(Method.java:566)
	at org.testng.internal.MethodInvocationHelper.invokeMethod(MethodInvocationHelper.java:80)
	at org.testng.internal.Invoker.invokeConfigurationMethod(Invoker.java:564)
	at org.testng.internal.Invoker.invokeConfigurations(Invoker.java:213)
	at org.testng.internal.Invoker.invokeMethod(Invoker.java:653)
	at org.testng.internal.Invoker.invokeTestMethod(Invoker.java:901)
	at org.testng.internal.Invoker.invokeTestMethods(Invoker.java:1231)
	at org.testng.internal.TestMethodWorker.invokeTestMethods(TestMethodWorker.java:127)
	at org.testng.internal.TestMethodWorker.run(TestMethodWorker.java:111)
	at org.testng.TestRunner.privateRun(TestRunner.java:767)
	at org.testng.TestRunner.run(TestRunner.java:617)
	at org.testng.SuiteRunner.runTest(SuiteRunner.java:334)
	at org.testng.SuiteRunner.runSequentially(SuiteRunner.java:329)
	at org.testng.SuiteRunner.privateRun(SuiteRunner.java:291)
	at org.testng.SuiteRunner.run(SuiteRunner.java:240)
	at org.testng.SuiteRunnerWorker.runSuite(SuiteRunnerWorker.java:52)
	at org.testng.SuiteRunnerWorker.run(SuiteRunnerWorker.java:86)
	at org.testng.TestNG.runSuitesSequentially(TestNG.java:1198)
	at org.testng.TestNG.runSuitesLocally(TestNG.java:1123)
	at org.testng.TestNG.run(TestNG.java:1031)
	at org.testng.remote.AbstractRemoteTestNG.run(AbstractRemoteTestNG.java:115)
	at org.testng.remote.RemoteTestNG.initAndRun(RemoteTestNG.java:251)
	at org.testng.remote.RemoteTestNG.main(RemoteTestNG.java:77)
</pre></div></td>
<td>0</td>
<td>Admin.User_Management@d278d2b</td></tr>
</table><p>
<table width='100%' border='1' class='invocation-skipped'>
<tr><td colspan='4' align='center'><b>SKIPPED CONFIGURATIONS</b></td></tr>
<tr><td><b>Test method</b></td>
<td width="30%"><b>Exception</b></td>
<td width="10%"><b>Time (seconds)</b></td>
<td><b>Instance</b></td>
</tr>
<tr>
<td title='Admin.User_Management.openBrowser()'><b>openBrowser</b><br>Test class: Admin.User_Management</td>
<td></td>
<td>0</td>
<td>Admin.User_Management@d278d2b</td></tr>
<tr>
<td title='Admin.User_Management.openBrowser()'><b>openBrowser</b><br>Test class: Admin.User_Management</td>
<td></td>
<td>0</td>
<td>Admin.User_Management@d278d2b</td></tr>
<tr>
<td title='Admin.User_Management.openBrowser()'><b>openBrowser</b><br>Test class: Admin.User_Management</td>
<td></td>
<td>0</td>
<td>Admin.User_Management@d278d2b</td></tr>
<tr>
<td title='Admin.User_Management.openBrowser()'><b>openBrowser</b><br>Test class: Admin.User_Management</td>
<td></td>
<td>0</td>
<td>Admin.User_Management@d278d2b</td></tr>
<tr>
<td title='Admin.User_Management.openBrowser()'><b>openBrowser</b><br>Test class: Admin.User_Management</td>
<td></td>
<td>0</td>
<td>Admin.User_Management@d278d2b</td></tr>
<tr>
<td title='Admin.User_Management.openBrowser()'><b>openBrowser</b><br>Test class: Admin.User_Management</td>
<td></td>
<td>0</td>
<td>Admin.User_Management@d278d2b</td></tr>
<tr>
<td title='Admin.User_Management.openBrowser()'><b>openBrowser</b><br>Test class: Admin.User_Management</td>
<td></td>
<td>0</td>
<td>Admin.User_Management@d278d2b</td></tr>
<tr>
<td title='Admin.User_Management.openBrowser()'><b>openBrowser</b><br>Test class: Admin.User_Management</td>
<td></td>
<td>0</td>
<td>Admin.User_Management@d278d2b</td></tr>
<tr>
<td title='Admin.User_Management.openBrowser()'><b>openBrowser</b><br>Test class: Admin.User_Management</td>
<td></td>
<td>0</td>
<td>Admin.User_Management@d278d2b</td></tr>
<tr>
<td title='Admin.User_Management.openBrowser()'><b>openBrowser</b><br>Test class: Admin.User_Management</td>
<td></td>
<td>0</td>
<td>Admin.User_Management@d278d2b</td></tr>
<tr>
<td title='Admin.User_Management.openBrowser()'><b>openBrowser</b><br>Test class: Admin.User_Management</td>
<td></td>
<td>0</td>
<td>Admin.User_Management@d278d2b</td></tr>
<tr>
<td title='Admin.User_Management.openBrowser()'><b>openBrowser</b><br>Test class: Admin.User_Management</td>
<td></td>
<td>0</td>
<td>Admin.User_Management@d278d2b</td></tr>
<tr>
<td title='Admin.User_Management.openBrowser()'><b>openBrowser</b><br>Test class: Admin.User_Management</td>
<td></td>
<td>0</td>
<td>Admin.User_Management@d278d2b</td></tr>
<tr>
<td title='Admin.User_Management.openBrowser()'><b>openBrowser</b><br>Test class: Admin.User_Management</td>
<td></td>
<td>0</td>
<td>Admin.User_Management@d278d2b</td></tr>
<tr>
<td title='Admin.User_Management.openBrowser()'><b>openBrowser</b><br>Test class: Admin.User_Management</td>
<td></td>
<td>0</td>
<td>Admin.User_Management@d278d2b</td></tr>
<tr>
<td title='Admin.User_Management.openBrowser()'><b>openBrowser</b><br>Test class: Admin.User_Management</td>
<td></td>
<td>0</td>
<td>Admin.User_Management@d278d2b</td></tr>
<tr>
<td title='Admin.User_Management.openBrowser()'><b>openBrowser</b><br>Test class: Admin.User_Management</td>
<td></td>
<td>0</td>
<td>Admin.User_Management@d278d2b</td></tr>
<tr>
<td title='Admin.User_Management.openBrowser()'><b>openBrowser</b><br>Test class: Admin.User_Management</td>
<td></td>
<td>0</td>
<td>Admin.User_Management@d278d2b</td></tr>
<tr>
<td title='Admin.User_Management.openBrowser()'><b>openBrowser</b><br>Test class: Admin.User_Management</td>
<td></td>
<td>0</td>
<td>Admin.User_Management@d278d2b</td></tr>
<tr>
<td title='Admin.User_Management.afterClass()'><b>afterClass</b><br>Test class: Admin.User_Management</td>
<td></td>
<td>0</td>
<td>Admin.User_Management@d278d2b</td></tr>
<tr>
<td title='Admin.User_Management.afterClass()'><b>afterClass</b><br>Test class: Admin.User_Management</td>
<td></td>
<td>0</td>
<td>Admin.User_Management@d278d2b</td></tr>
<tr>
<td title='Admin.User_Management.afterClass()'><b>afterClass</b><br>Test class: Admin.User_Management</td>
<td></td>
<td>0</td>
<td>Admin.User_Management@d278d2b</td></tr>
<tr>
<td title='Admin.User_Management.afterClass()'><b>afterClass</b><br>Test class: Admin.User_Management</td>
<td></td>
<td>0</td>
<td>Admin.User_Management@d278d2b</td></tr>
<tr>
<td title='Admin.User_Management.afterClass()'><b>afterClass</b><br>Test class: Admin.User_Management</td>
<td></td>
<td>0</td>
<td>Admin.User_Management@d278d2b</td></tr>
<tr>
<td title='Admin.User_Management.afterClass()'><b>afterClass</b><br>Test class: Admin.User_Management</td>
<td></td>
<td>0</td>
<td>Admin.User_Management@d278d2b</td></tr>
<tr>
<td title='Admin.User_Management.afterClass()'><b>afterClass</b><br>Test class: Admin.User_Management</td>
<td></td>
<td>0</td>
<td>Admin.User_Management@d278d2b</td></tr>
<tr>
<td title='Admin.User_Management.afterClass()'><b>afterClass</b><br>Test class: Admin.User_Management</td>
<td></td>
<td>0</td>
<td>Admin.User_Management@d278d2b</td></tr>
<tr>
<td title='Admin.User_Management.afterClass()'><b>afterClass</b><br>Test class: Admin.User_Management</td>
<td></td>
<td>0</td>
<td>Admin.User_Management@d278d2b</td></tr>
<tr>
<td title='Admin.User_Management.afterClass()'><b>afterClass</b><br>Test class: Admin.User_Management</td>
<td></td>
<td>0</td>
<td>Admin.User_Management@d278d2b</td></tr>
<tr>
<td title='Admin.User_Management.afterClass()'><b>afterClass</b><br>Test class: Admin.User_Management</td>
<td></td>
<td>0</td>
<td>Admin.User_Management@d278d2b</td></tr>
<tr>
<td title='Admin.User_Management.afterClass()'><b>afterClass</b><br>Test class: Admin.User_Management</td>
<td></td>
<td>0</td>
<td>Admin.User_Management@d278d2b</td></tr>
<tr>
<td title='Admin.User_Management.afterClass()'><b>afterClass</b><br>Test class: Admin.User_Management</td>
<td></td>
<td>0</td>
<td>Admin.User_Management@d278d2b</td></tr>
<tr>
<td title='Admin.User_Management.afterClass()'><b>afterClass</b><br>Test class: Admin.User_Management</td>
<td></td>
<td>0</td>
<td>Admin.User_Management@d278d2b</td></tr>
<tr>
<td title='Admin.User_Management.afterClass()'><b>afterClass</b><br>Test class: Admin.User_Management</td>
<td></td>
<td>0</td>
<td>Admin.User_Management@d278d2b</td></tr>
<tr>
<td title='Admin.User_Management.afterClass()'><b>afterClass</b><br>Test class: Admin.User_Management</td>
<td></td>
<td>0</td>
<td>Admin.User_Management@d278d2b</td></tr>
<tr>
<td title='Admin.User_Management.afterClass()'><b>afterClass</b><br>Test class: Admin.User_Management</td>
<td></td>
<td>0</td>
<td>Admin.User_Management@d278d2b</td></tr>
<tr>
<td title='Admin.User_Management.afterClass()'><b>afterClass</b><br>Test class: Admin.User_Management</td>
<td></td>
<td>0</td>
<td>Admin.User_Management@d278d2b</td></tr>
<tr>
<td title='Admin.User_Management.afterClass()'><b>afterClass</b><br>Test class: Admin.User_Management</td>
<td></td>
<td>0</td>
<td>Admin.User_Management@d278d2b</td></tr>
<tr>
<td title='Admin.User_Management.afterClass()'><b>afterClass</b><br>Test class: Admin.User_Management</td>
<td></td>
<td>0</td>
<td>Admin.User_Management@d278d2b</td></tr>
</table><p>
<table width='100%' border='1' class='invocation-failed'>
<tr><td colspan='4' align='center'><b>FAILED TESTS</b></td></tr>
<tr><td><b>Test method</b></td>
<td width="30%"><b>Exception</b></td>
<td width="10%"><b>Time (seconds)</b></td>
<td><b>Instance</b></td>
</tr>
<tr>
<td title='Admin.User_Management.SGL_Ranchi_Admin_Language_06()'><b>SGL_Ranchi_Admin_Language_06</b><br>Test class: Admin.User_Management<br>Test method: To verify that user is able to perform  "Add User" functionality.</td>
<td><div><pre>org.openqa.selenium.NoSuchElementException: no such element: Unable to locate element: {&quot;method&quot;:&quot;xpath&quot;,&quot;selector&quot;:&quot;//p[text()=&quot;User Added Successfully and Password sent through e-mail.&quot;]&quot;}
  (Session info: chrome=99.0.4844.84)
For documentation on this error, please visit: https://www.seleniumhq.org/exceptions/no_such_element.html
Build info: version: &apos;3.141.59&apos;, revision: &apos;e82be7d358&apos;, time: &apos;2018-11-14T08:17:03&apos;
System info: host: &apos;QUASPC1210&apos;, ip: &apos;192.168.1.210&apos;, os.name: &apos;Windows 10&apos;, os.arch: &apos;amd64&apos;, os.version: &apos;10.0&apos;, java.version: &apos;11.0.12&apos;
Driver info: org.openqa.selenium.chrome.ChromeDriver
Capabilities {acceptInsecureCerts: false, browserName: chrome, browserVersion: 99.0.4844.84, chrome: {chromedriverVersion: 99.0.4844.51 (d537ec02474b5..., userDataDir: C:\Users\meet.g\AppData\Loc...}, goog:chromeOptions: {debuggerAddress: localhost:50264}, javascriptEnabled: true, networkConnectionEnabled: false, pageLoadStrategy: normal, platform: WINDOWS, platformName: WINDOWS, proxy: Proxy(), setWindowRect: true, strictFileInteractability: false, timeouts: {implicit: 0, pageLoad: 300000, script: 30000}, unhandledPromptBehavior: dismiss and notify, webauthn:extension:credBlob: true, webauthn:extension:largeBlob: true, webauthn:virtualAuthenticators: true}
Session ID: a072242a11b056f6d4fec87b41cf24c3
*** Element info: {Using=xpath, value=//p[text()=&quot;User Added Successfully and Password sent through e-mail.&quot;]}
	at org.openqa.selenium.remote.http.W3CHttpResponseCodec.createException(W3CHttpResponseCodec.java:187)
	at org.openqa.selenium.remote.http.W3CHttpResponseCodec.decode(W3CHttpResponseCodec.java:122)
	at org.openqa.selenium.remote.http.W3CHttpResponseCodec.decode(W3CHttpResponseCodec.java:49)
	at org.openqa.selenium.remote.HttpCommandExecutor.execute(HttpCommandExecutor.java:158)
	at org.openqa.selenium.remote.service.DriverCommandExecutor.execute(DriverCommandExecutor.java:83)
	at org.openqa.selenium.remote.RemoteWebDriver.execute(RemoteWebDriver.java:552)
	at org.openqa.selenium.remote.RemoteWebDriver.findElement(RemoteWebDriver.java:323)
	at org.openqa.selenium.remote.RemoteWebDriver.findElementByXPath(RemoteWebDriver.java:428)
	at org.openqa.selenium.By$ByXPath.findElement(By.java:353)
	at org.openqa.selenium.remote.RemoteWebDriver.findElement(RemoteWebDriver.java:315)
	at Admin.User_Management.SGL_Ranchi_Admin_Language_06(User_Management.java:217)
... Removed 28 stack frames</pre></div><a href='#' onClick='toggleBox("stack-trace858507952", this, "Click to show all stack frames", "Click to hide stack frames")'>Click to show all stack frames</a>
<div class='stack-trace' id='stack-trace858507952'><pre>org.openqa.selenium.NoSuchElementException: no such element: Unable to locate element: {&quot;method&quot;:&quot;xpath&quot;,&quot;selector&quot;:&quot;//p[text()=&quot;User Added Successfully and Password sent through e-mail.&quot;]&quot;}
  (Session info: chrome=99.0.4844.84)
For documentation on this error, please visit: https://www.seleniumhq.org/exceptions/no_such_element.html
Build info: version: &apos;3.141.59&apos;, revision: &apos;e82be7d358&apos;, time: &apos;2018-11-14T08:17:03&apos;
System info: host: &apos;QUASPC1210&apos;, ip: &apos;192.168.1.210&apos;, os.name: &apos;Windows 10&apos;, os.arch: &apos;amd64&apos;, os.version: &apos;10.0&apos;, java.version: &apos;11.0.12&apos;
Driver info: org.openqa.selenium.chrome.ChromeDriver
Capabilities {acceptInsecureCerts: false, browserName: chrome, browserVersion: 99.0.4844.84, chrome: {chromedriverVersion: 99.0.4844.51 (d537ec02474b5..., userDataDir: C:\Users\meet.g\AppData\Loc...}, goog:chromeOptions: {debuggerAddress: localhost:50264}, javascriptEnabled: true, networkConnectionEnabled: false, pageLoadStrategy: normal, platform: WINDOWS, platformName: WINDOWS, proxy: Proxy(), setWindowRect: true, strictFileInteractability: false, timeouts: {implicit: 0, pageLoad: 300000, script: 30000}, unhandledPromptBehavior: dismiss and notify, webauthn:extension:credBlob: true, webauthn:extension:largeBlob: true, webauthn:virtualAuthenticators: true}
Session ID: a072242a11b056f6d4fec87b41cf24c3
*** Element info: {Using=xpath, value=//p[text()=&quot;User Added Successfully and Password sent through e-mail.&quot;]}
	at java.base/jdk.internal.reflect.NativeConstructorAccessorImpl.newInstance0(Native Method)
	at java.base/jdk.internal.reflect.NativeConstructorAccessorImpl.newInstance(NativeConstructorAccessorImpl.java:62)
	at java.base/jdk.internal.reflect.DelegatingConstructorAccessorImpl.newInstance(DelegatingConstructorAccessorImpl.java:45)
	at java.base/java.lang.reflect.Constructor.newInstance(Constructor.java:490)
	at org.openqa.selenium.remote.http.W3CHttpResponseCodec.createException(W3CHttpResponseCodec.java:187)
	at org.openqa.selenium.remote.http.W3CHttpResponseCodec.decode(W3CHttpResponseCodec.java:122)
	at org.openqa.selenium.remote.http.W3CHttpResponseCodec.decode(W3CHttpResponseCodec.java:49)
	at org.openqa.selenium.remote.HttpCommandExecutor.execute(HttpCommandExecutor.java:158)
	at org.openqa.selenium.remote.service.DriverCommandExecutor.execute(DriverCommandExecutor.java:83)
	at org.openqa.selenium.remote.RemoteWebDriver.execute(RemoteWebDriver.java:552)
	at org.openqa.selenium.remote.RemoteWebDriver.findElement(RemoteWebDriver.java:323)
	at org.openqa.selenium.remote.RemoteWebDriver.findElementByXPath(RemoteWebDriver.java:428)
	at org.openqa.selenium.By$ByXPath.findElement(By.java:353)
	at org.openqa.selenium.remote.RemoteWebDriver.findElement(RemoteWebDriver.java:315)
	at Admin.User_Management.SGL_Ranchi_Admin_Language_06(User_Management.java:217)
	at java.base/jdk.internal.reflect.NativeMethodAccessorImpl.invoke0(Native Method)
	at java.base/jdk.internal.reflect.NativeMethodAccessorImpl.invoke(NativeMethodAccessorImpl.java:62)
	at java.base/jdk.internal.reflect.DelegatingMethodAccessorImpl.invoke(DelegatingMethodAccessorImpl.java:43)
	at java.base/java.lang.reflect.Method.invoke(Method.java:566)
	at org.testng.internal.MethodInvocationHelper.invokeMethod(MethodInvocationHelper.java:80)
	at org.testng.internal.Invoker.invokeMethod(Invoker.java:714)
	at org.testng.internal.Invoker.invokeTestMethod(Invoker.java:901)
	at org.testng.internal.Invoker.invokeTestMethods(Invoker.java:1231)
	at org.testng.internal.TestMethodWorker.invokeTestMethods(TestMethodWorker.java:127)
	at org.testng.internal.TestMethodWorker.run(TestMethodWorker.java:111)
	at org.testng.TestRunner.privateRun(TestRunner.java:767)
	at org.testng.TestRunner.run(TestRunner.java:617)
	at org.testng.SuiteRunner.runTest(SuiteRunner.java:334)
	at org.testng.SuiteRunner.runSequentially(SuiteRunner.java:329)
	at org.testng.SuiteRunner.privateRun(SuiteRunner.java:291)
	at org.testng.SuiteRunner.run(SuiteRunner.java:240)
	at org.testng.SuiteRunnerWorker.runSuite(SuiteRunnerWorker.java:52)
	at org.testng.SuiteRunnerWorker.run(SuiteRunnerWorker.java:86)
	at org.testng.TestNG.runSuitesSequentially(TestNG.java:1198)
	at org.testng.TestNG.runSuitesLocally(TestNG.java:1123)
	at org.testng.TestNG.run(TestNG.java:1031)
	at org.testng.remote.AbstractRemoteTestNG.run(AbstractRemoteTestNG.java:115)
	at org.testng.remote.RemoteTestNG.initAndRun(RemoteTestNG.java:251)
	at org.testng.remote.RemoteTestNG.main(RemoteTestNG.java:77)
</pre></div></td>
<td>27</td>
<td>Admin.User_Management@d278d2b</td></tr>
<tr>
<td title='Admin.User_Management.SGL_Ranchi_Admin_Language_101()'><b>SGL_Ranchi_Admin_Language_101</b><br>Test class: Admin.User_Management<br>Test method: To verify that user is able to perform "Search" functionality from "Layer Attribute Management".</td>
<td><div><pre>java.lang.AssertionError: expected [locality_name] but found [name]
	at Admin.User_Management.SGL_Ranchi_Admin_Language_101(User_Management.java:2972)
... Removed 29 stack frames</pre></div><a href='#' onClick='toggleBox("stack-trace397563391", this, "Click to show all stack frames", "Click to hide stack frames")'>Click to show all stack frames</a>
<div class='stack-trace' id='stack-trace397563391'><pre>java.lang.AssertionError: expected [locality_name] but found [name]
	at org.testng.Assert.fail(Assert.java:94)
	at org.testng.Assert.failNotEquals(Assert.java:494)
	at org.testng.Assert.assertEquals(Assert.java:123)
	at org.testng.Assert.assertEquals(Assert.java:176)
	at org.testng.Assert.assertEquals(Assert.java:186)
	at Admin.User_Management.SGL_Ranchi_Admin_Language_101(User_Management.java:2972)
	at java.base/jdk.internal.reflect.NativeMethodAccessorImpl.invoke0(Native Method)
	at java.base/jdk.internal.reflect.NativeMethodAccessorImpl.invoke(NativeMethodAccessorImpl.java:62)
	at java.base/jdk.internal.reflect.DelegatingMethodAccessorImpl.invoke(DelegatingMethodAccessorImpl.java:43)
	at java.base/java.lang.reflect.Method.invoke(Method.java:566)
	at org.testng.internal.MethodInvocationHelper.invokeMethod(MethodInvocationHelper.java:80)
	at org.testng.internal.Invoker.invokeMethod(Invoker.java:714)
	at org.testng.internal.Invoker.invokeTestMethod(Invoker.java:901)
	at org.testng.internal.Invoker.invokeTestMethods(Invoker.java:1231)
	at org.testng.internal.TestMethodWorker.invokeTestMethods(TestMethodWorker.java:127)
	at org.testng.internal.TestMethodWorker.run(TestMethodWorker.java:111)
	at org.testng.TestRunner.privateRun(TestRunner.java:767)
	at org.testng.TestRunner.run(TestRunner.java:617)
	at org.testng.SuiteRunner.runTest(SuiteRunner.java:334)
	at org.testng.SuiteRunner.runSequentially(SuiteRunner.java:329)
	at org.testng.SuiteRunner.privateRun(SuiteRunner.java:291)
	at org.testng.SuiteRunner.run(SuiteRunner.java:240)
	at org.testng.SuiteRunnerWorker.runSuite(SuiteRunnerWorker.java:52)
	at org.testng.SuiteRunnerWorker.run(SuiteRunnerWorker.java:86)
	at org.testng.TestNG.runSuitesSequentially(TestNG.java:1198)
	at org.testng.TestNG.runSuitesLocally(TestNG.java:1123)
	at org.testng.TestNG.run(TestNG.java:1031)
	at org.testng.remote.AbstractRemoteTestNG.run(AbstractRemoteTestNG.java:115)
	at org.testng.remote.RemoteTestNG.initAndRun(RemoteTestNG.java:251)
	at org.testng.remote.RemoteTestNG.main(RemoteTestNG.java:77)
</pre></div></td>
<td>8</td>
<td>Admin.User_Management@d278d2b</td></tr>
<tr>
<td title='Admin.User_Management.SGL_Ranchi_Admin_Language_109()'><b>SGL_Ranchi_Admin_Language_109</b><br>Test class: Admin.User_Management<br>Test method: To verify that user is able to perform "Search" functionality from layer management screen.</td>
<td><div><pre>org.openqa.selenium.NoSuchElementException: no such element: Unable to locate element: {&quot;method&quot;:&quot;xpath&quot;,&quot;selector&quot;:&quot;//tbody[@id=&quot;tbllayermanagement&quot;]/tr[1]/td[6]&quot;}
  (Session info: chrome=99.0.4844.84)
For documentation on this error, please visit: https://www.seleniumhq.org/exceptions/no_such_element.html
Build info: version: &apos;3.141.59&apos;, revision: &apos;e82be7d358&apos;, time: &apos;2018-11-14T08:17:03&apos;
System info: host: &apos;QUASPC1210&apos;, ip: &apos;192.168.1.210&apos;, os.name: &apos;Windows 10&apos;, os.arch: &apos;amd64&apos;, os.version: &apos;10.0&apos;, java.version: &apos;11.0.12&apos;
Driver info: org.openqa.selenium.chrome.ChromeDriver
Capabilities {acceptInsecureCerts: false, browserName: chrome, browserVersion: 99.0.4844.84, chrome: {chromedriverVersion: 99.0.4844.51 (d537ec02474b5..., userDataDir: C:\Users\meet.g\AppData\Loc...}, goog:chromeOptions: {debuggerAddress: localhost:54745}, javascriptEnabled: true, networkConnectionEnabled: false, pageLoadStrategy: normal, platform: WINDOWS, platformName: WINDOWS, proxy: Proxy(), setWindowRect: true, strictFileInteractability: false, timeouts: {implicit: 0, pageLoad: 300000, script: 30000}, unhandledPromptBehavior: dismiss and notify, webauthn:extension:credBlob: true, webauthn:extension:largeBlob: true, webauthn:virtualAuthenticators: true}
Session ID: f63f5a3a5ceeef7979ef64c7ef8a25b9
*** Element info: {Using=xpath, value=//tbody[@id=&quot;tbllayermanagement&quot;]/tr[1]/td[6]}
	at org.openqa.selenium.remote.http.W3CHttpResponseCodec.createException(W3CHttpResponseCodec.java:187)
	at org.openqa.selenium.remote.http.W3CHttpResponseCodec.decode(W3CHttpResponseCodec.java:122)
	at org.openqa.selenium.remote.http.W3CHttpResponseCodec.decode(W3CHttpResponseCodec.java:49)
	at org.openqa.selenium.remote.HttpCommandExecutor.execute(HttpCommandExecutor.java:158)
	at org.openqa.selenium.remote.service.DriverCommandExecutor.execute(DriverCommandExecutor.java:83)
	at org.openqa.selenium.remote.RemoteWebDriver.execute(RemoteWebDriver.java:552)
	at org.openqa.selenium.remote.RemoteWebDriver.findElement(RemoteWebDriver.java:323)
	at org.openqa.selenium.remote.RemoteWebDriver.findElementByXPath(RemoteWebDriver.java:428)
	at org.openqa.selenium.By$ByXPath.findElement(By.java:353)
	at org.openqa.selenium.remote.RemoteWebDriver.findElement(RemoteWebDriver.java:315)
	at Admin.User_Management.SGL_Ranchi_Admin_Language_109(User_Management.java:3312)
... Removed 28 stack frames</pre></div><a href='#' onClick='toggleBox("stack-trace317148495", this, "Click to show all stack frames", "Click to hide stack frames")'>Click to show all stack frames</a>
<div class='stack-trace' id='stack-trace317148495'><pre>org.openqa.selenium.NoSuchElementException: no such element: Unable to locate element: {&quot;method&quot;:&quot;xpath&quot;,&quot;selector&quot;:&quot;//tbody[@id=&quot;tbllayermanagement&quot;]/tr[1]/td[6]&quot;}
  (Session info: chrome=99.0.4844.84)
For documentation on this error, please visit: https://www.seleniumhq.org/exceptions/no_such_element.html
Build info: version: &apos;3.141.59&apos;, revision: &apos;e82be7d358&apos;, time: &apos;2018-11-14T08:17:03&apos;
System info: host: &apos;QUASPC1210&apos;, ip: &apos;192.168.1.210&apos;, os.name: &apos;Windows 10&apos;, os.arch: &apos;amd64&apos;, os.version: &apos;10.0&apos;, java.version: &apos;11.0.12&apos;
Driver info: org.openqa.selenium.chrome.ChromeDriver
Capabilities {acceptInsecureCerts: false, browserName: chrome, browserVersion: 99.0.4844.84, chrome: {chromedriverVersion: 99.0.4844.51 (d537ec02474b5..., userDataDir: C:\Users\meet.g\AppData\Loc...}, goog:chromeOptions: {debuggerAddress: localhost:54745}, javascriptEnabled: true, networkConnectionEnabled: false, pageLoadStrategy: normal, platform: WINDOWS, platformName: WINDOWS, proxy: Proxy(), setWindowRect: true, strictFileInteractability: false, timeouts: {implicit: 0, pageLoad: 300000, script: 30000}, unhandledPromptBehavior: dismiss and notify, webauthn:extension:credBlob: true, webauthn:extension:largeBlob: true, webauthn:virtualAuthenticators: true}
Session ID: f63f5a3a5ceeef7979ef64c7ef8a25b9
*** Element info: {Using=xpath, value=//tbody[@id=&quot;tbllayermanagement&quot;]/tr[1]/td[6]}
	at java.base/jdk.internal.reflect.NativeConstructorAccessorImpl.newInstance0(Native Method)
	at java.base/jdk.internal.reflect.NativeConstructorAccessorImpl.newInstance(NativeConstructorAccessorImpl.java:62)
	at java.base/jdk.internal.reflect.DelegatingConstructorAccessorImpl.newInstance(DelegatingConstructorAccessorImpl.java:45)
	at java.base/java.lang.reflect.Constructor.newInstance(Constructor.java:490)
	at org.openqa.selenium.remote.http.W3CHttpResponseCodec.createException(W3CHttpResponseCodec.java:187)
	at org.openqa.selenium.remote.http.W3CHttpResponseCodec.decode(W3CHttpResponseCodec.java:122)
	at org.openqa.selenium.remote.http.W3CHttpResponseCodec.decode(W3CHttpResponseCodec.java:49)
	at org.openqa.selenium.remote.HttpCommandExecutor.execute(HttpCommandExecutor.java:158)
	at org.openqa.selenium.remote.service.DriverCommandExecutor.execute(DriverCommandExecutor.java:83)
	at org.openqa.selenium.remote.RemoteWebDriver.execute(RemoteWebDriver.java:552)
	at org.openqa.selenium.remote.RemoteWebDriver.findElement(RemoteWebDriver.java:323)
	at org.openqa.selenium.remote.RemoteWebDriver.findElementByXPath(RemoteWebDriver.java:428)
	at org.openqa.selenium.By$ByXPath.findElement(By.java:353)
	at org.openqa.selenium.remote.RemoteWebDriver.findElement(RemoteWebDriver.java:315)
	at Admin.User_Management.SGL_Ranchi_Admin_Language_109(User_Management.java:3312)
	at java.base/jdk.internal.reflect.NativeMethodAccessorImpl.invoke0(Native Method)
	at java.base/jdk.internal.reflect.NativeMethodAccessorImpl.invoke(NativeMethodAccessorImpl.java:62)
	at java.base/jdk.internal.reflect.DelegatingMethodAccessorImpl.invoke(DelegatingMethodAccessorImpl.java:43)
	at java.base/java.lang.reflect.Method.invoke(Method.java:566)
	at org.testng.internal.MethodInvocationHelper.invokeMethod(MethodInvocationHelper.java:80)
	at org.testng.internal.Invoker.invokeMethod(Invoker.java:714)
	at org.testng.internal.Invoker.invokeTestMethod(Invoker.java:901)
	at org.testng.internal.Invoker.invokeTestMethods(Invoker.java:1231)
	at org.testng.internal.TestMethodWorker.invokeTestMethods(TestMethodWorker.java:127)
	at org.testng.internal.TestMethodWorker.run(TestMethodWorker.java:111)
	at org.testng.TestRunner.privateRun(TestRunner.java:767)
	at org.testng.TestRunner.run(TestRunner.java:617)
	at org.testng.SuiteRunner.runTest(SuiteRunner.java:334)
	at org.testng.SuiteRunner.runSequentially(SuiteRunner.java:329)
	at org.testng.SuiteRunner.privateRun(SuiteRunner.java:291)
	at org.testng.SuiteRunner.run(SuiteRunner.java:240)
	at org.testng.SuiteRunnerWorker.runSuite(SuiteRunnerWorker.java:52)
	at org.testng.SuiteRunnerWorker.run(SuiteRunnerWorker.java:86)
	at org.testng.TestNG.runSuitesSequentially(TestNG.java:1198)
	at org.testng.TestNG.runSuitesLocally(TestNG.java:1123)
	at org.testng.TestNG.run(TestNG.java:1031)
	at org.testng.remote.AbstractRemoteTestNG.run(AbstractRemoteTestNG.java:115)
	at org.testng.remote.RemoteTestNG.initAndRun(RemoteTestNG.java:251)
	at org.testng.remote.RemoteTestNG.main(RemoteTestNG.java:77)
</pre></div></td>
<td>11</td>
<td>Admin.User_Management@d278d2b</td></tr>
<tr>
<td title='Admin.User_Management.SGL_Ranchi_Admin_Language_123()'><b>SGL_Ranchi_Admin_Language_123</b><br>Test class: Admin.User_Management<br>Test method: To verify that user is able to perform "Event Logs" functionality.</td>
<td><div><pre>java.lang.AssertionError: null
	at Admin.User_Management.SGL_Ranchi_Admin_Language_123(User_Management.java:3777)
... Removed 27 stack frames</pre></div><a href='#' onClick='toggleBox("stack-trace641227458", this, "Click to show all stack frames", "Click to hide stack frames")'>Click to show all stack frames</a>
<div class='stack-trace' id='stack-trace641227458'><pre>java.lang.AssertionError: null
	at org.testng.Assert.fail(Assert.java:94)
	at org.testng.Assert.assertNotEquals(Assert.java:758)
	at org.testng.Assert.assertNotEquals(Assert.java:763)
	at Admin.User_Management.SGL_Ranchi_Admin_Language_123(User_Management.java:3777)
	at java.base/jdk.internal.reflect.NativeMethodAccessorImpl.invoke0(Native Method)
	at java.base/jdk.internal.reflect.NativeMethodAccessorImpl.invoke(NativeMethodAccessorImpl.java:62)
	at java.base/jdk.internal.reflect.DelegatingMethodAccessorImpl.invoke(DelegatingMethodAccessorImpl.java:43)
	at java.base/java.lang.reflect.Method.invoke(Method.java:566)
	at org.testng.internal.MethodInvocationHelper.invokeMethod(MethodInvocationHelper.java:80)
	at org.testng.internal.Invoker.invokeMethod(Invoker.java:714)
	at org.testng.internal.Invoker.invokeTestMethod(Invoker.java:901)
	at org.testng.internal.Invoker.invokeTestMethods(Invoker.java:1231)
	at org.testng.internal.TestMethodWorker.invokeTestMethods(TestMethodWorker.java:127)
	at org.testng.internal.TestMethodWorker.run(TestMethodWorker.java:111)
	at org.testng.TestRunner.privateRun(TestRunner.java:767)
	at org.testng.TestRunner.run(TestRunner.java:617)
	at org.testng.SuiteRunner.runTest(SuiteRunner.java:334)
	at org.testng.SuiteRunner.runSequentially(SuiteRunner.java:329)
	at org.testng.SuiteRunner.privateRun(SuiteRunner.java:291)
	at org.testng.SuiteRunner.run(SuiteRunner.java:240)
	at org.testng.SuiteRunnerWorker.runSuite(SuiteRunnerWorker.java:52)
	at org.testng.SuiteRunnerWorker.run(SuiteRunnerWorker.java:86)
	at org.testng.TestNG.runSuitesSequentially(TestNG.java:1198)
	at org.testng.TestNG.runSuitesLocally(TestNG.java:1123)
	at org.testng.TestNG.run(TestNG.java:1031)
	at org.testng.remote.AbstractRemoteTestNG.run(AbstractRemoteTestNG.java:115)
	at org.testng.remote.RemoteTestNG.initAndRun(RemoteTestNG.java:251)
	at org.testng.remote.RemoteTestNG.main(RemoteTestNG.java:77)
</pre></div></td>
<td>26</td>
<td>Admin.User_Management@d278d2b</td></tr>
<tr>
<td title='Admin.User_Management.SGL_Ranchi_Admin_Language_128()'><b>SGL_Ranchi_Admin_Language_128</b><br>Test class: Admin.User_Management<br>Test method: To verify that user is able to select number of records show on logs data grid.</td>
<td><div><pre>org.openqa.selenium.NoSuchElementException: no such element: Unable to locate element: {&quot;method&quot;:&quot;xpath&quot;,&quot;selector&quot;:&quot;//tr/td[5]/input&quot;}
  (Session info: chrome=99.0.4844.84)
For documentation on this error, please visit: https://www.seleniumhq.org/exceptions/no_such_element.html
Build info: version: &apos;3.141.59&apos;, revision: &apos;e82be7d358&apos;, time: &apos;2018-11-14T08:17:03&apos;
System info: host: &apos;QUASPC1210&apos;, ip: &apos;192.168.1.210&apos;, os.name: &apos;Windows 10&apos;, os.arch: &apos;amd64&apos;, os.version: &apos;10.0&apos;, java.version: &apos;11.0.12&apos;
Driver info: org.openqa.selenium.chrome.ChromeDriver
Capabilities {acceptInsecureCerts: false, browserName: chrome, browserVersion: 99.0.4844.84, chrome: {chromedriverVersion: 99.0.4844.51 (d537ec02474b5..., userDataDir: C:\Users\meet.g\AppData\Loc...}, goog:chromeOptions: {debuggerAddress: localhost:55758}, javascriptEnabled: true, networkConnectionEnabled: false, pageLoadStrategy: normal, platform: WINDOWS, platformName: WINDOWS, proxy: Proxy(), setWindowRect: true, strictFileInteractability: false, timeouts: {implicit: 0, pageLoad: 300000, script: 30000}, unhandledPromptBehavior: dismiss and notify, webauthn:extension:credBlob: true, webauthn:extension:largeBlob: true, webauthn:virtualAuthenticators: true}
Session ID: d7423074626626bfe1003fb1734be368
*** Element info: {Using=xpath, value=//tr/td[5]/input}
	at org.openqa.selenium.remote.http.W3CHttpResponseCodec.createException(W3CHttpResponseCodec.java:187)
	at org.openqa.selenium.remote.http.W3CHttpResponseCodec.decode(W3CHttpResponseCodec.java:122)
	at org.openqa.selenium.remote.http.W3CHttpResponseCodec.decode(W3CHttpResponseCodec.java:49)
	at org.openqa.selenium.remote.HttpCommandExecutor.execute(HttpCommandExecutor.java:158)
	at org.openqa.selenium.remote.service.DriverCommandExecutor.execute(DriverCommandExecutor.java:83)
	at org.openqa.selenium.remote.RemoteWebDriver.execute(RemoteWebDriver.java:552)
	at org.openqa.selenium.remote.RemoteWebDriver.findElement(RemoteWebDriver.java:323)
	at org.openqa.selenium.remote.RemoteWebDriver.findElementByXPath(RemoteWebDriver.java:428)
	at org.openqa.selenium.By$ByXPath.findElement(By.java:353)
	at org.openqa.selenium.remote.RemoteWebDriver.findElement(RemoteWebDriver.java:315)
	at Admin.User_Management.SGL_Ranchi_Admin_Language_128(User_Management.java:3867)
... Removed 28 stack frames</pre></div><a href='#' onClick='toggleBox("stack-trace2131647091", this, "Click to show all stack frames", "Click to hide stack frames")'>Click to show all stack frames</a>
<div class='stack-trace' id='stack-trace2131647091'><pre>org.openqa.selenium.NoSuchElementException: no such element: Unable to locate element: {&quot;method&quot;:&quot;xpath&quot;,&quot;selector&quot;:&quot;//tr/td[5]/input&quot;}
  (Session info: chrome=99.0.4844.84)
For documentation on this error, please visit: https://www.seleniumhq.org/exceptions/no_such_element.html
Build info: version: &apos;3.141.59&apos;, revision: &apos;e82be7d358&apos;, time: &apos;2018-11-14T08:17:03&apos;
System info: host: &apos;QUASPC1210&apos;, ip: &apos;192.168.1.210&apos;, os.name: &apos;Windows 10&apos;, os.arch: &apos;amd64&apos;, os.version: &apos;10.0&apos;, java.version: &apos;11.0.12&apos;
Driver info: org.openqa.selenium.chrome.ChromeDriver
Capabilities {acceptInsecureCerts: false, browserName: chrome, browserVersion: 99.0.4844.84, chrome: {chromedriverVersion: 99.0.4844.51 (d537ec02474b5..., userDataDir: C:\Users\meet.g\AppData\Loc...}, goog:chromeOptions: {debuggerAddress: localhost:55758}, javascriptEnabled: true, networkConnectionEnabled: false, pageLoadStrategy: normal, platform: WINDOWS, platformName: WINDOWS, proxy: Proxy(), setWindowRect: true, strictFileInteractability: false, timeouts: {implicit: 0, pageLoad: 300000, script: 30000}, unhandledPromptBehavior: dismiss and notify, webauthn:extension:credBlob: true, webauthn:extension:largeBlob: true, webauthn:virtualAuthenticators: true}
Session ID: d7423074626626bfe1003fb1734be368
*** Element info: {Using=xpath, value=//tr/td[5]/input}
	at java.base/jdk.internal.reflect.NativeConstructorAccessorImpl.newInstance0(Native Method)
	at java.base/jdk.internal.reflect.NativeConstructorAccessorImpl.newInstance(NativeConstructorAccessorImpl.java:62)
	at java.base/jdk.internal.reflect.DelegatingConstructorAccessorImpl.newInstance(DelegatingConstructorAccessorImpl.java:45)
	at java.base/java.lang.reflect.Constructor.newInstance(Constructor.java:490)
	at org.openqa.selenium.remote.http.W3CHttpResponseCodec.createException(W3CHttpResponseCodec.java:187)
	at org.openqa.selenium.remote.http.W3CHttpResponseCodec.decode(W3CHttpResponseCodec.java:122)
	at org.openqa.selenium.remote.http.W3CHttpResponseCodec.decode(W3CHttpResponseCodec.java:49)
	at org.openqa.selenium.remote.HttpCommandExecutor.execute(HttpCommandExecutor.java:158)
	at org.openqa.selenium.remote.service.DriverCommandExecutor.execute(DriverCommandExecutor.java:83)
	at org.openqa.selenium.remote.RemoteWebDriver.execute(RemoteWebDriver.java:552)
	at org.openqa.selenium.remote.RemoteWebDriver.findElement(RemoteWebDriver.java:323)
	at org.openqa.selenium.remote.RemoteWebDriver.findElementByXPath(RemoteWebDriver.java:428)
	at org.openqa.selenium.By$ByXPath.findElement(By.java:353)
	at org.openqa.selenium.remote.RemoteWebDriver.findElement(RemoteWebDriver.java:315)
	at Admin.User_Management.SGL_Ranchi_Admin_Language_128(User_Management.java:3867)
	at java.base/jdk.internal.reflect.NativeMethodAccessorImpl.invoke0(Native Method)
	at java.base/jdk.internal.reflect.NativeMethodAccessorImpl.invoke(NativeMethodAccessorImpl.java:62)
	at java.base/jdk.internal.reflect.DelegatingMethodAccessorImpl.invoke(DelegatingMethodAccessorImpl.java:43)
	at java.base/java.lang.reflect.Method.invoke(Method.java:566)
	at org.testng.internal.MethodInvocationHelper.invokeMethod(MethodInvocationHelper.java:80)
	at org.testng.internal.Invoker.invokeMethod(Invoker.java:714)
	at org.testng.internal.Invoker.invokeTestMethod(Invoker.java:901)
	at org.testng.internal.Invoker.invokeTestMethods(Invoker.java:1231)
	at org.testng.internal.TestMethodWorker.invokeTestMethods(TestMethodWorker.java:127)
	at org.testng.internal.TestMethodWorker.run(TestMethodWorker.java:111)
	at org.testng.TestRunner.privateRun(TestRunner.java:767)
	at org.testng.TestRunner.run(TestRunner.java:617)
	at org.testng.SuiteRunner.runTest(SuiteRunner.java:334)
	at org.testng.SuiteRunner.runSequentially(SuiteRunner.java:329)
	at org.testng.SuiteRunner.privateRun(SuiteRunner.java:291)
	at org.testng.SuiteRunner.run(SuiteRunner.java:240)
	at org.testng.SuiteRunnerWorker.runSuite(SuiteRunnerWorker.java:52)
	at org.testng.SuiteRunnerWorker.run(SuiteRunnerWorker.java:86)
	at org.testng.TestNG.runSuitesSequentially(TestNG.java:1198)
	at org.testng.TestNG.runSuitesLocally(TestNG.java:1123)
	at org.testng.TestNG.run(TestNG.java:1031)
	at org.testng.remote.AbstractRemoteTestNG.run(AbstractRemoteTestNG.java:115)
	at org.testng.remote.RemoteTestNG.initAndRun(RemoteTestNG.java:251)
	at org.testng.remote.RemoteTestNG.main(RemoteTestNG.java:77)
</pre></div></td>
<td>9</td>
<td>Admin.User_Management@d278d2b</td></tr>
<tr>
<td title='Admin.User_Management.SGL_Ranchi_Admin_Language_26()'><b>SGL_Ranchi_Admin_Language_26</b><br>Test class: Admin.User_Management<br>Test method: To verify that user is not able to add user with In-valid Email-id.</td>
<td><div><pre>org.openqa.selenium.NoSuchElementException: no such element: Unable to locate element: {&quot;method&quot;:&quot;xpath&quot;,&quot;selector&quot;:&quot;//span[text()=&quot;Please enter valid email address&quot;]&quot;}
  (Session info: chrome=99.0.4844.84)
For documentation on this error, please visit: https://www.seleniumhq.org/exceptions/no_such_element.html
Build info: version: &apos;3.141.59&apos;, revision: &apos;e82be7d358&apos;, time: &apos;2018-11-14T08:17:03&apos;
System info: host: &apos;QUASPC1210&apos;, ip: &apos;192.168.1.210&apos;, os.name: &apos;Windows 10&apos;, os.arch: &apos;amd64&apos;, os.version: &apos;10.0&apos;, java.version: &apos;11.0.12&apos;
Driver info: org.openqa.selenium.chrome.ChromeDriver
Capabilities {acceptInsecureCerts: false, browserName: chrome, browserVersion: 99.0.4844.84, chrome: {chromedriverVersion: 99.0.4844.51 (d537ec02474b5..., userDataDir: C:\Users\meet.g\AppData\Loc...}, goog:chromeOptions: {debuggerAddress: localhost:51310}, javascriptEnabled: true, networkConnectionEnabled: false, pageLoadStrategy: normal, platform: WINDOWS, platformName: WINDOWS, proxy: Proxy(), setWindowRect: true, strictFileInteractability: false, timeouts: {implicit: 0, pageLoad: 300000, script: 30000}, unhandledPromptBehavior: dismiss and notify, webauthn:extension:credBlob: true, webauthn:extension:largeBlob: true, webauthn:virtualAuthenticators: true}
Session ID: ffd1d179e5514e2e87471a203083aaab
*** Element info: {Using=xpath, value=//span[text()=&quot;Please enter valid email address&quot;]}
	at org.openqa.selenium.remote.http.W3CHttpResponseCodec.createException(W3CHttpResponseCodec.java:187)
	at org.openqa.selenium.remote.http.W3CHttpResponseCodec.decode(W3CHttpResponseCodec.java:122)
	at org.openqa.selenium.remote.http.W3CHttpResponseCodec.decode(W3CHttpResponseCodec.java:49)
	at org.openqa.selenium.remote.HttpCommandExecutor.execute(HttpCommandExecutor.java:158)
	at org.openqa.selenium.remote.service.DriverCommandExecutor.execute(DriverCommandExecutor.java:83)
	at org.openqa.selenium.remote.RemoteWebDriver.execute(RemoteWebDriver.java:552)
	at org.openqa.selenium.remote.RemoteWebDriver.findElement(RemoteWebDriver.java:323)
	at org.openqa.selenium.remote.RemoteWebDriver.findElementByXPath(RemoteWebDriver.java:428)
	at org.openqa.selenium.By$ByXPath.findElement(By.java:353)
	at org.openqa.selenium.remote.RemoteWebDriver.findElement(RemoteWebDriver.java:315)
	at Admin.User_Management.SGL_Ranchi_Admin_Language_26(User_Management.java:989)
... Removed 28 stack frames</pre></div><a href='#' onClick='toggleBox("stack-trace1136085369", this, "Click to show all stack frames", "Click to hide stack frames")'>Click to show all stack frames</a>
<div class='stack-trace' id='stack-trace1136085369'><pre>org.openqa.selenium.NoSuchElementException: no such element: Unable to locate element: {&quot;method&quot;:&quot;xpath&quot;,&quot;selector&quot;:&quot;//span[text()=&quot;Please enter valid email address&quot;]&quot;}
  (Session info: chrome=99.0.4844.84)
For documentation on this error, please visit: https://www.seleniumhq.org/exceptions/no_such_element.html
Build info: version: &apos;3.141.59&apos;, revision: &apos;e82be7d358&apos;, time: &apos;2018-11-14T08:17:03&apos;
System info: host: &apos;QUASPC1210&apos;, ip: &apos;192.168.1.210&apos;, os.name: &apos;Windows 10&apos;, os.arch: &apos;amd64&apos;, os.version: &apos;10.0&apos;, java.version: &apos;11.0.12&apos;
Driver info: org.openqa.selenium.chrome.ChromeDriver
Capabilities {acceptInsecureCerts: false, browserName: chrome, browserVersion: 99.0.4844.84, chrome: {chromedriverVersion: 99.0.4844.51 (d537ec02474b5..., userDataDir: C:\Users\meet.g\AppData\Loc...}, goog:chromeOptions: {debuggerAddress: localhost:51310}, javascriptEnabled: true, networkConnectionEnabled: false, pageLoadStrategy: normal, platform: WINDOWS, platformName: WINDOWS, proxy: Proxy(), setWindowRect: true, strictFileInteractability: false, timeouts: {implicit: 0, pageLoad: 300000, script: 30000}, unhandledPromptBehavior: dismiss and notify, webauthn:extension:credBlob: true, webauthn:extension:largeBlob: true, webauthn:virtualAuthenticators: true}
Session ID: ffd1d179e5514e2e87471a203083aaab
*** Element info: {Using=xpath, value=//span[text()=&quot;Please enter valid email address&quot;]}
	at java.base/jdk.internal.reflect.NativeConstructorAccessorImpl.newInstance0(Native Method)
	at java.base/jdk.internal.reflect.NativeConstructorAccessorImpl.newInstance(NativeConstructorAccessorImpl.java:62)
	at java.base/jdk.internal.reflect.DelegatingConstructorAccessorImpl.newInstance(DelegatingConstructorAccessorImpl.java:45)
	at java.base/java.lang.reflect.Constructor.newInstance(Constructor.java:490)
	at org.openqa.selenium.remote.http.W3CHttpResponseCodec.createException(W3CHttpResponseCodec.java:187)
	at org.openqa.selenium.remote.http.W3CHttpResponseCodec.decode(W3CHttpResponseCodec.java:122)
	at org.openqa.selenium.remote.http.W3CHttpResponseCodec.decode(W3CHttpResponseCodec.java:49)
	at org.openqa.selenium.remote.HttpCommandExecutor.execute(HttpCommandExecutor.java:158)
	at org.openqa.selenium.remote.service.DriverCommandExecutor.execute(DriverCommandExecutor.java:83)
	at org.openqa.selenium.remote.RemoteWebDriver.execute(RemoteWebDriver.java:552)
	at org.openqa.selenium.remote.RemoteWebDriver.findElement(RemoteWebDriver.java:323)
	at org.openqa.selenium.remote.RemoteWebDriver.findElementByXPath(RemoteWebDriver.java:428)
	at org.openqa.selenium.By$ByXPath.findElement(By.java:353)
	at org.openqa.selenium.remote.RemoteWebDriver.findElement(RemoteWebDriver.java:315)
	at Admin.User_Management.SGL_Ranchi_Admin_Language_26(User_Management.java:989)
	at java.base/jdk.internal.reflect.NativeMethodAccessorImpl.invoke0(Native Method)
	at java.base/jdk.internal.reflect.NativeMethodAccessorImpl.invoke(NativeMethodAccessorImpl.java:62)
	at java.base/jdk.internal.reflect.DelegatingMethodAccessorImpl.invoke(DelegatingMethodAccessorImpl.java:43)
	at java.base/java.lang.reflect.Method.invoke(Method.java:566)
	at org.testng.internal.MethodInvocationHelper.invokeMethod(MethodInvocationHelper.java:80)
	at org.testng.internal.Invoker.invokeMethod(Invoker.java:714)
	at org.testng.internal.Invoker.invokeTestMethod(Invoker.java:901)
	at org.testng.internal.Invoker.invokeTestMethods(Invoker.java:1231)
	at org.testng.internal.TestMethodWorker.invokeTestMethods(TestMethodWorker.java:127)
	at org.testng.internal.TestMethodWorker.run(TestMethodWorker.java:111)
	at org.testng.TestRunner.privateRun(TestRunner.java:767)
	at org.testng.TestRunner.run(TestRunner.java:617)
	at org.testng.SuiteRunner.runTest(SuiteRunner.java:334)
	at org.testng.SuiteRunner.runSequentially(SuiteRunner.java:329)
	at org.testng.SuiteRunner.privateRun(SuiteRunner.java:291)
	at org.testng.SuiteRunner.run(SuiteRunner.java:240)
	at org.testng.SuiteRunnerWorker.runSuite(SuiteRunnerWorker.java:52)
	at org.testng.SuiteRunnerWorker.run(SuiteRunnerWorker.java:86)
	at org.testng.TestNG.runSuitesSequentially(TestNG.java:1198)
	at org.testng.TestNG.runSuitesLocally(TestNG.java:1123)
	at org.testng.TestNG.run(TestNG.java:1031)
	at org.testng.remote.AbstractRemoteTestNG.run(AbstractRemoteTestNG.java:115)
	at org.testng.remote.RemoteTestNG.initAndRun(RemoteTestNG.java:251)
	at org.testng.remote.RemoteTestNG.main(RemoteTestNG.java:77)
</pre></div></td>
<td>27</td>
<td>Admin.User_Management@d278d2b</td></tr>
<tr>
<td title='Admin.User_Management.SGL_Ranchi_Admin_Language_29()'><b>SGL_Ranchi_Admin_Language_29</b><br>Test class: Admin.User_Management<br>Test method: To verify that user is able to perform  "Add Role" functionality.</td>
<td><div><pre>org.openqa.selenium.NoSuchElementException: no such element: Unable to locate element: {&quot;method&quot;:&quot;xpath&quot;,&quot;selector&quot;:&quot;//p[text()=&quot;Role inserted successfully.&quot;]&quot;}
  (Session info: chrome=99.0.4844.84)
For documentation on this error, please visit: https://www.seleniumhq.org/exceptions/no_such_element.html
Build info: version: &apos;3.141.59&apos;, revision: &apos;e82be7d358&apos;, time: &apos;2018-11-14T08:17:03&apos;
System info: host: &apos;QUASPC1210&apos;, ip: &apos;192.168.1.210&apos;, os.name: &apos;Windows 10&apos;, os.arch: &apos;amd64&apos;, os.version: &apos;10.0&apos;, java.version: &apos;11.0.12&apos;
Driver info: org.openqa.selenium.chrome.ChromeDriver
Capabilities {acceptInsecureCerts: false, browserName: chrome, browserVersion: 99.0.4844.84, chrome: {chromedriverVersion: 99.0.4844.51 (d537ec02474b5..., userDataDir: C:\Users\meet.g\AppData\Loc...}, goog:chromeOptions: {debuggerAddress: localhost:51432}, javascriptEnabled: true, networkConnectionEnabled: false, pageLoadStrategy: normal, platform: WINDOWS, platformName: WINDOWS, proxy: Proxy(), setWindowRect: true, strictFileInteractability: false, timeouts: {implicit: 0, pageLoad: 300000, script: 30000}, unhandledPromptBehavior: dismiss and notify, webauthn:extension:credBlob: true, webauthn:extension:largeBlob: true, webauthn:virtualAuthenticators: true}
Session ID: 5d5df7b741128cafe2ca2f9d7e14bf4e
*** Element info: {Using=xpath, value=//p[text()=&quot;Role inserted successfully.&quot;]}
	at org.openqa.selenium.remote.http.W3CHttpResponseCodec.createException(W3CHttpResponseCodec.java:187)
	at org.openqa.selenium.remote.http.W3CHttpResponseCodec.decode(W3CHttpResponseCodec.java:122)
	at org.openqa.selenium.remote.http.W3CHttpResponseCodec.decode(W3CHttpResponseCodec.java:49)
	at org.openqa.selenium.remote.HttpCommandExecutor.execute(HttpCommandExecutor.java:158)
	at org.openqa.selenium.remote.service.DriverCommandExecutor.execute(DriverCommandExecutor.java:83)
	at org.openqa.selenium.remote.RemoteWebDriver.execute(RemoteWebDriver.java:552)
	at org.openqa.selenium.remote.RemoteWebDriver.findElement(RemoteWebDriver.java:323)
	at org.openqa.selenium.remote.RemoteWebDriver.findElementByXPath(RemoteWebDriver.java:428)
	at org.openqa.selenium.By$ByXPath.findElement(By.java:353)
	at org.openqa.selenium.remote.RemoteWebDriver.findElement(RemoteWebDriver.java:315)
	at Admin.User_Management.SGL_Ranchi_Admin_Language_29(User_Management.java:1058)
... Removed 28 stack frames</pre></div><a href='#' onClick='toggleBox("stack-trace39898352", this, "Click to show all stack frames", "Click to hide stack frames")'>Click to show all stack frames</a>
<div class='stack-trace' id='stack-trace39898352'><pre>org.openqa.selenium.NoSuchElementException: no such element: Unable to locate element: {&quot;method&quot;:&quot;xpath&quot;,&quot;selector&quot;:&quot;//p[text()=&quot;Role inserted successfully.&quot;]&quot;}
  (Session info: chrome=99.0.4844.84)
For documentation on this error, please visit: https://www.seleniumhq.org/exceptions/no_such_element.html
Build info: version: &apos;3.141.59&apos;, revision: &apos;e82be7d358&apos;, time: &apos;2018-11-14T08:17:03&apos;
System info: host: &apos;QUASPC1210&apos;, ip: &apos;192.168.1.210&apos;, os.name: &apos;Windows 10&apos;, os.arch: &apos;amd64&apos;, os.version: &apos;10.0&apos;, java.version: &apos;11.0.12&apos;
Driver info: org.openqa.selenium.chrome.ChromeDriver
Capabilities {acceptInsecureCerts: false, browserName: chrome, browserVersion: 99.0.4844.84, chrome: {chromedriverVersion: 99.0.4844.51 (d537ec02474b5..., userDataDir: C:\Users\meet.g\AppData\Loc...}, goog:chromeOptions: {debuggerAddress: localhost:51432}, javascriptEnabled: true, networkConnectionEnabled: false, pageLoadStrategy: normal, platform: WINDOWS, platformName: WINDOWS, proxy: Proxy(), setWindowRect: true, strictFileInteractability: false, timeouts: {implicit: 0, pageLoad: 300000, script: 30000}, unhandledPromptBehavior: dismiss and notify, webauthn:extension:credBlob: true, webauthn:extension:largeBlob: true, webauthn:virtualAuthenticators: true}
Session ID: 5d5df7b741128cafe2ca2f9d7e14bf4e
*** Element info: {Using=xpath, value=//p[text()=&quot;Role inserted successfully.&quot;]}
	at java.base/jdk.internal.reflect.NativeConstructorAccessorImpl.newInstance0(Native Method)
	at java.base/jdk.internal.reflect.NativeConstructorAccessorImpl.newInstance(NativeConstructorAccessorImpl.java:62)
	at java.base/jdk.internal.reflect.DelegatingConstructorAccessorImpl.newInstance(DelegatingConstructorAccessorImpl.java:45)
	at java.base/java.lang.reflect.Constructor.newInstance(Constructor.java:490)
	at org.openqa.selenium.remote.http.W3CHttpResponseCodec.createException(W3CHttpResponseCodec.java:187)
	at org.openqa.selenium.remote.http.W3CHttpResponseCodec.decode(W3CHttpResponseCodec.java:122)
	at org.openqa.selenium.remote.http.W3CHttpResponseCodec.decode(W3CHttpResponseCodec.java:49)
	at org.openqa.selenium.remote.HttpCommandExecutor.execute(HttpCommandExecutor.java:158)
	at org.openqa.selenium.remote.service.DriverCommandExecutor.execute(DriverCommandExecutor.java:83)
	at org.openqa.selenium.remote.RemoteWebDriver.execute(RemoteWebDriver.java:552)
	at org.openqa.selenium.remote.RemoteWebDriver.findElement(RemoteWebDriver.java:323)
	at org.openqa.selenium.remote.RemoteWebDriver.findElementByXPath(RemoteWebDriver.java:428)
	at org.openqa.selenium.By$ByXPath.findElement(By.java:353)
	at org.openqa.selenium.remote.RemoteWebDriver.findElement(RemoteWebDriver.java:315)
	at Admin.User_Management.SGL_Ranchi_Admin_Language_29(User_Management.java:1058)
	at java.base/jdk.internal.reflect.NativeMethodAccessorImpl.invoke0(Native Method)
	at java.base/jdk.internal.reflect.NativeMethodAccessorImpl.invoke(NativeMethodAccessorImpl.java:62)
	at java.base/jdk.internal.reflect.DelegatingMethodAccessorImpl.invoke(DelegatingMethodAccessorImpl.java:43)
	at java.base/java.lang.reflect.Method.invoke(Method.java:566)
	at org.testng.internal.MethodInvocationHelper.invokeMethod(MethodInvocationHelper.java:80)
	at org.testng.internal.Invoker.invokeMethod(Invoker.java:714)
	at org.testng.internal.Invoker.invokeTestMethod(Invoker.java:901)
	at org.testng.internal.Invoker.invokeTestMethods(Invoker.java:1231)
	at org.testng.internal.TestMethodWorker.invokeTestMethods(TestMethodWorker.java:127)
	at org.testng.internal.TestMethodWorker.run(TestMethodWorker.java:111)
	at org.testng.TestRunner.privateRun(TestRunner.java:767)
	at org.testng.TestRunner.run(TestRunner.java:617)
	at org.testng.SuiteRunner.runTest(SuiteRunner.java:334)
	at org.testng.SuiteRunner.runSequentially(SuiteRunner.java:329)
	at org.testng.SuiteRunner.privateRun(SuiteRunner.java:291)
	at org.testng.SuiteRunner.run(SuiteRunner.java:240)
	at org.testng.SuiteRunnerWorker.runSuite(SuiteRunnerWorker.java:52)
	at org.testng.SuiteRunnerWorker.run(SuiteRunnerWorker.java:86)
	at org.testng.TestNG.runSuitesSequentially(TestNG.java:1198)
	at org.testng.TestNG.runSuitesLocally(TestNG.java:1123)
	at org.testng.TestNG.run(TestNG.java:1031)
	at org.testng.remote.AbstractRemoteTestNG.run(AbstractRemoteTestNG.java:115)
	at org.testng.remote.RemoteTestNG.initAndRun(RemoteTestNG.java:251)
	at org.testng.remote.RemoteTestNG.main(RemoteTestNG.java:77)
</pre></div></td>
<td>11</td>
<td>Admin.User_Management@d278d2b</td></tr>
<tr>
<td title='Admin.User_Management.SGL_Ranchi_Admin_Language_35()'><b>SGL_Ranchi_Admin_Language_35</b><br>Test class: Admin.User_Management<br>Test method: To verify that user is able to perform "Search" functionality.</td>
<td><div><pre>java.lang.AssertionError: expected [Department User Role] but found [Testing]
	at Admin.User_Management.SGL_Ranchi_Admin_Language_35(User_Management.java:1213)
... Removed 29 stack frames</pre></div><a href='#' onClick='toggleBox("stack-trace269307928", this, "Click to show all stack frames", "Click to hide stack frames")'>Click to show all stack frames</a>
<div class='stack-trace' id='stack-trace269307928'><pre>java.lang.AssertionError: expected [Department User Role] but found [Testing]
	at org.testng.Assert.fail(Assert.java:94)
	at org.testng.Assert.failNotEquals(Assert.java:494)
	at org.testng.Assert.assertEquals(Assert.java:123)
	at org.testng.Assert.assertEquals(Assert.java:176)
	at org.testng.Assert.assertEquals(Assert.java:186)
	at Admin.User_Management.SGL_Ranchi_Admin_Language_35(User_Management.java:1213)
	at java.base/jdk.internal.reflect.NativeMethodAccessorImpl.invoke0(Native Method)
	at java.base/jdk.internal.reflect.NativeMethodAccessorImpl.invoke(NativeMethodAccessorImpl.java:62)
	at java.base/jdk.internal.reflect.DelegatingMethodAccessorImpl.invoke(DelegatingMethodAccessorImpl.java:43)
	at java.base/java.lang.reflect.Method.invoke(Method.java:566)
	at org.testng.internal.MethodInvocationHelper.invokeMethod(MethodInvocationHelper.java:80)
	at org.testng.internal.Invoker.invokeMethod(Invoker.java:714)
	at org.testng.internal.Invoker.invokeTestMethod(Invoker.java:901)
	at org.testng.internal.Invoker.invokeTestMethods(Invoker.java:1231)
	at org.testng.internal.TestMethodWorker.invokeTestMethods(TestMethodWorker.java:127)
	at org.testng.internal.TestMethodWorker.run(TestMethodWorker.java:111)
	at org.testng.TestRunner.privateRun(TestRunner.java:767)
	at org.testng.TestRunner.run(TestRunner.java:617)
	at org.testng.SuiteRunner.runTest(SuiteRunner.java:334)
	at org.testng.SuiteRunner.runSequentially(SuiteRunner.java:329)
	at org.testng.SuiteRunner.privateRun(SuiteRunner.java:291)
	at org.testng.SuiteRunner.run(SuiteRunner.java:240)
	at org.testng.SuiteRunnerWorker.runSuite(SuiteRunnerWorker.java:52)
	at org.testng.SuiteRunnerWorker.run(SuiteRunnerWorker.java:86)
	at org.testng.TestNG.runSuitesSequentially(TestNG.java:1198)
	at org.testng.TestNG.runSuitesLocally(TestNG.java:1123)
	at org.testng.TestNG.run(TestNG.java:1031)
	at org.testng.remote.AbstractRemoteTestNG.run(AbstractRemoteTestNG.java:115)
	at org.testng.remote.RemoteTestNG.initAndRun(RemoteTestNG.java:251)
	at org.testng.remote.RemoteTestNG.main(RemoteTestNG.java:77)
</pre></div></td>
<td>6</td>
<td>Admin.User_Management@d278d2b</td></tr>
<tr>
<td title='Admin.User_Management.SGL_Ranchi_Admin_Language_41()'><b>SGL_Ranchi_Admin_Language_41</b><br>Test class: Admin.User_Management<br>Test method: To verify that user is able to check "Number of Entries" are available in role data grid.</td>
<td><div><pre>org.openqa.selenium.NoSuchElementException: no such element: Unable to locate element: {&quot;method&quot;:&quot;xpath&quot;,&quot;selector&quot;:&quot;//div[@id=&quot;tbluser_info&quot;]&quot;}
  (Session info: chrome=99.0.4844.84)
For documentation on this error, please visit: https://www.seleniumhq.org/exceptions/no_such_element.html
Build info: version: &apos;3.141.59&apos;, revision: &apos;e82be7d358&apos;, time: &apos;2018-11-14T08:17:03&apos;
System info: host: &apos;QUASPC1210&apos;, ip: &apos;192.168.1.210&apos;, os.name: &apos;Windows 10&apos;, os.arch: &apos;amd64&apos;, os.version: &apos;10.0&apos;, java.version: &apos;11.0.12&apos;
Driver info: org.openqa.selenium.chrome.ChromeDriver
Capabilities {acceptInsecureCerts: false, browserName: chrome, browserVersion: 99.0.4844.84, chrome: {chromedriverVersion: 99.0.4844.51 (d537ec02474b5..., userDataDir: C:\Users\meet.g\AppData\Loc...}, goog:chromeOptions: {debuggerAddress: localhost:51951}, javascriptEnabled: true, networkConnectionEnabled: false, pageLoadStrategy: normal, platform: WINDOWS, platformName: WINDOWS, proxy: Proxy(), setWindowRect: true, strictFileInteractability: false, timeouts: {implicit: 0, pageLoad: 300000, script: 30000}, unhandledPromptBehavior: dismiss and notify, webauthn:extension:credBlob: true, webauthn:extension:largeBlob: true, webauthn:virtualAuthenticators: true}
Session ID: c8a6f34525d5261027974611ca89c75e
*** Element info: {Using=xpath, value=//div[@id=&quot;tbluser_info&quot;]}
	at org.openqa.selenium.remote.http.W3CHttpResponseCodec.createException(W3CHttpResponseCodec.java:187)
	at org.openqa.selenium.remote.http.W3CHttpResponseCodec.decode(W3CHttpResponseCodec.java:122)
	at org.openqa.selenium.remote.http.W3CHttpResponseCodec.decode(W3CHttpResponseCodec.java:49)
	at org.openqa.selenium.remote.HttpCommandExecutor.execute(HttpCommandExecutor.java:158)
	at org.openqa.selenium.remote.service.DriverCommandExecutor.execute(DriverCommandExecutor.java:83)
	at org.openqa.selenium.remote.RemoteWebDriver.execute(RemoteWebDriver.java:552)
	at org.openqa.selenium.remote.RemoteWebDriver.findElement(RemoteWebDriver.java:323)
	at org.openqa.selenium.remote.RemoteWebDriver.findElementByXPath(RemoteWebDriver.java:428)
	at org.openqa.selenium.By$ByXPath.findElement(By.java:353)
	at org.openqa.selenium.remote.RemoteWebDriver.findElement(RemoteWebDriver.java:315)
	at Admin.User_Management.SGL_Ranchi_Admin_Language_41(User_Management.java:1463)
... Removed 28 stack frames</pre></div><a href='#' onClick='toggleBox("stack-trace1694924176", this, "Click to show all stack frames", "Click to hide stack frames")'>Click to show all stack frames</a>
<div class='stack-trace' id='stack-trace1694924176'><pre>org.openqa.selenium.NoSuchElementException: no such element: Unable to locate element: {&quot;method&quot;:&quot;xpath&quot;,&quot;selector&quot;:&quot;//div[@id=&quot;tbluser_info&quot;]&quot;}
  (Session info: chrome=99.0.4844.84)
For documentation on this error, please visit: https://www.seleniumhq.org/exceptions/no_such_element.html
Build info: version: &apos;3.141.59&apos;, revision: &apos;e82be7d358&apos;, time: &apos;2018-11-14T08:17:03&apos;
System info: host: &apos;QUASPC1210&apos;, ip: &apos;192.168.1.210&apos;, os.name: &apos;Windows 10&apos;, os.arch: &apos;amd64&apos;, os.version: &apos;10.0&apos;, java.version: &apos;11.0.12&apos;
Driver info: org.openqa.selenium.chrome.ChromeDriver
Capabilities {acceptInsecureCerts: false, browserName: chrome, browserVersion: 99.0.4844.84, chrome: {chromedriverVersion: 99.0.4844.51 (d537ec02474b5..., userDataDir: C:\Users\meet.g\AppData\Loc...}, goog:chromeOptions: {debuggerAddress: localhost:51951}, javascriptEnabled: true, networkConnectionEnabled: false, pageLoadStrategy: normal, platform: WINDOWS, platformName: WINDOWS, proxy: Proxy(), setWindowRect: true, strictFileInteractability: false, timeouts: {implicit: 0, pageLoad: 300000, script: 30000}, unhandledPromptBehavior: dismiss and notify, webauthn:extension:credBlob: true, webauthn:extension:largeBlob: true, webauthn:virtualAuthenticators: true}
Session ID: c8a6f34525d5261027974611ca89c75e
*** Element info: {Using=xpath, value=//div[@id=&quot;tbluser_info&quot;]}
	at java.base/jdk.internal.reflect.NativeConstructorAccessorImpl.newInstance0(Native Method)
	at java.base/jdk.internal.reflect.NativeConstructorAccessorImpl.newInstance(NativeConstructorAccessorImpl.java:62)
	at java.base/jdk.internal.reflect.DelegatingConstructorAccessorImpl.newInstance(DelegatingConstructorAccessorImpl.java:45)
	at java.base/java.lang.reflect.Constructor.newInstance(Constructor.java:490)
	at org.openqa.selenium.remote.http.W3CHttpResponseCodec.createException(W3CHttpResponseCodec.java:187)
	at org.openqa.selenium.remote.http.W3CHttpResponseCodec.decode(W3CHttpResponseCodec.java:122)
	at org.openqa.selenium.remote.http.W3CHttpResponseCodec.decode(W3CHttpResponseCodec.java:49)
	at org.openqa.selenium.remote.HttpCommandExecutor.execute(HttpCommandExecutor.java:158)
	at org.openqa.selenium.remote.service.DriverCommandExecutor.execute(DriverCommandExecutor.java:83)
	at org.openqa.selenium.remote.RemoteWebDriver.execute(RemoteWebDriver.java:552)
	at org.openqa.selenium.remote.RemoteWebDriver.findElement(RemoteWebDriver.java:323)
	at org.openqa.selenium.remote.RemoteWebDriver.findElementByXPath(RemoteWebDriver.java:428)
	at org.openqa.selenium.By$ByXPath.findElement(By.java:353)
	at org.openqa.selenium.remote.RemoteWebDriver.findElement(RemoteWebDriver.java:315)
	at Admin.User_Management.SGL_Ranchi_Admin_Language_41(User_Management.java:1463)
	at java.base/jdk.internal.reflect.NativeMethodAccessorImpl.invoke0(Native Method)
	at java.base/jdk.internal.reflect.NativeMethodAccessorImpl.invoke(NativeMethodAccessorImpl.java:62)
	at java.base/jdk.internal.reflect.DelegatingMethodAccessorImpl.invoke(DelegatingMethodAccessorImpl.java:43)
	at java.base/java.lang.reflect.Method.invoke(Method.java:566)
	at org.testng.internal.MethodInvocationHelper.invokeMethod(MethodInvocationHelper.java:80)
	at org.testng.internal.Invoker.invokeMethod(Invoker.java:714)
	at org.testng.internal.Invoker.invokeTestMethod(Invoker.java:901)
	at org.testng.internal.Invoker.invokeTestMethods(Invoker.java:1231)
	at org.testng.internal.TestMethodWorker.invokeTestMethods(TestMethodWorker.java:127)
	at org.testng.internal.TestMethodWorker.run(TestMethodWorker.java:111)
	at org.testng.TestRunner.privateRun(TestRunner.java:767)
	at org.testng.TestRunner.run(TestRunner.java:617)
	at org.testng.SuiteRunner.runTest(SuiteRunner.java:334)
	at org.testng.SuiteRunner.runSequentially(SuiteRunner.java:329)
	at org.testng.SuiteRunner.privateRun(SuiteRunner.java:291)
	at org.testng.SuiteRunner.run(SuiteRunner.java:240)
	at org.testng.SuiteRunnerWorker.runSuite(SuiteRunnerWorker.java:52)
	at org.testng.SuiteRunnerWorker.run(SuiteRunnerWorker.java:86)
	at org.testng.TestNG.runSuitesSequentially(TestNG.java:1198)
	at org.testng.TestNG.runSuitesLocally(TestNG.java:1123)
	at org.testng.TestNG.run(TestNG.java:1031)
	at org.testng.remote.AbstractRemoteTestNG.run(AbstractRemoteTestNG.java:115)
	at org.testng.remote.RemoteTestNG.initAndRun(RemoteTestNG.java:251)
	at org.testng.remote.RemoteTestNG.main(RemoteTestNG.java:77)
</pre></div></td>
<td>11</td>
<td>Admin.User_Management@d278d2b</td></tr>
<tr>
<td title='Admin.User_Management.SGL_Ranchi_Admin_Language_45()'><b>SGL_Ranchi_Admin_Language_45</b><br>Test class: Admin.User_Management<br>Test method: To verify that user is able to perform "Dashboard" functionality from "Edit Role" screen.</td>
<td><div><pre>org.openqa.selenium.ElementClickInterceptedException: element click intercepted: Element &lt;a href=&quot;/Admin/.../Home&quot;&gt;Dashboard&lt;/a&gt; is not clickable at point (1542, 116). Other element would receive the click: &lt;div class=&quot;preloader-it&quot; style=&quot;opacity: 0.0421687;&quot;&gt;...&lt;/div&gt;
  (Session info: chrome=99.0.4844.84)
Build info: version: &apos;3.141.59&apos;, revision: &apos;e82be7d358&apos;, time: &apos;2018-11-14T08:17:03&apos;
System info: host: &apos;QUASPC1210&apos;, ip: &apos;192.168.1.210&apos;, os.name: &apos;Windows 10&apos;, os.arch: &apos;amd64&apos;, os.version: &apos;10.0&apos;, java.version: &apos;11.0.12&apos;
Driver info: org.openqa.selenium.chrome.ChromeDriver
Capabilities {acceptInsecureCerts: false, browserName: chrome, browserVersion: 99.0.4844.84, chrome: {chromedriverVersion: 99.0.4844.51 (d537ec02474b5..., userDataDir: C:\Users\meet.g\AppData\Loc...}, goog:chromeOptions: {debuggerAddress: localhost:52110}, javascriptEnabled: true, networkConnectionEnabled: false, pageLoadStrategy: normal, platform: WINDOWS, platformName: WINDOWS, proxy: Proxy(), setWindowRect: true, strictFileInteractability: false, timeouts: {implicit: 0, pageLoad: 300000, script: 30000}, unhandledPromptBehavior: dismiss and notify, webauthn:extension:credBlob: true, webauthn:extension:largeBlob: true, webauthn:virtualAuthenticators: true}
Session ID: ea8162751aa867ea524e984fb1c92bf6
	at org.openqa.selenium.remote.http.W3CHttpResponseCodec.createException(W3CHttpResponseCodec.java:187)
	at org.openqa.selenium.remote.http.W3CHttpResponseCodec.decode(W3CHttpResponseCodec.java:122)
	at org.openqa.selenium.remote.http.W3CHttpResponseCodec.decode(W3CHttpResponseCodec.java:49)
	at org.openqa.selenium.remote.HttpCommandExecutor.execute(HttpCommandExecutor.java:158)
	at org.openqa.selenium.remote.service.DriverCommandExecutor.execute(DriverCommandExecutor.java:83)
	at org.openqa.selenium.remote.RemoteWebDriver.execute(RemoteWebDriver.java:552)
	at org.openqa.selenium.remote.RemoteWebElement.execute(RemoteWebElement.java:285)
	at org.openqa.selenium.remote.RemoteWebElement.click(RemoteWebElement.java:84)
	at Admin.User_Management.SGL_Ranchi_Admin_Language_45(User_Management.java:1550)
... Removed 28 stack frames</pre></div><a href='#' onClick='toggleBox("stack-trace1588389519", this, "Click to show all stack frames", "Click to hide stack frames")'>Click to show all stack frames</a>
<div class='stack-trace' id='stack-trace1588389519'><pre>org.openqa.selenium.ElementClickInterceptedException: element click intercepted: Element &lt;a href=&quot;/Admin/.../Home&quot;&gt;Dashboard&lt;/a&gt; is not clickable at point (1542, 116). Other element would receive the click: &lt;div class=&quot;preloader-it&quot; style=&quot;opacity: 0.0421687;&quot;&gt;...&lt;/div&gt;
  (Session info: chrome=99.0.4844.84)
Build info: version: &apos;3.141.59&apos;, revision: &apos;e82be7d358&apos;, time: &apos;2018-11-14T08:17:03&apos;
System info: host: &apos;QUASPC1210&apos;, ip: &apos;192.168.1.210&apos;, os.name: &apos;Windows 10&apos;, os.arch: &apos;amd64&apos;, os.version: &apos;10.0&apos;, java.version: &apos;11.0.12&apos;
Driver info: org.openqa.selenium.chrome.ChromeDriver
Capabilities {acceptInsecureCerts: false, browserName: chrome, browserVersion: 99.0.4844.84, chrome: {chromedriverVersion: 99.0.4844.51 (d537ec02474b5..., userDataDir: C:\Users\meet.g\AppData\Loc...}, goog:chromeOptions: {debuggerAddress: localhost:52110}, javascriptEnabled: true, networkConnectionEnabled: false, pageLoadStrategy: normal, platform: WINDOWS, platformName: WINDOWS, proxy: Proxy(), setWindowRect: true, strictFileInteractability: false, timeouts: {implicit: 0, pageLoad: 300000, script: 30000}, unhandledPromptBehavior: dismiss and notify, webauthn:extension:credBlob: true, webauthn:extension:largeBlob: true, webauthn:virtualAuthenticators: true}
Session ID: ea8162751aa867ea524e984fb1c92bf6
	at java.base/jdk.internal.reflect.NativeConstructorAccessorImpl.newInstance0(Native Method)
	at java.base/jdk.internal.reflect.NativeConstructorAccessorImpl.newInstance(NativeConstructorAccessorImpl.java:62)
	at java.base/jdk.internal.reflect.DelegatingConstructorAccessorImpl.newInstance(DelegatingConstructorAccessorImpl.java:45)
	at java.base/java.lang.reflect.Constructor.newInstance(Constructor.java:490)
	at org.openqa.selenium.remote.http.W3CHttpResponseCodec.createException(W3CHttpResponseCodec.java:187)
	at org.openqa.selenium.remote.http.W3CHttpResponseCodec.decode(W3CHttpResponseCodec.java:122)
	at org.openqa.selenium.remote.http.W3CHttpResponseCodec.decode(W3CHttpResponseCodec.java:49)
	at org.openqa.selenium.remote.HttpCommandExecutor.execute(HttpCommandExecutor.java:158)
	at org.openqa.selenium.remote.service.DriverCommandExecutor.execute(DriverCommandExecutor.java:83)
	at org.openqa.selenium.remote.RemoteWebDriver.execute(RemoteWebDriver.java:552)
	at org.openqa.selenium.remote.RemoteWebElement.execute(RemoteWebElement.java:285)
	at org.openqa.selenium.remote.RemoteWebElement.click(RemoteWebElement.java:84)
	at Admin.User_Management.SGL_Ranchi_Admin_Language_45(User_Management.java:1550)
	at java.base/jdk.internal.reflect.NativeMethodAccessorImpl.invoke0(Native Method)
	at java.base/jdk.internal.reflect.NativeMethodAccessorImpl.invoke(NativeMethodAccessorImpl.java:62)
	at java.base/jdk.internal.reflect.DelegatingMethodAccessorImpl.invoke(DelegatingMethodAccessorImpl.java:43)
	at java.base/java.lang.reflect.Method.invoke(Method.java:566)
	at org.testng.internal.MethodInvocationHelper.invokeMethod(MethodInvocationHelper.java:80)
	at org.testng.internal.Invoker.invokeMethod(Invoker.java:714)
	at org.testng.internal.Invoker.invokeTestMethod(Invoker.java:901)
	at org.testng.internal.Invoker.invokeTestMethods(Invoker.java:1231)
	at org.testng.internal.TestMethodWorker.invokeTestMethods(TestMethodWorker.java:127)
	at org.testng.internal.TestMethodWorker.run(TestMethodWorker.java:111)
	at org.testng.TestRunner.privateRun(TestRunner.java:767)
	at org.testng.TestRunner.run(TestRunner.java:617)
	at org.testng.SuiteRunner.runTest(SuiteRunner.java:334)
	at org.testng.SuiteRunner.runSequentially(SuiteRunner.java:329)
	at org.testng.SuiteRunner.privateRun(SuiteRunner.java:291)
	at org.testng.SuiteRunner.run(SuiteRunner.java:240)
	at org.testng.SuiteRunnerWorker.runSuite(SuiteRunnerWorker.java:52)
	at org.testng.SuiteRunnerWorker.run(SuiteRunnerWorker.java:86)
	at org.testng.TestNG.runSuitesSequentially(TestNG.java:1198)
	at org.testng.TestNG.runSuitesLocally(TestNG.java:1123)
	at org.testng.TestNG.run(TestNG.java:1031)
	at org.testng.remote.AbstractRemoteTestNG.run(AbstractRemoteTestNG.java:115)
	at org.testng.remote.RemoteTestNG.initAndRun(RemoteTestNG.java:251)
	at org.testng.remote.RemoteTestNG.main(RemoteTestNG.java:77)
</pre></div></td>
<td>5</td>
<td>Admin.User_Management@d278d2b</td></tr>
<tr>
<td title='Admin.User_Management.SGL_Ranchi_Admin_Language_48()'><b>SGL_Ranchi_Admin_Language_48</b><br>Test class: Admin.User_Management<br>Test method: To verify that user is not able to perform "Delete Multiple" functionality without selection of roles.</td>
<td><div><pre>org.openqa.selenium.NoSuchElementException: no such element: Unable to locate element: {&quot;method&quot;:&quot;xpath&quot;,&quot;selector&quot;:&quot;//p[text()=&quot;Please Select Role&quot;]&quot;}
  (Session info: chrome=99.0.4844.84)
For documentation on this error, please visit: https://www.seleniumhq.org/exceptions/no_such_element.html
Build info: version: &apos;3.141.59&apos;, revision: &apos;e82be7d358&apos;, time: &apos;2018-11-14T08:17:03&apos;
System info: host: &apos;QUASPC1210&apos;, ip: &apos;192.168.1.210&apos;, os.name: &apos;Windows 10&apos;, os.arch: &apos;amd64&apos;, os.version: &apos;10.0&apos;, java.version: &apos;11.0.12&apos;
Driver info: org.openqa.selenium.chrome.ChromeDriver
Capabilities {acceptInsecureCerts: false, browserName: chrome, browserVersion: 99.0.4844.84, chrome: {chromedriverVersion: 99.0.4844.51 (d537ec02474b5..., userDataDir: C:\Users\meet.g\AppData\Loc...}, goog:chromeOptions: {debuggerAddress: localhost:52214}, javascriptEnabled: true, networkConnectionEnabled: false, pageLoadStrategy: normal, platform: WINDOWS, platformName: WINDOWS, proxy: Proxy(), setWindowRect: true, strictFileInteractability: false, timeouts: {implicit: 0, pageLoad: 300000, script: 30000}, unhandledPromptBehavior: dismiss and notify, webauthn:extension:credBlob: true, webauthn:extension:largeBlob: true, webauthn:virtualAuthenticators: true}
Session ID: a2f1e31999f31ba07397e1d0a60f725e
*** Element info: {Using=xpath, value=//p[text()=&quot;Please Select Role&quot;]}
	at org.openqa.selenium.remote.http.W3CHttpResponseCodec.createException(W3CHttpResponseCodec.java:187)
	at org.openqa.selenium.remote.http.W3CHttpResponseCodec.decode(W3CHttpResponseCodec.java:122)
	at org.openqa.selenium.remote.http.W3CHttpResponseCodec.decode(W3CHttpResponseCodec.java:49)
	at org.openqa.selenium.remote.HttpCommandExecutor.execute(HttpCommandExecutor.java:158)
	at org.openqa.selenium.remote.service.DriverCommandExecutor.execute(DriverCommandExecutor.java:83)
	at org.openqa.selenium.remote.RemoteWebDriver.execute(RemoteWebDriver.java:552)
	at org.openqa.selenium.remote.RemoteWebDriver.findElement(RemoteWebDriver.java:323)
	at org.openqa.selenium.remote.RemoteWebDriver.findElementByXPath(RemoteWebDriver.java:428)
	at org.openqa.selenium.By$ByXPath.findElement(By.java:353)
	at org.openqa.selenium.remote.RemoteWebDriver.findElement(RemoteWebDriver.java:315)
	at Admin.User_Management.SGL_Ranchi_Admin_Language_48(User_Management.java:1623)
... Removed 28 stack frames</pre></div><a href='#' onClick='toggleBox("stack-trace12039655", this, "Click to show all stack frames", "Click to hide stack frames")'>Click to show all stack frames</a>
<div class='stack-trace' id='stack-trace12039655'><pre>org.openqa.selenium.NoSuchElementException: no such element: Unable to locate element: {&quot;method&quot;:&quot;xpath&quot;,&quot;selector&quot;:&quot;//p[text()=&quot;Please Select Role&quot;]&quot;}
  (Session info: chrome=99.0.4844.84)
For documentation on this error, please visit: https://www.seleniumhq.org/exceptions/no_such_element.html
Build info: version: &apos;3.141.59&apos;, revision: &apos;e82be7d358&apos;, time: &apos;2018-11-14T08:17:03&apos;
System info: host: &apos;QUASPC1210&apos;, ip: &apos;192.168.1.210&apos;, os.name: &apos;Windows 10&apos;, os.arch: &apos;amd64&apos;, os.version: &apos;10.0&apos;, java.version: &apos;11.0.12&apos;
Driver info: org.openqa.selenium.chrome.ChromeDriver
Capabilities {acceptInsecureCerts: false, browserName: chrome, browserVersion: 99.0.4844.84, chrome: {chromedriverVersion: 99.0.4844.51 (d537ec02474b5..., userDataDir: C:\Users\meet.g\AppData\Loc...}, goog:chromeOptions: {debuggerAddress: localhost:52214}, javascriptEnabled: true, networkConnectionEnabled: false, pageLoadStrategy: normal, platform: WINDOWS, platformName: WINDOWS, proxy: Proxy(), setWindowRect: true, strictFileInteractability: false, timeouts: {implicit: 0, pageLoad: 300000, script: 30000}, unhandledPromptBehavior: dismiss and notify, webauthn:extension:credBlob: true, webauthn:extension:largeBlob: true, webauthn:virtualAuthenticators: true}
Session ID: a2f1e31999f31ba07397e1d0a60f725e
*** Element info: {Using=xpath, value=//p[text()=&quot;Please Select Role&quot;]}
	at java.base/jdk.internal.reflect.NativeConstructorAccessorImpl.newInstance0(Native Method)
	at java.base/jdk.internal.reflect.NativeConstructorAccessorImpl.newInstance(NativeConstructorAccessorImpl.java:62)
	at java.base/jdk.internal.reflect.DelegatingConstructorAccessorImpl.newInstance(DelegatingConstructorAccessorImpl.java:45)
	at java.base/java.lang.reflect.Constructor.newInstance(Constructor.java:490)
	at org.openqa.selenium.remote.http.W3CHttpResponseCodec.createException(W3CHttpResponseCodec.java:187)
	at org.openqa.selenium.remote.http.W3CHttpResponseCodec.decode(W3CHttpResponseCodec.java:122)
	at org.openqa.selenium.remote.http.W3CHttpResponseCodec.decode(W3CHttpResponseCodec.java:49)
	at org.openqa.selenium.remote.HttpCommandExecutor.execute(HttpCommandExecutor.java:158)
	at org.openqa.selenium.remote.service.DriverCommandExecutor.execute(DriverCommandExecutor.java:83)
	at org.openqa.selenium.remote.RemoteWebDriver.execute(RemoteWebDriver.java:552)
	at org.openqa.selenium.remote.RemoteWebDriver.findElement(RemoteWebDriver.java:323)
	at org.openqa.selenium.remote.RemoteWebDriver.findElementByXPath(RemoteWebDriver.java:428)
	at org.openqa.selenium.By$ByXPath.findElement(By.java:353)
	at org.openqa.selenium.remote.RemoteWebDriver.findElement(RemoteWebDriver.java:315)
	at Admin.User_Management.SGL_Ranchi_Admin_Language_48(User_Management.java:1623)
	at java.base/jdk.internal.reflect.NativeMethodAccessorImpl.invoke0(Native Method)
	at java.base/jdk.internal.reflect.NativeMethodAccessorImpl.invoke(NativeMethodAccessorImpl.java:62)
	at java.base/jdk.internal.reflect.DelegatingMethodAccessorImpl.invoke(DelegatingMethodAccessorImpl.java:43)
	at java.base/java.lang.reflect.Method.invoke(Method.java:566)
	at org.testng.internal.MethodInvocationHelper.invokeMethod(MethodInvocationHelper.java:80)
	at org.testng.internal.Invoker.invokeMethod(Invoker.java:714)
	at org.testng.internal.Invoker.invokeTestMethod(Invoker.java:901)
	at org.testng.internal.Invoker.invokeTestMethods(Invoker.java:1231)
	at org.testng.internal.TestMethodWorker.invokeTestMethods(TestMethodWorker.java:127)
	at org.testng.internal.TestMethodWorker.run(TestMethodWorker.java:111)
	at org.testng.TestRunner.privateRun(TestRunner.java:767)
	at org.testng.TestRunner.run(TestRunner.java:617)
	at org.testng.SuiteRunner.runTest(SuiteRunner.java:334)
	at org.testng.SuiteRunner.runSequentially(SuiteRunner.java:329)
	at org.testng.SuiteRunner.privateRun(SuiteRunner.java:291)
	at org.testng.SuiteRunner.run(SuiteRunner.java:240)
	at org.testng.SuiteRunnerWorker.runSuite(SuiteRunnerWorker.java:52)
	at org.testng.SuiteRunnerWorker.run(SuiteRunnerWorker.java:86)
	at org.testng.TestNG.runSuitesSequentially(TestNG.java:1198)
	at org.testng.TestNG.runSuitesLocally(TestNG.java:1123)
	at org.testng.TestNG.run(TestNG.java:1031)
	at org.testng.remote.AbstractRemoteTestNG.run(AbstractRemoteTestNG.java:115)
	at org.testng.remote.RemoteTestNG.initAndRun(RemoteTestNG.java:251)
	at org.testng.remote.RemoteTestNG.main(RemoteTestNG.java:77)
</pre></div></td>
<td>11</td>
<td>Admin.User_Management@d278d2b</td></tr>
<tr>
<td title='Admin.User_Management.SGL_Ranchi_Admin_Language_60()'><b>SGL_Ranchi_Admin_Language_60</b><br>Test class: Admin.User_Management<br>Test method: To verify that user is able to perform "Uncheck All" functionality.</td>
<td><div><pre>org.openqa.selenium.NoSuchElementException: no such element: Unable to locate element: {&quot;method&quot;:&quot;xpath&quot;,&quot;selector&quot;:&quot;//p[text()=&quot;please select at least one checkbox&quot;]&quot;}
  (Session info: chrome=99.0.4844.84)
For documentation on this error, please visit: https://www.seleniumhq.org/exceptions/no_such_element.html
Build info: version: &apos;3.141.59&apos;, revision: &apos;e82be7d358&apos;, time: &apos;2018-11-14T08:17:03&apos;
System info: host: &apos;QUASPC1210&apos;, ip: &apos;192.168.1.210&apos;, os.name: &apos;Windows 10&apos;, os.arch: &apos;amd64&apos;, os.version: &apos;10.0&apos;, java.version: &apos;11.0.12&apos;
Driver info: org.openqa.selenium.chrome.ChromeDriver
Capabilities {acceptInsecureCerts: false, browserName: chrome, browserVersion: 99.0.4844.84, chrome: {chromedriverVersion: 99.0.4844.51 (d537ec02474b5..., userDataDir: C:\Users\meet.g\AppData\Loc...}, goog:chromeOptions: {debuggerAddress: localhost:52675}, javascriptEnabled: true, networkConnectionEnabled: false, pageLoadStrategy: normal, platform: WINDOWS, platformName: WINDOWS, proxy: Proxy(), setWindowRect: true, strictFileInteractability: false, timeouts: {implicit: 0, pageLoad: 300000, script: 30000}, unhandledPromptBehavior: dismiss and notify, webauthn:extension:credBlob: true, webauthn:extension:largeBlob: true, webauthn:virtualAuthenticators: true}
Session ID: 1a5eb5f0d2b76ab7e4ebf0d3294fe586
*** Element info: {Using=xpath, value=//p[text()=&quot;please select at least one checkbox&quot;]}
	at org.openqa.selenium.remote.http.W3CHttpResponseCodec.createException(W3CHttpResponseCodec.java:187)
	at org.openqa.selenium.remote.http.W3CHttpResponseCodec.decode(W3CHttpResponseCodec.java:122)
	at org.openqa.selenium.remote.http.W3CHttpResponseCodec.decode(W3CHttpResponseCodec.java:49)
	at org.openqa.selenium.remote.HttpCommandExecutor.execute(HttpCommandExecutor.java:158)
	at org.openqa.selenium.remote.service.DriverCommandExecutor.execute(DriverCommandExecutor.java:83)
	at org.openqa.selenium.remote.RemoteWebDriver.execute(RemoteWebDriver.java:552)
	at org.openqa.selenium.remote.RemoteWebDriver.findElement(RemoteWebDriver.java:323)
	at org.openqa.selenium.remote.RemoteWebDriver.findElementByXPath(RemoteWebDriver.java:428)
	at org.openqa.selenium.By$ByXPath.findElement(By.java:353)
	at org.openqa.selenium.remote.RemoteWebDriver.findElement(RemoteWebDriver.java:315)
	at Admin.User_Management.SGL_Ranchi_Admin_Language_60(User_Management.java:1933)
... Removed 28 stack frames</pre></div><a href='#' onClick='toggleBox("stack-trace1438689128", this, "Click to show all stack frames", "Click to hide stack frames")'>Click to show all stack frames</a>
<div class='stack-trace' id='stack-trace1438689128'><pre>org.openqa.selenium.NoSuchElementException: no such element: Unable to locate element: {&quot;method&quot;:&quot;xpath&quot;,&quot;selector&quot;:&quot;//p[text()=&quot;please select at least one checkbox&quot;]&quot;}
  (Session info: chrome=99.0.4844.84)
For documentation on this error, please visit: https://www.seleniumhq.org/exceptions/no_such_element.html
Build info: version: &apos;3.141.59&apos;, revision: &apos;e82be7d358&apos;, time: &apos;2018-11-14T08:17:03&apos;
System info: host: &apos;QUASPC1210&apos;, ip: &apos;192.168.1.210&apos;, os.name: &apos;Windows 10&apos;, os.arch: &apos;amd64&apos;, os.version: &apos;10.0&apos;, java.version: &apos;11.0.12&apos;
Driver info: org.openqa.selenium.chrome.ChromeDriver
Capabilities {acceptInsecureCerts: false, browserName: chrome, browserVersion: 99.0.4844.84, chrome: {chromedriverVersion: 99.0.4844.51 (d537ec02474b5..., userDataDir: C:\Users\meet.g\AppData\Loc...}, goog:chromeOptions: {debuggerAddress: localhost:52675}, javascriptEnabled: true, networkConnectionEnabled: false, pageLoadStrategy: normal, platform: WINDOWS, platformName: WINDOWS, proxy: Proxy(), setWindowRect: true, strictFileInteractability: false, timeouts: {implicit: 0, pageLoad: 300000, script: 30000}, unhandledPromptBehavior: dismiss and notify, webauthn:extension:credBlob: true, webauthn:extension:largeBlob: true, webauthn:virtualAuthenticators: true}
Session ID: 1a5eb5f0d2b76ab7e4ebf0d3294fe586
*** Element info: {Using=xpath, value=//p[text()=&quot;please select at least one checkbox&quot;]}
	at java.base/jdk.internal.reflect.NativeConstructorAccessorImpl.newInstance0(Native Method)
	at java.base/jdk.internal.reflect.NativeConstructorAccessorImpl.newInstance(NativeConstructorAccessorImpl.java:62)
	at java.base/jdk.internal.reflect.DelegatingConstructorAccessorImpl.newInstance(DelegatingConstructorAccessorImpl.java:45)
	at java.base/java.lang.reflect.Constructor.newInstance(Constructor.java:490)
	at org.openqa.selenium.remote.http.W3CHttpResponseCodec.createException(W3CHttpResponseCodec.java:187)
	at org.openqa.selenium.remote.http.W3CHttpResponseCodec.decode(W3CHttpResponseCodec.java:122)
	at org.openqa.selenium.remote.http.W3CHttpResponseCodec.decode(W3CHttpResponseCodec.java:49)
	at org.openqa.selenium.remote.HttpCommandExecutor.execute(HttpCommandExecutor.java:158)
	at org.openqa.selenium.remote.service.DriverCommandExecutor.execute(DriverCommandExecutor.java:83)
	at org.openqa.selenium.remote.RemoteWebDriver.execute(RemoteWebDriver.java:552)
	at org.openqa.selenium.remote.RemoteWebDriver.findElement(RemoteWebDriver.java:323)
	at org.openqa.selenium.remote.RemoteWebDriver.findElementByXPath(RemoteWebDriver.java:428)
	at org.openqa.selenium.By$ByXPath.findElement(By.java:353)
	at org.openqa.selenium.remote.RemoteWebDriver.findElement(RemoteWebDriver.java:315)
	at Admin.User_Management.SGL_Ranchi_Admin_Language_60(User_Management.java:1933)
	at java.base/jdk.internal.reflect.NativeMethodAccessorImpl.invoke0(Native Method)
	at java.base/jdk.internal.reflect.NativeMethodAccessorImpl.invoke(NativeMethodAccessorImpl.java:62)
	at java.base/jdk.internal.reflect.DelegatingMethodAccessorImpl.invoke(DelegatingMethodAccessorImpl.java:43)
	at java.base/java.lang.reflect.Method.invoke(Method.java:566)
	at org.testng.internal.MethodInvocationHelper.invokeMethod(MethodInvocationHelper.java:80)
	at org.testng.internal.Invoker.invokeMethod(Invoker.java:714)
	at org.testng.internal.Invoker.invokeTestMethod(Invoker.java:901)
	at org.testng.internal.Invoker.invokeTestMethods(Invoker.java:1231)
	at org.testng.internal.TestMethodWorker.invokeTestMethods(TestMethodWorker.java:127)
	at org.testng.internal.TestMethodWorker.run(TestMethodWorker.java:111)
	at org.testng.TestRunner.privateRun(TestRunner.java:767)
	at org.testng.TestRunner.run(TestRunner.java:617)
	at org.testng.SuiteRunner.runTest(SuiteRunner.java:334)
	at org.testng.SuiteRunner.runSequentially(SuiteRunner.java:329)
	at org.testng.SuiteRunner.privateRun(SuiteRunner.java:291)
	at org.testng.SuiteRunner.run(SuiteRunner.java:240)
	at org.testng.SuiteRunnerWorker.runSuite(SuiteRunnerWorker.java:52)
	at org.testng.SuiteRunnerWorker.run(SuiteRunnerWorker.java:86)
	at org.testng.TestNG.runSuitesSequentially(TestNG.java:1198)
	at org.testng.TestNG.runSuitesLocally(TestNG.java:1123)
	at org.testng.TestNG.run(TestNG.java:1031)
	at org.testng.remote.AbstractRemoteTestNG.run(AbstractRemoteTestNG.java:115)
	at org.testng.remote.RemoteTestNG.initAndRun(RemoteTestNG.java:251)
	at org.testng.remote.RemoteTestNG.main(RemoteTestNG.java:77)
</pre></div></td>
<td>17</td>
<td>Admin.User_Management@d278d2b</td></tr>
<tr>
<td title='Admin.User_Management.SGL_Ranchi_Admin_Language_61()'><b>SGL_Ranchi_Admin_Language_61</b><br>Test class: Admin.User_Management<br>Test method: To verify that user is able to perform "Invert" functionality.</td>
<td><div><pre>org.openqa.selenium.NoSuchElementException: no such element: Unable to locate element: {&quot;method&quot;:&quot;xpath&quot;,&quot;selector&quot;:&quot;//p[text()=&quot;please select at least one checkbox&quot;]&quot;}
  (Session info: chrome=99.0.4844.84)
For documentation on this error, please visit: https://www.seleniumhq.org/exceptions/no_such_element.html
Build info: version: &apos;3.141.59&apos;, revision: &apos;e82be7d358&apos;, time: &apos;2018-11-14T08:17:03&apos;
System info: host: &apos;QUASPC1210&apos;, ip: &apos;192.168.1.210&apos;, os.name: &apos;Windows 10&apos;, os.arch: &apos;amd64&apos;, os.version: &apos;10.0&apos;, java.version: &apos;11.0.12&apos;
Driver info: org.openqa.selenium.chrome.ChromeDriver
Capabilities {acceptInsecureCerts: false, browserName: chrome, browserVersion: 99.0.4844.84, chrome: {chromedriverVersion: 99.0.4844.51 (d537ec02474b5..., userDataDir: C:\Users\meet.g\AppData\Loc...}, goog:chromeOptions: {debuggerAddress: localhost:52718}, javascriptEnabled: true, networkConnectionEnabled: false, pageLoadStrategy: normal, platform: WINDOWS, platformName: WINDOWS, proxy: Proxy(), setWindowRect: true, strictFileInteractability: false, timeouts: {implicit: 0, pageLoad: 300000, script: 30000}, unhandledPromptBehavior: dismiss and notify, webauthn:extension:credBlob: true, webauthn:extension:largeBlob: true, webauthn:virtualAuthenticators: true}
Session ID: 62637ad76ac1c1f676bc3a1c3a00764f
*** Element info: {Using=xpath, value=//p[text()=&quot;please select at least one checkbox&quot;]}
	at org.openqa.selenium.remote.http.W3CHttpResponseCodec.createException(W3CHttpResponseCodec.java:187)
	at org.openqa.selenium.remote.http.W3CHttpResponseCodec.decode(W3CHttpResponseCodec.java:122)
	at org.openqa.selenium.remote.http.W3CHttpResponseCodec.decode(W3CHttpResponseCodec.java:49)
	at org.openqa.selenium.remote.HttpCommandExecutor.execute(HttpCommandExecutor.java:158)
	at org.openqa.selenium.remote.service.DriverCommandExecutor.execute(DriverCommandExecutor.java:83)
	at org.openqa.selenium.remote.RemoteWebDriver.execute(RemoteWebDriver.java:552)
	at org.openqa.selenium.remote.RemoteWebDriver.findElement(RemoteWebDriver.java:323)
	at org.openqa.selenium.remote.RemoteWebDriver.findElementByXPath(RemoteWebDriver.java:428)
	at org.openqa.selenium.By$ByXPath.findElement(By.java:353)
	at org.openqa.selenium.remote.RemoteWebDriver.findElement(RemoteWebDriver.java:315)
	at Admin.User_Management.SGL_Ranchi_Admin_Language_61(User_Management.java:1966)
... Removed 28 stack frames</pre></div><a href='#' onClick='toggleBox("stack-trace391027432", this, "Click to show all stack frames", "Click to hide stack frames")'>Click to show all stack frames</a>
<div class='stack-trace' id='stack-trace391027432'><pre>org.openqa.selenium.NoSuchElementException: no such element: Unable to locate element: {&quot;method&quot;:&quot;xpath&quot;,&quot;selector&quot;:&quot;//p[text()=&quot;please select at least one checkbox&quot;]&quot;}
  (Session info: chrome=99.0.4844.84)
For documentation on this error, please visit: https://www.seleniumhq.org/exceptions/no_such_element.html
Build info: version: &apos;3.141.59&apos;, revision: &apos;e82be7d358&apos;, time: &apos;2018-11-14T08:17:03&apos;
System info: host: &apos;QUASPC1210&apos;, ip: &apos;192.168.1.210&apos;, os.name: &apos;Windows 10&apos;, os.arch: &apos;amd64&apos;, os.version: &apos;10.0&apos;, java.version: &apos;11.0.12&apos;
Driver info: org.openqa.selenium.chrome.ChromeDriver
Capabilities {acceptInsecureCerts: false, browserName: chrome, browserVersion: 99.0.4844.84, chrome: {chromedriverVersion: 99.0.4844.51 (d537ec02474b5..., userDataDir: C:\Users\meet.g\AppData\Loc...}, goog:chromeOptions: {debuggerAddress: localhost:52718}, javascriptEnabled: true, networkConnectionEnabled: false, pageLoadStrategy: normal, platform: WINDOWS, platformName: WINDOWS, proxy: Proxy(), setWindowRect: true, strictFileInteractability: false, timeouts: {implicit: 0, pageLoad: 300000, script: 30000}, unhandledPromptBehavior: dismiss and notify, webauthn:extension:credBlob: true, webauthn:extension:largeBlob: true, webauthn:virtualAuthenticators: true}
Session ID: 62637ad76ac1c1f676bc3a1c3a00764f
*** Element info: {Using=xpath, value=//p[text()=&quot;please select at least one checkbox&quot;]}
	at java.base/jdk.internal.reflect.NativeConstructorAccessorImpl.newInstance0(Native Method)
	at java.base/jdk.internal.reflect.NativeConstructorAccessorImpl.newInstance(NativeConstructorAccessorImpl.java:62)
	at java.base/jdk.internal.reflect.DelegatingConstructorAccessorImpl.newInstance(DelegatingConstructorAccessorImpl.java:45)
	at java.base/java.lang.reflect.Constructor.newInstance(Constructor.java:490)
	at org.openqa.selenium.remote.http.W3CHttpResponseCodec.createException(W3CHttpResponseCodec.java:187)
	at org.openqa.selenium.remote.http.W3CHttpResponseCodec.decode(W3CHttpResponseCodec.java:122)
	at org.openqa.selenium.remote.http.W3CHttpResponseCodec.decode(W3CHttpResponseCodec.java:49)
	at org.openqa.selenium.remote.HttpCommandExecutor.execute(HttpCommandExecutor.java:158)
	at org.openqa.selenium.remote.service.DriverCommandExecutor.execute(DriverCommandExecutor.java:83)
	at org.openqa.selenium.remote.RemoteWebDriver.execute(RemoteWebDriver.java:552)
	at org.openqa.selenium.remote.RemoteWebDriver.findElement(RemoteWebDriver.java:323)
	at org.openqa.selenium.remote.RemoteWebDriver.findElementByXPath(RemoteWebDriver.java:428)
	at org.openqa.selenium.By$ByXPath.findElement(By.java:353)
	at org.openqa.selenium.remote.RemoteWebDriver.findElement(RemoteWebDriver.java:315)
	at Admin.User_Management.SGL_Ranchi_Admin_Language_61(User_Management.java:1966)
	at java.base/jdk.internal.reflect.NativeMethodAccessorImpl.invoke0(Native Method)
	at java.base/jdk.internal.reflect.NativeMethodAccessorImpl.invoke(NativeMethodAccessorImpl.java:62)
	at java.base/jdk.internal.reflect.DelegatingMethodAccessorImpl.invoke(DelegatingMethodAccessorImpl.java:43)
	at java.base/java.lang.reflect.Method.invoke(Method.java:566)
	at org.testng.internal.MethodInvocationHelper.invokeMethod(MethodInvocationHelper.java:80)
	at org.testng.internal.Invoker.invokeMethod(Invoker.java:714)
	at org.testng.internal.Invoker.invokeTestMethod(Invoker.java:901)
	at org.testng.internal.Invoker.invokeTestMethods(Invoker.java:1231)
	at org.testng.internal.TestMethodWorker.invokeTestMethods(TestMethodWorker.java:127)
	at org.testng.internal.TestMethodWorker.run(TestMethodWorker.java:111)
	at org.testng.TestRunner.privateRun(TestRunner.java:767)
	at org.testng.TestRunner.run(TestRunner.java:617)
	at org.testng.SuiteRunner.runTest(SuiteRunner.java:334)
	at org.testng.SuiteRunner.runSequentially(SuiteRunner.java:329)
	at org.testng.SuiteRunner.privateRun(SuiteRunner.java:291)
	at org.testng.SuiteRunner.run(SuiteRunner.java:240)
	at org.testng.SuiteRunnerWorker.runSuite(SuiteRunnerWorker.java:52)
	at org.testng.SuiteRunnerWorker.run(SuiteRunnerWorker.java:86)
	at org.testng.TestNG.runSuitesSequentially(TestNG.java:1198)
	at org.testng.TestNG.runSuitesLocally(TestNG.java:1123)
	at org.testng.TestNG.run(TestNG.java:1031)
	at org.testng.remote.AbstractRemoteTestNG.run(AbstractRemoteTestNG.java:115)
	at org.testng.remote.RemoteTestNG.initAndRun(RemoteTestNG.java:251)
	at org.testng.remote.RemoteTestNG.main(RemoteTestNG.java:77)
</pre></div></td>
<td>17</td>
<td>Admin.User_Management@d278d2b</td></tr>
<tr>
<td title='Admin.User_Management.SGL_Ranchi_Admin_Language_65()'><b>SGL_Ranchi_Admin_Language_65</b><br>Test class: Admin.User_Management<br>Test method: To verify that user is not able to assign any role permission without selection of "Modules Rights" and "Predefined Query Rights".</td>
<td><div><pre>org.openqa.selenium.NoSuchElementException: no such element: Unable to locate element: {&quot;method&quot;:&quot;xpath&quot;,&quot;selector&quot;:&quot;//p[text()=&quot;please select at least one checkbox&quot;]&quot;}
  (Session info: chrome=99.0.4844.84)
For documentation on this error, please visit: https://www.seleniumhq.org/exceptions/no_such_element.html
Build info: version: &apos;3.141.59&apos;, revision: &apos;e82be7d358&apos;, time: &apos;2018-11-14T08:17:03&apos;
System info: host: &apos;QUASPC1210&apos;, ip: &apos;192.168.1.210&apos;, os.name: &apos;Windows 10&apos;, os.arch: &apos;amd64&apos;, os.version: &apos;10.0&apos;, java.version: &apos;11.0.12&apos;
Driver info: org.openqa.selenium.chrome.ChromeDriver
Capabilities {acceptInsecureCerts: false, browserName: chrome, browserVersion: 99.0.4844.84, chrome: {chromedriverVersion: 99.0.4844.51 (d537ec02474b5..., userDataDir: C:\Users\meet.g\AppData\Loc...}, goog:chromeOptions: {debuggerAddress: localhost:52865}, javascriptEnabled: true, networkConnectionEnabled: false, pageLoadStrategy: normal, platform: WINDOWS, platformName: WINDOWS, proxy: Proxy(), setWindowRect: true, strictFileInteractability: false, timeouts: {implicit: 0, pageLoad: 300000, script: 30000}, unhandledPromptBehavior: dismiss and notify, webauthn:extension:credBlob: true, webauthn:extension:largeBlob: true, webauthn:virtualAuthenticators: true}
Session ID: c002d874e7bd2d2083da2fdfac2a85da
*** Element info: {Using=xpath, value=//p[text()=&quot;please select at least one checkbox&quot;]}
	at org.openqa.selenium.remote.http.W3CHttpResponseCodec.createException(W3CHttpResponseCodec.java:187)
	at org.openqa.selenium.remote.http.W3CHttpResponseCodec.decode(W3CHttpResponseCodec.java:122)
	at org.openqa.selenium.remote.http.W3CHttpResponseCodec.decode(W3CHttpResponseCodec.java:49)
	at org.openqa.selenium.remote.HttpCommandExecutor.execute(HttpCommandExecutor.java:158)
	at org.openqa.selenium.remote.service.DriverCommandExecutor.execute(DriverCommandExecutor.java:83)
	at org.openqa.selenium.remote.RemoteWebDriver.execute(RemoteWebDriver.java:552)
	at org.openqa.selenium.remote.RemoteWebDriver.findElement(RemoteWebDriver.java:323)
	at org.openqa.selenium.remote.RemoteWebDriver.findElementByXPath(RemoteWebDriver.java:428)
	at org.openqa.selenium.By$ByXPath.findElement(By.java:353)
	at org.openqa.selenium.remote.RemoteWebDriver.findElement(RemoteWebDriver.java:315)
	at Admin.User_Management.SGL_Ranchi_Admin_Language_65(User_Management.java:2072)
... Removed 28 stack frames</pre></div><a href='#' onClick='toggleBox("stack-trace2018228224", this, "Click to show all stack frames", "Click to hide stack frames")'>Click to show all stack frames</a>
<div class='stack-trace' id='stack-trace2018228224'><pre>org.openqa.selenium.NoSuchElementException: no such element: Unable to locate element: {&quot;method&quot;:&quot;xpath&quot;,&quot;selector&quot;:&quot;//p[text()=&quot;please select at least one checkbox&quot;]&quot;}
  (Session info: chrome=99.0.4844.84)
For documentation on this error, please visit: https://www.seleniumhq.org/exceptions/no_such_element.html
Build info: version: &apos;3.141.59&apos;, revision: &apos;e82be7d358&apos;, time: &apos;2018-11-14T08:17:03&apos;
System info: host: &apos;QUASPC1210&apos;, ip: &apos;192.168.1.210&apos;, os.name: &apos;Windows 10&apos;, os.arch: &apos;amd64&apos;, os.version: &apos;10.0&apos;, java.version: &apos;11.0.12&apos;
Driver info: org.openqa.selenium.chrome.ChromeDriver
Capabilities {acceptInsecureCerts: false, browserName: chrome, browserVersion: 99.0.4844.84, chrome: {chromedriverVersion: 99.0.4844.51 (d537ec02474b5..., userDataDir: C:\Users\meet.g\AppData\Loc...}, goog:chromeOptions: {debuggerAddress: localhost:52865}, javascriptEnabled: true, networkConnectionEnabled: false, pageLoadStrategy: normal, platform: WINDOWS, platformName: WINDOWS, proxy: Proxy(), setWindowRect: true, strictFileInteractability: false, timeouts: {implicit: 0, pageLoad: 300000, script: 30000}, unhandledPromptBehavior: dismiss and notify, webauthn:extension:credBlob: true, webauthn:extension:largeBlob: true, webauthn:virtualAuthenticators: true}
Session ID: c002d874e7bd2d2083da2fdfac2a85da
*** Element info: {Using=xpath, value=//p[text()=&quot;please select at least one checkbox&quot;]}
	at java.base/jdk.internal.reflect.NativeConstructorAccessorImpl.newInstance0(Native Method)
	at java.base/jdk.internal.reflect.NativeConstructorAccessorImpl.newInstance(NativeConstructorAccessorImpl.java:62)
	at java.base/jdk.internal.reflect.DelegatingConstructorAccessorImpl.newInstance(DelegatingConstructorAccessorImpl.java:45)
	at java.base/java.lang.reflect.Constructor.newInstance(Constructor.java:490)
	at org.openqa.selenium.remote.http.W3CHttpResponseCodec.createException(W3CHttpResponseCodec.java:187)
	at org.openqa.selenium.remote.http.W3CHttpResponseCodec.decode(W3CHttpResponseCodec.java:122)
	at org.openqa.selenium.remote.http.W3CHttpResponseCodec.decode(W3CHttpResponseCodec.java:49)
	at org.openqa.selenium.remote.HttpCommandExecutor.execute(HttpCommandExecutor.java:158)
	at org.openqa.selenium.remote.service.DriverCommandExecutor.execute(DriverCommandExecutor.java:83)
	at org.openqa.selenium.remote.RemoteWebDriver.execute(RemoteWebDriver.java:552)
	at org.openqa.selenium.remote.RemoteWebDriver.findElement(RemoteWebDriver.java:323)
	at org.openqa.selenium.remote.RemoteWebDriver.findElementByXPath(RemoteWebDriver.java:428)
	at org.openqa.selenium.By$ByXPath.findElement(By.java:353)
	at org.openqa.selenium.remote.RemoteWebDriver.findElement(RemoteWebDriver.java:315)
	at Admin.User_Management.SGL_Ranchi_Admin_Language_65(User_Management.java:2072)
	at java.base/jdk.internal.reflect.NativeMethodAccessorImpl.invoke0(Native Method)
	at java.base/jdk.internal.reflect.NativeMethodAccessorImpl.invoke(NativeMethodAccessorImpl.java:62)
	at java.base/jdk.internal.reflect.DelegatingMethodAccessorImpl.invoke(DelegatingMethodAccessorImpl.java:43)
	at java.base/java.lang.reflect.Method.invoke(Method.java:566)
	at org.testng.internal.MethodInvocationHelper.invokeMethod(MethodInvocationHelper.java:80)
	at org.testng.internal.Invoker.invokeMethod(Invoker.java:714)
	at org.testng.internal.Invoker.invokeTestMethod(Invoker.java:901)
	at org.testng.internal.Invoker.invokeTestMethods(Invoker.java:1231)
	at org.testng.internal.TestMethodWorker.invokeTestMethods(TestMethodWorker.java:127)
	at org.testng.internal.TestMethodWorker.run(TestMethodWorker.java:111)
	at org.testng.TestRunner.privateRun(TestRunner.java:767)
	at org.testng.TestRunner.run(TestRunner.java:617)
	at org.testng.SuiteRunner.runTest(SuiteRunner.java:334)
	at org.testng.SuiteRunner.runSequentially(SuiteRunner.java:329)
	at org.testng.SuiteRunner.privateRun(SuiteRunner.java:291)
	at org.testng.SuiteRunner.run(SuiteRunner.java:240)
	at org.testng.SuiteRunnerWorker.runSuite(SuiteRunnerWorker.java:52)
	at org.testng.SuiteRunnerWorker.run(SuiteRunnerWorker.java:86)
	at org.testng.TestNG.runSuitesSequentially(TestNG.java:1198)
	at org.testng.TestNG.runSuitesLocally(TestNG.java:1123)
	at org.testng.TestNG.run(TestNG.java:1031)
	at org.testng.remote.AbstractRemoteTestNG.run(AbstractRemoteTestNG.java:115)
	at org.testng.remote.RemoteTestNG.initAndRun(RemoteTestNG.java:251)
	at org.testng.remote.RemoteTestNG.main(RemoteTestNG.java:77)
</pre></div></td>
<td>17</td>
<td>Admin.User_Management@d278d2b</td></tr>
<tr>
<td title='Admin.User_Management.SGL_Ranchi_Admin_Language_72()'><b>SGL_Ranchi_Admin_Language_72</b><br>Test class: Admin.User_Management<br>Test method: To verify that user is able to perform "Sorting" functionality for particular layer.</td>
<td><div><pre>org.openqa.selenium.StaleElementReferenceException: stale element reference: element is not attached to the page document
  (Session info: chrome=99.0.4844.84)
For documentation on this error, please visit: https://www.seleniumhq.org/exceptions/stale_element_reference.html
Build info: version: &apos;3.141.59&apos;, revision: &apos;e82be7d358&apos;, time: &apos;2018-11-14T08:17:03&apos;
System info: host: &apos;QUASPC1210&apos;, ip: &apos;192.168.1.210&apos;, os.name: &apos;Windows 10&apos;, os.arch: &apos;amd64&apos;, os.version: &apos;10.0&apos;, java.version: &apos;11.0.12&apos;
Driver info: org.openqa.selenium.chrome.ChromeDriver
Capabilities {acceptInsecureCerts: false, browserName: chrome, browserVersion: 99.0.4844.84, chrome: {chromedriverVersion: 99.0.4844.51 (d537ec02474b5..., userDataDir: C:\Users\meet.g\AppData\Loc...}, goog:chromeOptions: {debuggerAddress: localhost:53152}, javascriptEnabled: true, networkConnectionEnabled: false, pageLoadStrategy: normal, platform: WINDOWS, platformName: WINDOWS, proxy: Proxy(), setWindowRect: true, strictFileInteractability: false, timeouts: {implicit: 0, pageLoad: 300000, script: 30000}, unhandledPromptBehavior: dismiss and notify, webauthn:extension:credBlob: true, webauthn:extension:largeBlob: true, webauthn:virtualAuthenticators: true}
Session ID: 8114b1392d68ba5da1a627b249077f78
	at org.openqa.selenium.remote.http.W3CHttpResponseCodec.createException(W3CHttpResponseCodec.java:187)
	at org.openqa.selenium.remote.http.W3CHttpResponseCodec.decode(W3CHttpResponseCodec.java:122)
	at org.openqa.selenium.remote.http.W3CHttpResponseCodec.decode(W3CHttpResponseCodec.java:49)
	at org.openqa.selenium.remote.HttpCommandExecutor.execute(HttpCommandExecutor.java:158)
	at org.openqa.selenium.remote.service.DriverCommandExecutor.execute(DriverCommandExecutor.java:83)
	at org.openqa.selenium.remote.RemoteWebDriver.execute(RemoteWebDriver.java:552)
	at org.openqa.selenium.remote.RemoteWebElement.execute(RemoteWebElement.java:285)
	at org.openqa.selenium.remote.RemoteWebElement.sendKeys(RemoteWebElement.java:106)
	at Admin.User_Management.SGL_Ranchi_Admin_Language_72(User_Management.java:2218)
... Removed 28 stack frames</pre></div><a href='#' onClick='toggleBox("stack-trace1319962561", this, "Click to show all stack frames", "Click to hide stack frames")'>Click to show all stack frames</a>
<div class='stack-trace' id='stack-trace1319962561'><pre>org.openqa.selenium.StaleElementReferenceException: stale element reference: element is not attached to the page document
  (Session info: chrome=99.0.4844.84)
For documentation on this error, please visit: https://www.seleniumhq.org/exceptions/stale_element_reference.html
Build info: version: &apos;3.141.59&apos;, revision: &apos;e82be7d358&apos;, time: &apos;2018-11-14T08:17:03&apos;
System info: host: &apos;QUASPC1210&apos;, ip: &apos;192.168.1.210&apos;, os.name: &apos;Windows 10&apos;, os.arch: &apos;amd64&apos;, os.version: &apos;10.0&apos;, java.version: &apos;11.0.12&apos;
Driver info: org.openqa.selenium.chrome.ChromeDriver
Capabilities {acceptInsecureCerts: false, browserName: chrome, browserVersion: 99.0.4844.84, chrome: {chromedriverVersion: 99.0.4844.51 (d537ec02474b5..., userDataDir: C:\Users\meet.g\AppData\Loc...}, goog:chromeOptions: {debuggerAddress: localhost:53152}, javascriptEnabled: true, networkConnectionEnabled: false, pageLoadStrategy: normal, platform: WINDOWS, platformName: WINDOWS, proxy: Proxy(), setWindowRect: true, strictFileInteractability: false, timeouts: {implicit: 0, pageLoad: 300000, script: 30000}, unhandledPromptBehavior: dismiss and notify, webauthn:extension:credBlob: true, webauthn:extension:largeBlob: true, webauthn:virtualAuthenticators: true}
Session ID: 8114b1392d68ba5da1a627b249077f78
	at java.base/jdk.internal.reflect.NativeConstructorAccessorImpl.newInstance0(Native Method)
	at java.base/jdk.internal.reflect.NativeConstructorAccessorImpl.newInstance(NativeConstructorAccessorImpl.java:62)
	at java.base/jdk.internal.reflect.DelegatingConstructorAccessorImpl.newInstance(DelegatingConstructorAccessorImpl.java:45)
	at java.base/java.lang.reflect.Constructor.newInstance(Constructor.java:490)
	at org.openqa.selenium.remote.http.W3CHttpResponseCodec.createException(W3CHttpResponseCodec.java:187)
	at org.openqa.selenium.remote.http.W3CHttpResponseCodec.decode(W3CHttpResponseCodec.java:122)
	at org.openqa.selenium.remote.http.W3CHttpResponseCodec.decode(W3CHttpResponseCodec.java:49)
	at org.openqa.selenium.remote.HttpCommandExecutor.execute(HttpCommandExecutor.java:158)
	at org.openqa.selenium.remote.service.DriverCommandExecutor.execute(DriverCommandExecutor.java:83)
	at org.openqa.selenium.remote.RemoteWebDriver.execute(RemoteWebDriver.java:552)
	at org.openqa.selenium.remote.RemoteWebElement.execute(RemoteWebElement.java:285)
	at org.openqa.selenium.remote.RemoteWebElement.sendKeys(RemoteWebElement.java:106)
	at Admin.User_Management.SGL_Ranchi_Admin_Language_72(User_Management.java:2218)
	at java.base/jdk.internal.reflect.NativeMethodAccessorImpl.invoke0(Native Method)
	at java.base/jdk.internal.reflect.NativeMethodAccessorImpl.invoke(NativeMethodAccessorImpl.java:62)
	at java.base/jdk.internal.reflect.DelegatingMethodAccessorImpl.invoke(DelegatingMethodAccessorImpl.java:43)
	at java.base/java.lang.reflect.Method.invoke(Method.java:566)
	at org.testng.internal.MethodInvocationHelper.invokeMethod(MethodInvocationHelper.java:80)
	at org.testng.internal.Invoker.invokeMethod(Invoker.java:714)
	at org.testng.internal.Invoker.invokeTestMethod(Invoker.java:901)
	at org.testng.internal.Invoker.invokeTestMethods(Invoker.java:1231)
	at org.testng.internal.TestMethodWorker.invokeTestMethods(TestMethodWorker.java:127)
	at org.testng.internal.TestMethodWorker.run(TestMethodWorker.java:111)
	at org.testng.TestRunner.privateRun(TestRunner.java:767)
	at org.testng.TestRunner.run(TestRunner.java:617)
	at org.testng.SuiteRunner.runTest(SuiteRunner.java:334)
	at org.testng.SuiteRunner.runSequentially(SuiteRunner.java:329)
	at org.testng.SuiteRunner.privateRun(SuiteRunner.java:291)
	at org.testng.SuiteRunner.run(SuiteRunner.java:240)
	at org.testng.SuiteRunnerWorker.runSuite(SuiteRunnerWorker.java:52)
	at org.testng.SuiteRunnerWorker.run(SuiteRunnerWorker.java:86)
	at org.testng.TestNG.runSuitesSequentially(TestNG.java:1198)
	at org.testng.TestNG.runSuitesLocally(TestNG.java:1123)
	at org.testng.TestNG.run(TestNG.java:1031)
	at org.testng.remote.AbstractRemoteTestNG.run(AbstractRemoteTestNG.java:115)
	at org.testng.remote.RemoteTestNG.initAndRun(RemoteTestNG.java:251)
	at org.testng.remote.RemoteTestNG.main(RemoteTestNG.java:77)
</pre></div></td>
<td>12</td>
<td>Admin.User_Management@d278d2b</td></tr>
<tr>
<td title='Admin.User_Management.SGL_Ranchi_Admin_Language_73()'><b>SGL_Ranchi_Admin_Language_73</b><br>Test class: Admin.User_Management<br>Test method: To verify that user is able to perform "Sorting" functionality for particular group.</td>
<td><div><pre>org.openqa.selenium.ElementNotInteractableException: element not interactable
  (Session info: chrome=99.0.4844.84)
Build info: version: &apos;3.141.59&apos;, revision: &apos;e82be7d358&apos;, time: &apos;2018-11-14T08:17:03&apos;
System info: host: &apos;QUASPC1210&apos;, ip: &apos;192.168.1.210&apos;, os.name: &apos;Windows 10&apos;, os.arch: &apos;amd64&apos;, os.version: &apos;10.0&apos;, java.version: &apos;11.0.12&apos;
Driver info: org.openqa.selenium.chrome.ChromeDriver
Capabilities {acceptInsecureCerts: false, browserName: chrome, browserVersion: 99.0.4844.84, chrome: {chromedriverVersion: 99.0.4844.51 (d537ec02474b5..., userDataDir: C:\Users\meet.g\AppData\Loc...}, goog:chromeOptions: {debuggerAddress: localhost:53189}, javascriptEnabled: true, networkConnectionEnabled: false, pageLoadStrategy: normal, platform: WINDOWS, platformName: WINDOWS, proxy: Proxy(), setWindowRect: true, strictFileInteractability: false, timeouts: {implicit: 0, pageLoad: 300000, script: 30000}, unhandledPromptBehavior: dismiss and notify, webauthn:extension:credBlob: true, webauthn:extension:largeBlob: true, webauthn:virtualAuthenticators: true}
Session ID: 785c4267d34ae2074edf8d8f183b4c6e
	at org.openqa.selenium.remote.http.W3CHttpResponseCodec.createException(W3CHttpResponseCodec.java:187)
	at org.openqa.selenium.remote.http.W3CHttpResponseCodec.decode(W3CHttpResponseCodec.java:122)
	at org.openqa.selenium.remote.http.W3CHttpResponseCodec.decode(W3CHttpResponseCodec.java:49)
	at org.openqa.selenium.remote.HttpCommandExecutor.execute(HttpCommandExecutor.java:158)
	at org.openqa.selenium.remote.service.DriverCommandExecutor.execute(DriverCommandExecutor.java:83)
	at org.openqa.selenium.remote.RemoteWebDriver.execute(RemoteWebDriver.java:552)
	at org.openqa.selenium.remote.RemoteWebElement.execute(RemoteWebElement.java:285)
	at org.openqa.selenium.remote.RemoteWebElement.sendKeys(RemoteWebElement.java:106)
	at Admin.User_Management.SGL_Ranchi_Admin_Language_73(User_Management.java:2268)
... Removed 28 stack frames</pre></div><a href='#' onClick='toggleBox("stack-trace1643507357", this, "Click to show all stack frames", "Click to hide stack frames")'>Click to show all stack frames</a>
<div class='stack-trace' id='stack-trace1643507357'><pre>org.openqa.selenium.ElementNotInteractableException: element not interactable
  (Session info: chrome=99.0.4844.84)
Build info: version: &apos;3.141.59&apos;, revision: &apos;e82be7d358&apos;, time: &apos;2018-11-14T08:17:03&apos;
System info: host: &apos;QUASPC1210&apos;, ip: &apos;192.168.1.210&apos;, os.name: &apos;Windows 10&apos;, os.arch: &apos;amd64&apos;, os.version: &apos;10.0&apos;, java.version: &apos;11.0.12&apos;
Driver info: org.openqa.selenium.chrome.ChromeDriver
Capabilities {acceptInsecureCerts: false, browserName: chrome, browserVersion: 99.0.4844.84, chrome: {chromedriverVersion: 99.0.4844.51 (d537ec02474b5..., userDataDir: C:\Users\meet.g\AppData\Loc...}, goog:chromeOptions: {debuggerAddress: localhost:53189}, javascriptEnabled: true, networkConnectionEnabled: false, pageLoadStrategy: normal, platform: WINDOWS, platformName: WINDOWS, proxy: Proxy(), setWindowRect: true, strictFileInteractability: false, timeouts: {implicit: 0, pageLoad: 300000, script: 30000}, unhandledPromptBehavior: dismiss and notify, webauthn:extension:credBlob: true, webauthn:extension:largeBlob: true, webauthn:virtualAuthenticators: true}
Session ID: 785c4267d34ae2074edf8d8f183b4c6e
	at java.base/jdk.internal.reflect.NativeConstructorAccessorImpl.newInstance0(Native Method)
	at java.base/jdk.internal.reflect.NativeConstructorAccessorImpl.newInstance(NativeConstructorAccessorImpl.java:62)
	at java.base/jdk.internal.reflect.DelegatingConstructorAccessorImpl.newInstance(DelegatingConstructorAccessorImpl.java:45)
	at java.base/java.lang.reflect.Constructor.newInstance(Constructor.java:490)
	at org.openqa.selenium.remote.http.W3CHttpResponseCodec.createException(W3CHttpResponseCodec.java:187)
	at org.openqa.selenium.remote.http.W3CHttpResponseCodec.decode(W3CHttpResponseCodec.java:122)
	at org.openqa.selenium.remote.http.W3CHttpResponseCodec.decode(W3CHttpResponseCodec.java:49)
	at org.openqa.selenium.remote.HttpCommandExecutor.execute(HttpCommandExecutor.java:158)
	at org.openqa.selenium.remote.service.DriverCommandExecutor.execute(DriverCommandExecutor.java:83)
	at org.openqa.selenium.remote.RemoteWebDriver.execute(RemoteWebDriver.java:552)
	at org.openqa.selenium.remote.RemoteWebElement.execute(RemoteWebElement.java:285)
	at org.openqa.selenium.remote.RemoteWebElement.sendKeys(RemoteWebElement.java:106)
	at Admin.User_Management.SGL_Ranchi_Admin_Language_73(User_Management.java:2268)
	at java.base/jdk.internal.reflect.NativeMethodAccessorImpl.invoke0(Native Method)
	at java.base/jdk.internal.reflect.NativeMethodAccessorImpl.invoke(NativeMethodAccessorImpl.java:62)
	at java.base/jdk.internal.reflect.DelegatingMethodAccessorImpl.invoke(DelegatingMethodAccessorImpl.java:43)
	at java.base/java.lang.reflect.Method.invoke(Method.java:566)
	at org.testng.internal.MethodInvocationHelper.invokeMethod(MethodInvocationHelper.java:80)
	at org.testng.internal.Invoker.invokeMethod(Invoker.java:714)
	at org.testng.internal.Invoker.invokeTestMethod(Invoker.java:901)
	at org.testng.internal.Invoker.invokeTestMethods(Invoker.java:1231)
	at org.testng.internal.TestMethodWorker.invokeTestMethods(TestMethodWorker.java:127)
	at org.testng.internal.TestMethodWorker.run(TestMethodWorker.java:111)
	at org.testng.TestRunner.privateRun(TestRunner.java:767)
	at org.testng.TestRunner.run(TestRunner.java:617)
	at org.testng.SuiteRunner.runTest(SuiteRunner.java:334)
	at org.testng.SuiteRunner.runSequentially(SuiteRunner.java:329)
	at org.testng.SuiteRunner.privateRun(SuiteRunner.java:291)
	at org.testng.SuiteRunner.run(SuiteRunner.java:240)
	at org.testng.SuiteRunnerWorker.runSuite(SuiteRunnerWorker.java:52)
	at org.testng.SuiteRunnerWorker.run(SuiteRunnerWorker.java:86)
	at org.testng.TestNG.runSuitesSequentially(TestNG.java:1198)
	at org.testng.TestNG.runSuitesLocally(TestNG.java:1123)
	at org.testng.TestNG.run(TestNG.java:1031)
	at org.testng.remote.AbstractRemoteTestNG.run(AbstractRemoteTestNG.java:115)
	at org.testng.remote.RemoteTestNG.initAndRun(RemoteTestNG.java:251)
	at org.testng.remote.RemoteTestNG.main(RemoteTestNG.java:77)
</pre></div></td>
<td>67</td>
<td>Admin.User_Management@d278d2b</td></tr>
<tr>
<td title='Admin.User_Management.SGL_Ranchi_Admin_Language_79()'><b>SGL_Ranchi_Admin_Language_79</b><br>Test class: Admin.User_Management<br>Test method: To verify that user is able to "Assign/Unassigned" particular groups to the selected role.</td>
<td><div><pre>org.openqa.selenium.NoSuchElementException: no such element: Unable to locate element: {&quot;method&quot;:&quot;xpath&quot;,&quot;selector&quot;:&quot;//p[text()=&quot;Layer successfully added for this role&quot;]&quot;}
  (Session info: chrome=99.0.4844.84)
For documentation on this error, please visit: https://www.seleniumhq.org/exceptions/no_such_element.html
Build info: version: &apos;3.141.59&apos;, revision: &apos;e82be7d358&apos;, time: &apos;2018-11-14T08:17:03&apos;
System info: host: &apos;QUASPC1210&apos;, ip: &apos;192.168.1.210&apos;, os.name: &apos;Windows 10&apos;, os.arch: &apos;amd64&apos;, os.version: &apos;10.0&apos;, java.version: &apos;11.0.12&apos;
Driver info: org.openqa.selenium.chrome.ChromeDriver
Capabilities {acceptInsecureCerts: false, browserName: chrome, browserVersion: 99.0.4844.84, chrome: {chromedriverVersion: 99.0.4844.51 (d537ec02474b5..., userDataDir: C:\Users\meet.g\AppData\Loc...}, goog:chromeOptions: {debuggerAddress: localhost:53445}, javascriptEnabled: true, networkConnectionEnabled: false, pageLoadStrategy: normal, platform: WINDOWS, platformName: WINDOWS, proxy: Proxy(), setWindowRect: true, strictFileInteractability: false, timeouts: {implicit: 0, pageLoad: 300000, script: 30000}, unhandledPromptBehavior: dismiss and notify, webauthn:extension:credBlob: true, webauthn:extension:largeBlob: true, webauthn:virtualAuthenticators: true}
Session ID: dbf69acf39baa63fb386ae6dfe304977
*** Element info: {Using=xpath, value=//p[text()=&quot;Layer successfully added for this role&quot;]}
	at org.openqa.selenium.remote.http.W3CHttpResponseCodec.createException(W3CHttpResponseCodec.java:187)
	at org.openqa.selenium.remote.http.W3CHttpResponseCodec.decode(W3CHttpResponseCodec.java:122)
	at org.openqa.selenium.remote.http.W3CHttpResponseCodec.decode(W3CHttpResponseCodec.java:49)
	at org.openqa.selenium.remote.HttpCommandExecutor.execute(HttpCommandExecutor.java:158)
	at org.openqa.selenium.remote.service.DriverCommandExecutor.execute(DriverCommandExecutor.java:83)
	at org.openqa.selenium.remote.RemoteWebDriver.execute(RemoteWebDriver.java:552)
	at org.openqa.selenium.remote.RemoteWebDriver.findElement(RemoteWebDriver.java:323)
	at org.openqa.selenium.remote.RemoteWebDriver.findElementByXPath(RemoteWebDriver.java:428)
	at org.openqa.selenium.By$ByXPath.findElement(By.java:353)
	at org.openqa.selenium.remote.RemoteWebDriver.findElement(RemoteWebDriver.java:315)
	at Admin.User_Management.SGL_Ranchi_Admin_Language_79(User_Management.java:2418)
... Removed 28 stack frames</pre></div><a href='#' onClick='toggleBox("stack-trace1043227965", this, "Click to show all stack frames", "Click to hide stack frames")'>Click to show all stack frames</a>
<div class='stack-trace' id='stack-trace1043227965'><pre>org.openqa.selenium.NoSuchElementException: no such element: Unable to locate element: {&quot;method&quot;:&quot;xpath&quot;,&quot;selector&quot;:&quot;//p[text()=&quot;Layer successfully added for this role&quot;]&quot;}
  (Session info: chrome=99.0.4844.84)
For documentation on this error, please visit: https://www.seleniumhq.org/exceptions/no_such_element.html
Build info: version: &apos;3.141.59&apos;, revision: &apos;e82be7d358&apos;, time: &apos;2018-11-14T08:17:03&apos;
System info: host: &apos;QUASPC1210&apos;, ip: &apos;192.168.1.210&apos;, os.name: &apos;Windows 10&apos;, os.arch: &apos;amd64&apos;, os.version: &apos;10.0&apos;, java.version: &apos;11.0.12&apos;
Driver info: org.openqa.selenium.chrome.ChromeDriver
Capabilities {acceptInsecureCerts: false, browserName: chrome, browserVersion: 99.0.4844.84, chrome: {chromedriverVersion: 99.0.4844.51 (d537ec02474b5..., userDataDir: C:\Users\meet.g\AppData\Loc...}, goog:chromeOptions: {debuggerAddress: localhost:53445}, javascriptEnabled: true, networkConnectionEnabled: false, pageLoadStrategy: normal, platform: WINDOWS, platformName: WINDOWS, proxy: Proxy(), setWindowRect: true, strictFileInteractability: false, timeouts: {implicit: 0, pageLoad: 300000, script: 30000}, unhandledPromptBehavior: dismiss and notify, webauthn:extension:credBlob: true, webauthn:extension:largeBlob: true, webauthn:virtualAuthenticators: true}
Session ID: dbf69acf39baa63fb386ae6dfe304977
*** Element info: {Using=xpath, value=//p[text()=&quot;Layer successfully added for this role&quot;]}
	at java.base/jdk.internal.reflect.NativeConstructorAccessorImpl.newInstance0(Native Method)
	at java.base/jdk.internal.reflect.NativeConstructorAccessorImpl.newInstance(NativeConstructorAccessorImpl.java:62)
	at java.base/jdk.internal.reflect.DelegatingConstructorAccessorImpl.newInstance(DelegatingConstructorAccessorImpl.java:45)
	at java.base/java.lang.reflect.Constructor.newInstance(Constructor.java:490)
	at org.openqa.selenium.remote.http.W3CHttpResponseCodec.createException(W3CHttpResponseCodec.java:187)
	at org.openqa.selenium.remote.http.W3CHttpResponseCodec.decode(W3CHttpResponseCodec.java:122)
	at org.openqa.selenium.remote.http.W3CHttpResponseCodec.decode(W3CHttpResponseCodec.java:49)
	at org.openqa.selenium.remote.HttpCommandExecutor.execute(HttpCommandExecutor.java:158)
	at org.openqa.selenium.remote.service.DriverCommandExecutor.execute(DriverCommandExecutor.java:83)
	at org.openqa.selenium.remote.RemoteWebDriver.execute(RemoteWebDriver.java:552)
	at org.openqa.selenium.remote.RemoteWebDriver.findElement(RemoteWebDriver.java:323)
	at org.openqa.selenium.remote.RemoteWebDriver.findElementByXPath(RemoteWebDriver.java:428)
	at org.openqa.selenium.By$ByXPath.findElement(By.java:353)
	at org.openqa.selenium.remote.RemoteWebDriver.findElement(RemoteWebDriver.java:315)
	at Admin.User_Management.SGL_Ranchi_Admin_Language_79(User_Management.java:2418)
	at java.base/jdk.internal.reflect.NativeMethodAccessorImpl.invoke0(Native Method)
	at java.base/jdk.internal.reflect.NativeMethodAccessorImpl.invoke(NativeMethodAccessorImpl.java:62)
	at java.base/jdk.internal.reflect.DelegatingMethodAccessorImpl.invoke(DelegatingMethodAccessorImpl.java:43)
	at java.base/java.lang.reflect.Method.invoke(Method.java:566)
	at org.testng.internal.MethodInvocationHelper.invokeMethod(MethodInvocationHelper.java:80)
	at org.testng.internal.Invoker.invokeMethod(Invoker.java:714)
	at org.testng.internal.Invoker.invokeTestMethod(Invoker.java:901)
	at org.testng.internal.Invoker.invokeTestMethods(Invoker.java:1231)
	at org.testng.internal.TestMethodWorker.invokeTestMethods(TestMethodWorker.java:127)
	at org.testng.internal.TestMethodWorker.run(TestMethodWorker.java:111)
	at org.testng.TestRunner.privateRun(TestRunner.java:767)
	at org.testng.TestRunner.run(TestRunner.java:617)
	at org.testng.SuiteRunner.runTest(SuiteRunner.java:334)
	at org.testng.SuiteRunner.runSequentially(SuiteRunner.java:329)
	at org.testng.SuiteRunner.privateRun(SuiteRunner.java:291)
	at org.testng.SuiteRunner.run(SuiteRunner.java:240)
	at org.testng.SuiteRunnerWorker.runSuite(SuiteRunnerWorker.java:52)
	at org.testng.SuiteRunnerWorker.run(SuiteRunnerWorker.java:86)
	at org.testng.TestNG.runSuitesSequentially(TestNG.java:1198)
	at org.testng.TestNG.runSuitesLocally(TestNG.java:1123)
	at org.testng.TestNG.run(TestNG.java:1031)
	at org.testng.remote.AbstractRemoteTestNG.run(AbstractRemoteTestNG.java:115)
	at org.testng.remote.RemoteTestNG.initAndRun(RemoteTestNG.java:251)
	at org.testng.remote.RemoteTestNG.main(RemoteTestNG.java:77)
</pre></div></td>
<td>11</td>
<td>Admin.User_Management@d278d2b</td></tr>
<tr>
<td title='Admin.User_Management.SGL_Ranchi_Admin_Language_81()'><b>SGL_Ranchi_Admin_Language_81</b><br>Test class: Admin.User_Management<br>Test method: To verify that user is able to "Is Default" functionality for the layer.<br>Parameters: public void Admin.User_Management.SGL_Ranchi_Admin_Language_81(java.lang.reflect.Method) throws java.lang.InterruptedException</td>
<td><div><pre>org.openqa.selenium.NoSuchElementException: no such element: Unable to locate element: {&quot;method&quot;:&quot;xpath&quot;,&quot;selector&quot;:&quot;//p[text()=&quot;Layer borewell is default active  for this role.&quot;]&quot;}
  (Session info: chrome=99.0.4844.84)
For documentation on this error, please visit: https://www.seleniumhq.org/exceptions/no_such_element.html
Build info: version: &apos;3.141.59&apos;, revision: &apos;e82be7d358&apos;, time: &apos;2018-11-14T08:17:03&apos;
System info: host: &apos;QUASPC1210&apos;, ip: &apos;192.168.1.210&apos;, os.name: &apos;Windows 10&apos;, os.arch: &apos;amd64&apos;, os.version: &apos;10.0&apos;, java.version: &apos;11.0.12&apos;
Driver info: org.openqa.selenium.chrome.ChromeDriver
Capabilities {acceptInsecureCerts: false, browserName: chrome, browserVersion: 99.0.4844.84, chrome: {chromedriverVersion: 99.0.4844.51 (d537ec02474b5..., userDataDir: C:\Users\meet.g\AppData\Loc...}, goog:chromeOptions: {debuggerAddress: localhost:53535}, javascriptEnabled: true, networkConnectionEnabled: false, pageLoadStrategy: normal, platform: WINDOWS, platformName: WINDOWS, proxy: Proxy(), setWindowRect: true, strictFileInteractability: false, timeouts: {implicit: 0, pageLoad: 300000, script: 30000}, unhandledPromptBehavior: dismiss and notify, webauthn:extension:credBlob: true, webauthn:extension:largeBlob: true, webauthn:virtualAuthenticators: true}
Session ID: 947742c15156e390d7bb742b1b2de639
*** Element info: {Using=xpath, value=//p[text()=&quot;Layer borewell is default active  for this role.&quot;]}
	at org.openqa.selenium.remote.http.W3CHttpResponseCodec.createException(W3CHttpResponseCodec.java:187)
	at org.openqa.selenium.remote.http.W3CHttpResponseCodec.decode(W3CHttpResponseCodec.java:122)
	at org.openqa.selenium.remote.http.W3CHttpResponseCodec.decode(W3CHttpResponseCodec.java:49)
	at org.openqa.selenium.remote.HttpCommandExecutor.execute(HttpCommandExecutor.java:158)
	at org.openqa.selenium.remote.service.DriverCommandExecutor.execute(DriverCommandExecutor.java:83)
	at org.openqa.selenium.remote.RemoteWebDriver.execute(RemoteWebDriver.java:552)
	at org.openqa.selenium.remote.RemoteWebDriver.findElement(RemoteWebDriver.java:323)
	at org.openqa.selenium.remote.RemoteWebDriver.findElementByXPath(RemoteWebDriver.java:428)
	at org.openqa.selenium.By$ByXPath.findElement(By.java:353)
	at org.openqa.selenium.remote.RemoteWebDriver.findElement(RemoteWebDriver.java:315)
	at Admin.User_Management.SGL_Ranchi_Admin_Language_81(User_Management.java:2481)
... Removed 28 stack frames</pre></div><a href='#' onClick='toggleBox("stack-trace1594666098", this, "Click to show all stack frames", "Click to hide stack frames")'>Click to show all stack frames</a>
<div class='stack-trace' id='stack-trace1594666098'><pre>org.openqa.selenium.NoSuchElementException: no such element: Unable to locate element: {&quot;method&quot;:&quot;xpath&quot;,&quot;selector&quot;:&quot;//p[text()=&quot;Layer borewell is default active  for this role.&quot;]&quot;}
  (Session info: chrome=99.0.4844.84)
For documentation on this error, please visit: https://www.seleniumhq.org/exceptions/no_such_element.html
Build info: version: &apos;3.141.59&apos;, revision: &apos;e82be7d358&apos;, time: &apos;2018-11-14T08:17:03&apos;
System info: host: &apos;QUASPC1210&apos;, ip: &apos;192.168.1.210&apos;, os.name: &apos;Windows 10&apos;, os.arch: &apos;amd64&apos;, os.version: &apos;10.0&apos;, java.version: &apos;11.0.12&apos;
Driver info: org.openqa.selenium.chrome.ChromeDriver
Capabilities {acceptInsecureCerts: false, browserName: chrome, browserVersion: 99.0.4844.84, chrome: {chromedriverVersion: 99.0.4844.51 (d537ec02474b5..., userDataDir: C:\Users\meet.g\AppData\Loc...}, goog:chromeOptions: {debuggerAddress: localhost:53535}, javascriptEnabled: true, networkConnectionEnabled: false, pageLoadStrategy: normal, platform: WINDOWS, platformName: WINDOWS, proxy: Proxy(), setWindowRect: true, strictFileInteractability: false, timeouts: {implicit: 0, pageLoad: 300000, script: 30000}, unhandledPromptBehavior: dismiss and notify, webauthn:extension:credBlob: true, webauthn:extension:largeBlob: true, webauthn:virtualAuthenticators: true}
Session ID: 947742c15156e390d7bb742b1b2de639
*** Element info: {Using=xpath, value=//p[text()=&quot;Layer borewell is default active  for this role.&quot;]}
	at java.base/jdk.internal.reflect.NativeConstructorAccessorImpl.newInstance0(Native Method)
	at java.base/jdk.internal.reflect.NativeConstructorAccessorImpl.newInstance(NativeConstructorAccessorImpl.java:62)
	at java.base/jdk.internal.reflect.DelegatingConstructorAccessorImpl.newInstance(DelegatingConstructorAccessorImpl.java:45)
	at java.base/java.lang.reflect.Constructor.newInstance(Constructor.java:490)
	at org.openqa.selenium.remote.http.W3CHttpResponseCodec.createException(W3CHttpResponseCodec.java:187)
	at org.openqa.selenium.remote.http.W3CHttpResponseCodec.decode(W3CHttpResponseCodec.java:122)
	at org.openqa.selenium.remote.http.W3CHttpResponseCodec.decode(W3CHttpResponseCodec.java:49)
	at org.openqa.selenium.remote.HttpCommandExecutor.execute(HttpCommandExecutor.java:158)
	at org.openqa.selenium.remote.service.DriverCommandExecutor.execute(DriverCommandExecutor.java:83)
	at org.openqa.selenium.remote.RemoteWebDriver.execute(RemoteWebDriver.java:552)
	at org.openqa.selenium.remote.RemoteWebDriver.findElement(RemoteWebDriver.java:323)
	at org.openqa.selenium.remote.RemoteWebDriver.findElementByXPath(RemoteWebDriver.java:428)
	at org.openqa.selenium.By$ByXPath.findElement(By.java:353)
	at org.openqa.selenium.remote.RemoteWebDriver.findElement(RemoteWebDriver.java:315)
	at Admin.User_Management.SGL_Ranchi_Admin_Language_81(User_Management.java:2481)
	at java.base/jdk.internal.reflect.NativeMethodAccessorImpl.invoke0(Native Method)
	at java.base/jdk.internal.reflect.NativeMethodAccessorImpl.invoke(NativeMethodAccessorImpl.java:62)
	at java.base/jdk.internal.reflect.DelegatingMethodAccessorImpl.invoke(DelegatingMethodAccessorImpl.java:43)
	at java.base/java.lang.reflect.Method.invoke(Method.java:566)
	at org.testng.internal.MethodInvocationHelper.invokeMethod(MethodInvocationHelper.java:80)
	at org.testng.internal.Invoker.invokeMethod(Invoker.java:714)
	at org.testng.internal.Invoker.invokeTestMethod(Invoker.java:901)
	at org.testng.internal.Invoker.invokeTestMethods(Invoker.java:1231)
	at org.testng.internal.TestMethodWorker.invokeTestMethods(TestMethodWorker.java:127)
	at org.testng.internal.TestMethodWorker.run(TestMethodWorker.java:111)
	at org.testng.TestRunner.privateRun(TestRunner.java:767)
	at org.testng.TestRunner.run(TestRunner.java:617)
	at org.testng.SuiteRunner.runTest(SuiteRunner.java:334)
	at org.testng.SuiteRunner.runSequentially(SuiteRunner.java:329)
	at org.testng.SuiteRunner.privateRun(SuiteRunner.java:291)
	at org.testng.SuiteRunner.run(SuiteRunner.java:240)
	at org.testng.SuiteRunnerWorker.runSuite(SuiteRunnerWorker.java:52)
	at org.testng.SuiteRunnerWorker.run(SuiteRunnerWorker.java:86)
	at org.testng.TestNG.runSuitesSequentially(TestNG.java:1198)
	at org.testng.TestNG.runSuitesLocally(TestNG.java:1123)
	at org.testng.TestNG.run(TestNG.java:1031)
	at org.testng.remote.AbstractRemoteTestNG.run(AbstractRemoteTestNG.java:115)
	at org.testng.remote.RemoteTestNG.initAndRun(RemoteTestNG.java:251)
	at org.testng.remote.RemoteTestNG.main(RemoteTestNG.java:77)
</pre></div></td>
<td>21</td>
<td>Admin.User_Management@d278d2b</td></tr>
<tr>
<td title='Admin.User_Management.SGL_Ranchi_Admin_Language_82()'><b>SGL_Ranchi_Admin_Language_82</b><br>Test class: Admin.User_Management<br>Test method: To verify that user is able to assign/unassign "Is Right Click" functionality for the layer.<br>Parameters: public void Admin.User_Management.SGL_Ranchi_Admin_Language_82(java.lang.reflect.Method) throws java.lang.InterruptedException</td>
<td><div><pre>org.openqa.selenium.NoSuchElementException: no such element: Unable to locate element: {&quot;method&quot;:&quot;xpath&quot;,&quot;selector&quot;:&quot;//p[text()=&quot;Layer borewell right click active for this role.&quot;]&quot;}
  (Session info: chrome=99.0.4844.84)
For documentation on this error, please visit: https://www.seleniumhq.org/exceptions/no_such_element.html
Build info: version: &apos;3.141.59&apos;, revision: &apos;e82be7d358&apos;, time: &apos;2018-11-14T08:17:03&apos;
System info: host: &apos;QUASPC1210&apos;, ip: &apos;192.168.1.210&apos;, os.name: &apos;Windows 10&apos;, os.arch: &apos;amd64&apos;, os.version: &apos;10.0&apos;, java.version: &apos;11.0.12&apos;
Driver info: org.openqa.selenium.chrome.ChromeDriver
Capabilities {acceptInsecureCerts: false, browserName: chrome, browserVersion: 99.0.4844.84, chrome: {chromedriverVersion: 99.0.4844.51 (d537ec02474b5..., userDataDir: C:\Users\meet.g\AppData\Loc...}, goog:chromeOptions: {debuggerAddress: localhost:53577}, javascriptEnabled: true, networkConnectionEnabled: false, pageLoadStrategy: normal, platform: WINDOWS, platformName: WINDOWS, proxy: Proxy(), setWindowRect: true, strictFileInteractability: false, timeouts: {implicit: 0, pageLoad: 300000, script: 30000}, unhandledPromptBehavior: dismiss and notify, webauthn:extension:credBlob: true, webauthn:extension:largeBlob: true, webauthn:virtualAuthenticators: true}
Session ID: bd2f9b86172373cca75b6723ca9b3551
*** Element info: {Using=xpath, value=//p[text()=&quot;Layer borewell right click active for this role.&quot;]}
	at org.openqa.selenium.remote.http.W3CHttpResponseCodec.createException(W3CHttpResponseCodec.java:187)
	at org.openqa.selenium.remote.http.W3CHttpResponseCodec.decode(W3CHttpResponseCodec.java:122)
	at org.openqa.selenium.remote.http.W3CHttpResponseCodec.decode(W3CHttpResponseCodec.java:49)
	at org.openqa.selenium.remote.HttpCommandExecutor.execute(HttpCommandExecutor.java:158)
	at org.openqa.selenium.remote.service.DriverCommandExecutor.execute(DriverCommandExecutor.java:83)
	at org.openqa.selenium.remote.RemoteWebDriver.execute(RemoteWebDriver.java:552)
	at org.openqa.selenium.remote.RemoteWebDriver.findElement(RemoteWebDriver.java:323)
	at org.openqa.selenium.remote.RemoteWebDriver.findElementByXPath(RemoteWebDriver.java:428)
	at org.openqa.selenium.By$ByXPath.findElement(By.java:353)
	at org.openqa.selenium.remote.RemoteWebDriver.findElement(RemoteWebDriver.java:315)
	at Admin.User_Management.SGL_Ranchi_Admin_Language_82(User_Management.java:2516)
... Removed 28 stack frames</pre></div><a href='#' onClick='toggleBox("stack-trace1368955026", this, "Click to show all stack frames", "Click to hide stack frames")'>Click to show all stack frames</a>
<div class='stack-trace' id='stack-trace1368955026'><pre>org.openqa.selenium.NoSuchElementException: no such element: Unable to locate element: {&quot;method&quot;:&quot;xpath&quot;,&quot;selector&quot;:&quot;//p[text()=&quot;Layer borewell right click active for this role.&quot;]&quot;}
  (Session info: chrome=99.0.4844.84)
For documentation on this error, please visit: https://www.seleniumhq.org/exceptions/no_such_element.html
Build info: version: &apos;3.141.59&apos;, revision: &apos;e82be7d358&apos;, time: &apos;2018-11-14T08:17:03&apos;
System info: host: &apos;QUASPC1210&apos;, ip: &apos;192.168.1.210&apos;, os.name: &apos;Windows 10&apos;, os.arch: &apos;amd64&apos;, os.version: &apos;10.0&apos;, java.version: &apos;11.0.12&apos;
Driver info: org.openqa.selenium.chrome.ChromeDriver
Capabilities {acceptInsecureCerts: false, browserName: chrome, browserVersion: 99.0.4844.84, chrome: {chromedriverVersion: 99.0.4844.51 (d537ec02474b5..., userDataDir: C:\Users\meet.g\AppData\Loc...}, goog:chromeOptions: {debuggerAddress: localhost:53577}, javascriptEnabled: true, networkConnectionEnabled: false, pageLoadStrategy: normal, platform: WINDOWS, platformName: WINDOWS, proxy: Proxy(), setWindowRect: true, strictFileInteractability: false, timeouts: {implicit: 0, pageLoad: 300000, script: 30000}, unhandledPromptBehavior: dismiss and notify, webauthn:extension:credBlob: true, webauthn:extension:largeBlob: true, webauthn:virtualAuthenticators: true}
Session ID: bd2f9b86172373cca75b6723ca9b3551
*** Element info: {Using=xpath, value=//p[text()=&quot;Layer borewell right click active for this role.&quot;]}
	at java.base/jdk.internal.reflect.NativeConstructorAccessorImpl.newInstance0(Native Method)
	at java.base/jdk.internal.reflect.NativeConstructorAccessorImpl.newInstance(NativeConstructorAccessorImpl.java:62)
	at java.base/jdk.internal.reflect.DelegatingConstructorAccessorImpl.newInstance(DelegatingConstructorAccessorImpl.java:45)
	at java.base/java.lang.reflect.Constructor.newInstance(Constructor.java:490)
	at org.openqa.selenium.remote.http.W3CHttpResponseCodec.createException(W3CHttpResponseCodec.java:187)
	at org.openqa.selenium.remote.http.W3CHttpResponseCodec.decode(W3CHttpResponseCodec.java:122)
	at org.openqa.selenium.remote.http.W3CHttpResponseCodec.decode(W3CHttpResponseCodec.java:49)
	at org.openqa.selenium.remote.HttpCommandExecutor.execute(HttpCommandExecutor.java:158)
	at org.openqa.selenium.remote.service.DriverCommandExecutor.execute(DriverCommandExecutor.java:83)
	at org.openqa.selenium.remote.RemoteWebDriver.execute(RemoteWebDriver.java:552)
	at org.openqa.selenium.remote.RemoteWebDriver.findElement(RemoteWebDriver.java:323)
	at org.openqa.selenium.remote.RemoteWebDriver.findElementByXPath(RemoteWebDriver.java:428)
	at org.openqa.selenium.By$ByXPath.findElement(By.java:353)
	at org.openqa.selenium.remote.RemoteWebDriver.findElement(RemoteWebDriver.java:315)
	at Admin.User_Management.SGL_Ranchi_Admin_Language_82(User_Management.java:2516)
	at java.base/jdk.internal.reflect.NativeMethodAccessorImpl.invoke0(Native Method)
	at java.base/jdk.internal.reflect.NativeMethodAccessorImpl.invoke(NativeMethodAccessorImpl.java:62)
	at java.base/jdk.internal.reflect.DelegatingMethodAccessorImpl.invoke(DelegatingMethodAccessorImpl.java:43)
	at java.base/java.lang.reflect.Method.invoke(Method.java:566)
	at org.testng.internal.MethodInvocationHelper.invokeMethod(MethodInvocationHelper.java:80)
	at org.testng.internal.Invoker.invokeMethod(Invoker.java:714)
	at org.testng.internal.Invoker.invokeTestMethod(Invoker.java:901)
	at org.testng.internal.Invoker.invokeTestMethods(Invoker.java:1231)
	at org.testng.internal.TestMethodWorker.invokeTestMethods(TestMethodWorker.java:127)
	at org.testng.internal.TestMethodWorker.run(TestMethodWorker.java:111)
	at org.testng.TestRunner.privateRun(TestRunner.java:767)
	at org.testng.TestRunner.run(TestRunner.java:617)
	at org.testng.SuiteRunner.runTest(SuiteRunner.java:334)
	at org.testng.SuiteRunner.runSequentially(SuiteRunner.java:329)
	at org.testng.SuiteRunner.privateRun(SuiteRunner.java:291)
	at org.testng.SuiteRunner.run(SuiteRunner.java:240)
	at org.testng.SuiteRunnerWorker.runSuite(SuiteRunnerWorker.java:52)
	at org.testng.SuiteRunnerWorker.run(SuiteRunnerWorker.java:86)
	at org.testng.TestNG.runSuitesSequentially(TestNG.java:1198)
	at org.testng.TestNG.runSuitesLocally(TestNG.java:1123)
	at org.testng.TestNG.run(TestNG.java:1031)
	at org.testng.remote.AbstractRemoteTestNG.run(AbstractRemoteTestNG.java:115)
	at org.testng.remote.RemoteTestNG.initAndRun(RemoteTestNG.java:251)
	at org.testng.remote.RemoteTestNG.main(RemoteTestNG.java:77)
</pre></div></td>
<td>13</td>
<td>Admin.User_Management@d278d2b</td></tr>
<tr>
<td title='Admin.User_Management.SGL_Ranchi_Admin_Language_99()'><b>SGL_Ranchi_Admin_Language_99</b><br>Test class: Admin.User_Management<br>Test method: To verify that user is able to perform "Layer Management" functionality from "Edit Layer Attribute" screen.</td>
<td><div><pre>org.openqa.selenium.NoSuchElementException: no such element: Unable to locate element: {&quot;method&quot;:&quot;xpath&quot;,&quot;selector&quot;:&quot;//ol[@class=&quot;breadcrumb&quot;]//a[text()=&quot;Layer Management&quot;]&quot;}
  (Session info: chrome=99.0.4844.84)
For documentation on this error, please visit: https://www.seleniumhq.org/exceptions/no_such_element.html
Build info: version: &apos;3.141.59&apos;, revision: &apos;e82be7d358&apos;, time: &apos;2018-11-14T08:17:03&apos;
System info: host: &apos;QUASPC1210&apos;, ip: &apos;192.168.1.210&apos;, os.name: &apos;Windows 10&apos;, os.arch: &apos;amd64&apos;, os.version: &apos;10.0&apos;, java.version: &apos;11.0.12&apos;
Driver info: org.openqa.selenium.chrome.ChromeDriver
Capabilities {acceptInsecureCerts: false, browserName: chrome, browserVersion: 99.0.4844.84, chrome: {chromedriverVersion: 99.0.4844.51 (d537ec02474b5..., userDataDir: C:\Users\meet.g\AppData\Loc...}, goog:chromeOptions: {debuggerAddress: localhost:54208}, javascriptEnabled: true, networkConnectionEnabled: false, pageLoadStrategy: normal, platform: WINDOWS, platformName: WINDOWS, proxy: Proxy(), setWindowRect: true, strictFileInteractability: false, timeouts: {implicit: 0, pageLoad: 300000, script: 30000}, unhandledPromptBehavior: dismiss and notify, webauthn:extension:credBlob: true, webauthn:extension:largeBlob: true, webauthn:virtualAuthenticators: true}
Session ID: 7564539e9097467601d06c2d3386cf9f
*** Element info: {Using=xpath, value=//ol[@class=&quot;breadcrumb&quot;]//a[text()=&quot;Layer Management&quot;]}
	at org.openqa.selenium.remote.http.W3CHttpResponseCodec.createException(W3CHttpResponseCodec.java:187)
	at org.openqa.selenium.remote.http.W3CHttpResponseCodec.decode(W3CHttpResponseCodec.java:122)
	at org.openqa.selenium.remote.http.W3CHttpResponseCodec.decode(W3CHttpResponseCodec.java:49)
	at org.openqa.selenium.remote.HttpCommandExecutor.execute(HttpCommandExecutor.java:158)
	at org.openqa.selenium.remote.service.DriverCommandExecutor.execute(DriverCommandExecutor.java:83)
	at org.openqa.selenium.remote.RemoteWebDriver.execute(RemoteWebDriver.java:552)
	at org.openqa.selenium.remote.RemoteWebDriver.findElement(RemoteWebDriver.java:323)
	at org.openqa.selenium.remote.RemoteWebDriver.findElementByXPath(RemoteWebDriver.java:428)
	at org.openqa.selenium.By$ByXPath.findElement(By.java:353)
	at org.openqa.selenium.remote.RemoteWebDriver.findElement(RemoteWebDriver.java:315)
	at Admin.User_Management.SGL_Ranchi_Admin_Language_99(User_Management.java:2923)
... Removed 28 stack frames</pre></div><a href='#' onClick='toggleBox("stack-trace805659726", this, "Click to show all stack frames", "Click to hide stack frames")'>Click to show all stack frames</a>
<div class='stack-trace' id='stack-trace805659726'><pre>org.openqa.selenium.NoSuchElementException: no such element: Unable to locate element: {&quot;method&quot;:&quot;xpath&quot;,&quot;selector&quot;:&quot;//ol[@class=&quot;breadcrumb&quot;]//a[text()=&quot;Layer Management&quot;]&quot;}
  (Session info: chrome=99.0.4844.84)
For documentation on this error, please visit: https://www.seleniumhq.org/exceptions/no_such_element.html
Build info: version: &apos;3.141.59&apos;, revision: &apos;e82be7d358&apos;, time: &apos;2018-11-14T08:17:03&apos;
System info: host: &apos;QUASPC1210&apos;, ip: &apos;192.168.1.210&apos;, os.name: &apos;Windows 10&apos;, os.arch: &apos;amd64&apos;, os.version: &apos;10.0&apos;, java.version: &apos;11.0.12&apos;
Driver info: org.openqa.selenium.chrome.ChromeDriver
Capabilities {acceptInsecureCerts: false, browserName: chrome, browserVersion: 99.0.4844.84, chrome: {chromedriverVersion: 99.0.4844.51 (d537ec02474b5..., userDataDir: C:\Users\meet.g\AppData\Loc...}, goog:chromeOptions: {debuggerAddress: localhost:54208}, javascriptEnabled: true, networkConnectionEnabled: false, pageLoadStrategy: normal, platform: WINDOWS, platformName: WINDOWS, proxy: Proxy(), setWindowRect: true, strictFileInteractability: false, timeouts: {implicit: 0, pageLoad: 300000, script: 30000}, unhandledPromptBehavior: dismiss and notify, webauthn:extension:credBlob: true, webauthn:extension:largeBlob: true, webauthn:virtualAuthenticators: true}
Session ID: 7564539e9097467601d06c2d3386cf9f
*** Element info: {Using=xpath, value=//ol[@class=&quot;breadcrumb&quot;]//a[text()=&quot;Layer Management&quot;]}
	at java.base/jdk.internal.reflect.NativeConstructorAccessorImpl.newInstance0(Native Method)
	at java.base/jdk.internal.reflect.NativeConstructorAccessorImpl.newInstance(NativeConstructorAccessorImpl.java:62)
	at java.base/jdk.internal.reflect.DelegatingConstructorAccessorImpl.newInstance(DelegatingConstructorAccessorImpl.java:45)
	at java.base/java.lang.reflect.Constructor.newInstance(Constructor.java:490)
	at org.openqa.selenium.remote.http.W3CHttpResponseCodec.createException(W3CHttpResponseCodec.java:187)
	at org.openqa.selenium.remote.http.W3CHttpResponseCodec.decode(W3CHttpResponseCodec.java:122)
	at org.openqa.selenium.remote.http.W3CHttpResponseCodec.decode(W3CHttpResponseCodec.java:49)
	at org.openqa.selenium.remote.HttpCommandExecutor.execute(HttpCommandExecutor.java:158)
	at org.openqa.selenium.remote.service.DriverCommandExecutor.execute(DriverCommandExecutor.java:83)
	at org.openqa.selenium.remote.RemoteWebDriver.execute(RemoteWebDriver.java:552)
	at org.openqa.selenium.remote.RemoteWebDriver.findElement(RemoteWebDriver.java:323)
	at org.openqa.selenium.remote.RemoteWebDriver.findElementByXPath(RemoteWebDriver.java:428)
	at org.openqa.selenium.By$ByXPath.findElement(By.java:353)
	at org.openqa.selenium.remote.RemoteWebDriver.findElement(RemoteWebDriver.java:315)
	at Admin.User_Management.SGL_Ranchi_Admin_Language_99(User_Management.java:2923)
	at java.base/jdk.internal.reflect.NativeMethodAccessorImpl.invoke0(Native Method)
	at java.base/jdk.internal.reflect.NativeMethodAccessorImpl.invoke(NativeMethodAccessorImpl.java:62)
	at java.base/jdk.internal.reflect.DelegatingMethodAccessorImpl.invoke(DelegatingMethodAccessorImpl.java:43)
	at java.base/java.lang.reflect.Method.invoke(Method.java:566)
	at org.testng.internal.MethodInvocationHelper.invokeMethod(MethodInvocationHelper.java:80)
	at org.testng.internal.Invoker.invokeMethod(Invoker.java:714)
	at org.testng.internal.Invoker.invokeTestMethod(Invoker.java:901)
	at org.testng.internal.Invoker.invokeTestMethods(Invoker.java:1231)
	at org.testng.internal.TestMethodWorker.invokeTestMethods(TestMethodWorker.java:127)
	at org.testng.internal.TestMethodWorker.run(TestMethodWorker.java:111)
	at org.testng.TestRunner.privateRun(TestRunner.java:767)
	at org.testng.TestRunner.run(TestRunner.java:617)
	at org.testng.SuiteRunner.runTest(SuiteRunner.java:334)
	at org.testng.SuiteRunner.runSequentially(SuiteRunner.java:329)
	at org.testng.SuiteRunner.privateRun(SuiteRunner.java:291)
	at org.testng.SuiteRunner.run(SuiteRunner.java:240)
	at org.testng.SuiteRunnerWorker.runSuite(SuiteRunnerWorker.java:52)
	at org.testng.SuiteRunnerWorker.run(SuiteRunnerWorker.java:86)
	at org.testng.TestNG.runSuitesSequentially(TestNG.java:1198)
	at org.testng.TestNG.runSuitesLocally(TestNG.java:1123)
	at org.testng.TestNG.run(TestNG.java:1031)
	at org.testng.remote.AbstractRemoteTestNG.run(AbstractRemoteTestNG.java:115)
	at org.testng.remote.RemoteTestNG.initAndRun(RemoteTestNG.java:251)
	at org.testng.remote.RemoteTestNG.main(RemoteTestNG.java:77)
</pre></div></td>
<td>13</td>
<td>Admin.User_Management@d278d2b</td></tr>
</table><p>
<table width='100%' border='1' class='invocation-passed'>
<tr><td colspan='4' align='center'><b>PASSED TESTS</b></td></tr>
<tr><td><b>Test method</b></td>
<td width="30%"><b>Exception</b></td>
<td width="10%"><b>Time (seconds)</b></td>
<td><b>Instance</b></td>
</tr>
<tr>
<td title='Admin.User_Management.SGL_Ranchi_Admin_Language_01()'><b>SGL_Ranchi_Admin_Language_01</b><br>Test class: Admin.User_Management<br>Test method: To verify that user is able to change language (from English to Hindi) / (from Hindi to English) for "Administrator" page.<br>Parameters: public void Admin.User_Management.SGL_Ranchi_Admin_Language_01(java.lang.reflect.Method) throws java.lang.InterruptedException</td>
<td></td>
<td>4</td>
<td>Admin.User_Management@d278d2b</td></tr>
<tr>
<td title='Admin.User_Management.SGL_Ranchi_Admin_Language_02()'><b>SGL_Ranchi_Admin_Language_02</b><br>Test class: Admin.User_Management<br>Test method: To verify that user is able to perform "Help" functionality. </td>
<td></td>
<td>4</td>
<td>Admin.User_Management@d278d2b</td></tr>
<tr>
<td title='Admin.User_Management.SGL_Ranchi_Admin_Language_03()'><b>SGL_Ranchi_Admin_Language_03</b><br>Test class: Admin.User_Management<br>Test method: To verify that user is able to get "User Management" functionality.</td>
<td></td>
<td>2</td>
<td>Admin.User_Management@d278d2b</td></tr>
<tr>
<td title='Admin.User_Management.SGL_Ranchi_Admin_Language_04()'><b>SGL_Ranchi_Admin_Language_04</b><br>Test class: Admin.User_Management<br>Test method: To verify that user is able to expand/collapse "User Management" panel.<br>Parameters: public void Admin.User_Management.SGL_Ranchi_Admin_Language_04(java.lang.reflect.Method) throws java.lang.InterruptedException</td>
<td></td>
<td>4</td>
<td>Admin.User_Management@d278d2b</td></tr>
<tr>
<td title='Admin.User_Management.SGL_Ranchi_Admin_Language_05()'><b>SGL_Ranchi_Admin_Language_05</b><br>Test class: Admin.User_Management<br>Test method: To verify that user is able to get "Manage Users" in "User Management" screen.</td>
<td></td>
<td>4</td>
<td>Admin.User_Management@d278d2b</td></tr>
<tr>
<td title='Admin.User_Management.SGL_Ranchi_Admin_Language_07()'><b>SGL_Ranchi_Admin_Language_07</b><br>Test class: Admin.User_Management<br>Test method: To verify that user is able to perform "Cancel" register user functionality.</td>
<td></td>
<td>6</td>
<td>Admin.User_Management@d278d2b</td></tr>
<tr>
<td title='Admin.User_Management.SGL_Ranchi_Admin_Language_08()'><b>SGL_Ranchi_Admin_Language_08</b><br>Test class: Admin.User_Management<br>Test method: To verify that user is able to perform "Edit" functionality.</td>
<td></td>
<td>17</td>
<td>Admin.User_Management@d278d2b</td></tr>
<tr>
<td title='Admin.User_Management.SGL_Ranchi_Admin_Language_09()'><b>SGL_Ranchi_Admin_Language_09</b><br>Test class: Admin.User_Management<br>Test method: To verify that user is able to perform "Delete" functionality.</td>
<td></td>
<td>11</td>
<td>Admin.User_Management@d278d2b</td></tr>
<tr>
<td title='Admin.User_Management.SGL_Ranchi_Admin_Language_10()'><b>SGL_Ranchi_Admin_Language_10</b><br>Test class: Admin.User_Management<br>Test method: To verify that user is able to perform "Active/In-Active" functionality.<br>Parameters: public void Admin.User_Management.SGL_Ranchi_Admin_Language_10(java.lang.reflect.Method) throws java.lang.InterruptedException</td>
<td></td>
<td>14</td>
<td>Admin.User_Management@d278d2b</td></tr>
<tr>
<td title='Admin.User_Management.SGL_Ranchi_Admin_Language_100()'><b>SGL_Ranchi_Admin_Language_100</b><br>Test class: Admin.User_Management<br>Test method: To verify that user is able to perform "Delete" functionality from "Layer Attribute Management".</td>
<td></td>
<td>8</td>
<td>Admin.User_Management@d278d2b</td></tr>
<tr>
<td title='Admin.User_Management.SGL_Ranchi_Admin_Language_102()'><b>SGL_Ranchi_Admin_Language_102</b><br>Test class: Admin.User_Management<br>Test method: To verify that user is able to select number of records show from "Layer Attribute Management".</td>
<td></td>
<td>8</td>
<td>Admin.User_Management@d278d2b</td></tr>
<tr>
<td title='Admin.User_Management.SGL_Ranchi_Admin_Language_103()'><b>SGL_Ranchi_Admin_Language_103</b><br>Test class: Admin.User_Management<br>Test method: To verify that user is able to perform "Back" functionality from "Layer Attribute Management".</td>
<td></td>
<td>8</td>
<td>Admin.User_Management@d278d2b</td></tr>
<tr>
<td title='Admin.User_Management.SGL_Ranchi_Admin_Language_104()'><b>SGL_Ranchi_Admin_Language_104</b><br>Test class: Admin.User_Management<br>Test method: To verify that user is able to perform "Delete Multiple" functionality from "Layer Attribute Management".</td>
<td></td>
<td>10</td>
<td>Admin.User_Management@d278d2b</td></tr>
<tr>
<td title='Admin.User_Management.SGL_Ranchi_Admin_Language_105()'><b>SGL_Ranchi_Admin_Language_105</b><br>Test class: Admin.User_Management<br>Test method: To verify that user is able to perform "Sorting" functionality for "SR. NO." ,"Field Name","Alias Name", "Is visible?" column.<br>Parameters: public void Admin.User_Management.SGL_Ranchi_Admin_Language_105(java.lang.reflect.Method) throws java.lang.InterruptedException</td>
<td></td>
<td>198</td>
<td>Admin.User_Management@d278d2b</td></tr>
<tr>
<td title='Admin.User_Management.SGL_Ranchi_Admin_Language_106()'><b>SGL_Ranchi_Admin_Language_106</b><br>Test class: Admin.User_Management<br>Test method: To verify that user is able to "Select All" users from from "Layer Attribute Management".</td>
<td></td>
<td>18</td>
<td>Admin.User_Management@d278d2b</td></tr>
<tr>
<td title='Admin.User_Management.SGL_Ranchi_Admin_Language_107()'><b>SGL_Ranchi_Admin_Language_107</b><br>Test class: Admin.User_Management<br>Test method: To verify that user is able to select particular user from the user data grid.<br>Parameters: public void Admin.User_Management.SGL_Ranchi_Admin_Language_107(java.lang.reflect.Method) throws java.lang.InterruptedException</td>
<td></td>
<td>38</td>
<td>Admin.User_Management@d278d2b</td></tr>
<tr>
<td title='Admin.User_Management.SGL_Ranchi_Admin_Language_108()'><b>SGL_Ranchi_Admin_Language_108</b><br>Test class: Admin.User_Management<br>Test method: To verify that user is able to perform "Pagination" functionality from "Layer Attribute Management".<br>Parameters: public void Admin.User_Management.SGL_Ranchi_Admin_Language_108(java.lang.reflect.Method) throws java.lang.InterruptedException</td>
<td></td>
<td>10</td>
<td>Admin.User_Management@d278d2b</td></tr>
<tr>
<td title='Admin.User_Management.SGL_Ranchi_Admin_Language_11()'><b>SGL_Ranchi_Admin_Language_11</b><br>Test class: Admin.User_Management<br>Test method: To verify that user is able to perform "Delete Multiple" functionality.To verify that user is able to perform "Delete Multiple" functionality.</td>
<td></td>
<td>9</td>
<td>Admin.User_Management@d278d2b</td></tr>
<tr>
<td title='Admin.User_Management.SGL_Ranchi_Admin_Language_110()'><b>SGL_Ranchi_Admin_Language_110</b><br>Test class: Admin.User_Management<br>Test method: To verify that user is able to perform "Delete Multiple" functionality from layer management screen.</td>
<td></td>
<td>8</td>
<td>Admin.User_Management@d278d2b</td></tr>
<tr>
<td title='Admin.User_Management.SGL_Ranchi_Admin_Language_111()'><b>SGL_Ranchi_Admin_Language_111</b><br>Test class: Admin.User_Management<br>Test method: To verify that user is able to select number of records show on user data grid.</td>
<td></td>
<td>6</td>
<td>Admin.User_Management@d278d2b</td></tr>
<tr>
<td title='Admin.User_Management.SGL_Ranchi_Admin_Language_112()'><b>SGL_Ranchi_Admin_Language_112</b><br>Test class: Admin.User_Management<br>Test method: To verify that user is able to "Select All" users from the layer management data grid.</td>
<td></td>
<td>16</td>
<td>Admin.User_Management@d278d2b</td></tr>
<tr>
<td title='Admin.User_Management.SGL_Ranchi_Admin_Language_113()'><b>SGL_Ranchi_Admin_Language_113</b><br>Test class: Admin.User_Management<br>Test method: To verify that user is able to select particular user from the layer management data grid.<br>Parameters: public void Admin.User_Management.SGL_Ranchi_Admin_Language_113(java.lang.reflect.Method) throws java.lang.InterruptedException</td>
<td></td>
<td>36</td>
<td>Admin.User_Management@d278d2b</td></tr>
<tr>
<td title='Admin.User_Management.SGL_Ranchi_Admin_Language_114()'><b>SGL_Ranchi_Admin_Language_114</b><br>Test class: Admin.User_Management<br>Test method: To verify that user is able to perform  "Pagination" functionality layer management data grid.<br>Parameters: public void Admin.User_Management.SGL_Ranchi_Admin_Language_114(java.lang.reflect.Method) throws java.lang.InterruptedException</td>
<td></td>
<td>8</td>
<td>Admin.User_Management@d278d2b</td></tr>
<tr>
<td title='Admin.User_Management.SGL_Ranchi_Admin_Language_115()'><b>SGL_Ranchi_Admin_Language_115</b><br>Test class: Admin.User_Management<br>Test method: To verify that user is able to perform "Sorting" functionality for "SR. NO.","Layer Name","Alias Name","Is Visible?", column..<br>Parameters: public void Admin.User_Management.SGL_Ranchi_Admin_Language_115(java.lang.reflect.Method) throws java.lang.InterruptedException</td>
<td></td>
<td>197</td>
<td>Admin.User_Management@d278d2b</td></tr>
<tr>
<td title='Admin.User_Management.SGL_Ranchi_Admin_Language_116()'><b>SGL_Ranchi_Admin_Language_116</b><br>Test class: Admin.User_Management<br>Test method: To verify that user is not able to add layer with blank required details.</td>
<td></td>
<td>8</td>
<td>Admin.User_Management@d278d2b</td></tr>
<tr>
<td title='Admin.User_Management.SGL_Ranchi_Admin_Language_117()'><b>SGL_Ranchi_Admin_Language_117</b><br>Test class: Admin.User_Management<br>Test method: To verify that user is not able to add layer without entering " Layer Name ".</td>
<td></td>
<td>10</td>
<td>Admin.User_Management@d278d2b</td></tr>
<tr>
<td title='Admin.User_Management.SGL_Ranchi_Admin_Language_118()'><b>SGL_Ranchi_Admin_Language_118</b><br>Test class: Admin.User_Management<br>Test method: To verify that user is not able to add layer without entering "Alias Name".</td>
<td></td>
<td>8</td>
<td>Admin.User_Management@d278d2b</td></tr>
<tr>
<td title='Admin.User_Management.SGL_Ranchi_Admin_Language_12()'><b>SGL_Ranchi_Admin_Language_12</b><br>Test class: Admin.User_Management<br>Test method: To verify that user is able to perform "Search" functionality.</td>
<td></td>
<td>6</td>
<td>Admin.User_Management@d278d2b</td></tr>
<tr>
<td title='Admin.User_Management.SGL_Ranchi_Admin_Language_120()'><b>SGL_Ranchi_Admin_Language_120</b><br>Test class: Admin.User_Management<br>Test method: To verify that user is not able to perform "Delete Multiple" functionality without selection of manage attribute from layer attribute mananement screen..</td>
<td></td>
<td>8</td>
<td>Admin.User_Management@d278d2b</td></tr>
<tr>
<td title='Admin.User_Management.SGL_Ranchi_Admin_Language_121()'><b>SGL_Ranchi_Admin_Language_121</b><br>Test class: Admin.User_Management<br>Test method: To verify that user is not able to perform "Delete Multiple" functionality without selection of layar from layer management screen.</td>
<td></td>
<td>6</td>
<td>Admin.User_Management@d278d2b</td></tr>
<tr>
<td title='Admin.User_Management.SGL_Ranchi_Admin_Language_122()'><b>SGL_Ranchi_Admin_Language_122</b><br>Test class: Admin.User_Management<br>Test method: To verify that user is able to get "Event Logs" screen.</td>
<td></td>
<td>2</td>
<td>Admin.User_Management@d278d2b</td></tr>
<tr>
<td title='Admin.User_Management.SGL_Ranchi_Admin_Language_124()'><b>SGL_Ranchi_Admin_Language_124</b><br>Test class: Admin.User_Management<br>Test method: To verify that user is able to perform "Dashboard" functionality from "Log Details" screen.</td>
<td></td>
<td>4</td>
<td>Admin.User_Management@d278d2b</td></tr>
<tr>
<td title='Admin.User_Management.SGL_Ranchi_Admin_Language_125()'><b>SGL_Ranchi_Admin_Language_125</b><br>Test class: Admin.User_Management<br>Test method: To verify that user is able to perform "Delete" functionality.</td>
<td></td>
<td>4</td>
<td>Admin.User_Management@d278d2b</td></tr>
<tr>
<td title='Admin.User_Management.SGL_Ranchi_Admin_Language_126()'><b>SGL_Ranchi_Admin_Language_126</b><br>Test class: Admin.User_Management<br>Test method: To verify that user is able to perform "Delete Multiple" functionality.</td>
<td></td>
<td>6</td>
<td>Admin.User_Management@d278d2b</td></tr>
<tr>
<td title='Admin.User_Management.SGL_Ranchi_Admin_Language_127()'><b>SGL_Ranchi_Admin_Language_127</b><br>Test class: Admin.User_Management<br>Test method: To verify that user is able to perform "Search" functionality.</td>
<td></td>
<td>4</td>
<td>Admin.User_Management@d278d2b</td></tr>
<tr>
<td title='Admin.User_Management.SGL_Ranchi_Admin_Language_129()'><b>SGL_Ranchi_Admin_Language_129</b><br>Test class: Admin.User_Management<br>Test method: To verify that user is able to perform "Sorting" functionality for "SR. NO.", "Username","IP Address","Login Status","Action type","Module Name","Action Date" column.<br>Parameters: public void Admin.User_Management.SGL_Ranchi_Admin_Language_129(java.lang.reflect.Method) throws java.lang.InterruptedException</td>
<td></td>
<td>323</td>
<td>Admin.User_Management@d278d2b</td></tr>
<tr>
<td title='Admin.User_Management.SGL_Ranchi_Admin_Language_13()'><b>SGL_Ranchi_Admin_Language_13</b><br>Test class: Admin.User_Management<br>Test method: To verify that user is able to select number of records show on user data grid.</td>
<td></td>
<td>6</td>
<td>Admin.User_Management@d278d2b</td></tr>
<tr>
<td title='Admin.User_Management.SGL_Ranchi_Admin_Language_130()'><b>SGL_Ranchi_Admin_Language_130</b><br>Test class: Admin.User_Management<br>Test method: To verify that user is able to "Select All" logs from the logs data grid.</td>
<td></td>
<td>14</td>
<td>Admin.User_Management@d278d2b</td></tr>
<tr>
<td title='Admin.User_Management.SGL_Ranchi_Admin_Language_14()'><b>SGL_Ranchi_Admin_Language_14</b><br>Test class: Admin.User_Management<br>Test method: To verify that user is able to perform "Sorting" functionality for the SR. NO. , Name, User Name, Email Address, Role Name, Created By, and Created On columns of the user data grid.<br>Parameters: public void Admin.User_Management.SGL_Ranchi_Admin_Language_14(java.lang.reflect.Method) throws java.lang.InterruptedException</td>
<td></td>
<td>325</td>
<td>Admin.User_Management@d278d2b</td></tr>
<tr>
<td title='Admin.User_Management.SGL_Ranchi_Admin_Language_15()'><b>SGL_Ranchi_Admin_Language_15</b><br>Test class: Admin.User_Management<br>Test method: To verify that user is able to "Select All" users from the user data grid.</td>
<td></td>
<td>16</td>
<td>Admin.User_Management@d278d2b</td></tr>
<tr>
<td title='Admin.User_Management.SGL_Ranchi_Admin_Language_16()'><b>SGL_Ranchi_Admin_Language_16</b><br>Test class: Admin.User_Management<br>Test method: To verify that user is able to select particular user from the user data grid.<br>Parameters: public void Admin.User_Management.SGL_Ranchi_Admin_Language_16(java.lang.reflect.Method) throws java.lang.InterruptedException</td>
<td></td>
<td>36</td>
<td>Admin.User_Management@d278d2b</td></tr>
<tr>
<td title='Admin.User_Management.SGL_Ranchi_Admin_Language_17()'><b>SGL_Ranchi_Admin_Language_17</b><br>Test class: Admin.User_Management<br>Test method: To verify that user is able to perform "Pagination" functionality.<br>Parameters: public void Admin.User_Management.SGL_Ranchi_Admin_Language_17(java.lang.reflect.Method) throws java.lang.InterruptedException</td>
<td></td>
<td>8</td>
<td>Admin.User_Management@d278d2b</td></tr>
<tr>
<td title='Admin.User_Management.SGL_Ranchi_Admin_Language_18()'><b>SGL_Ranchi_Admin_Language_18</b><br>Test class: Admin.User_Management<br>Test method: To verify that user is able to check "Number of Entries" are available in user data grid.</td>
<td></td>
<td>6</td>
<td>Admin.User_Management@d278d2b</td></tr>
<tr>
<td title='Admin.User_Management.SGL_Ranchi_Admin_Language_19()'><b>SGL_Ranchi_Admin_Language_19</b><br>Test class: Admin.User_Management<br>Test method: To verify that user is able to perform "Dashboard" functionality from "User Management" screen.</td>
<td></td>
<td>6</td>
<td>Admin.User_Management@d278d2b</td></tr>
<tr>
<td title='Admin.User_Management.SGL_Ranchi_Admin_Language_20()'><b>SGL_Ranchi_Admin_Language_20</b><br>Test class: Admin.User_Management<br>Test method: To verify that user is able to perform "Dashboard" functionality from "Add User" screen.</td>
<td></td>
<td>8</td>
<td>Admin.User_Management@d278d2b</td></tr>
<tr>
<td title='Admin.User_Management.SGL_Ranchi_Admin_Language_21()'><b>SGL_Ranchi_Admin_Language_21</b><br>Test class: Admin.User_Management<br>Test method: To verify that user is able to perform "Manage Users" functionality from "Add User" screen.</td>
<td></td>
<td>8</td>
<td>Admin.User_Management@d278d2b</td></tr>
<tr>
<td title='Admin.User_Management.SGL_Ranchi_Admin_Language_22()'><b>SGL_Ranchi_Admin_Language_22</b><br>Test class: Admin.User_Management<br>Test method: To verify that user is able to perform "Dashboard" functionality from "Edit User" screen.</td>
<td></td>
<td>8</td>
<td>Admin.User_Management@d278d2b</td></tr>
<tr>
<td title='Admin.User_Management.SGL_Ranchi_Admin_Language_23()'><b>SGL_Ranchi_Admin_Language_23</b><br>Test class: Admin.User_Management<br>Test method: To verify that user is able to perform "Manage Users" functionality from "Edit User" screen.</td>
<td></td>
<td>8</td>
<td>Admin.User_Management@d278d2b</td></tr>
<tr>
<td title='Admin.User_Management.SGL_Ranchi_Admin_Language_24()'><b>SGL_Ranchi_Admin_Language_24</b><br>Test class: Admin.User_Management<br>Test method: To verify that user is not able to add user with blank required details.</td>
<td></td>
<td>16</td>
<td>Admin.User_Management@d278d2b</td></tr>
<tr>
<td title='Admin.User_Management.SGL_Ranchi_Admin_Language_25()'><b>SGL_Ranchi_Admin_Language_25</b><br>Test class: Admin.User_Management<br>Test method: To verify that user is not able to add user with In-valid Mobile No.</td>
<td></td>
<td>22</td>
<td>Admin.User_Management@d278d2b</td></tr>
<tr>
<td title='Admin.User_Management.SGL_Ranchi_Admin_Language_27()'><b>SGL_Ranchi_Admin_Language_27</b><br>Test class: Admin.User_Management<br>Test method: To verify that user is not able to perform "Delete Multiple" functionality without selection of roles.</td>
<td></td>
<td>7</td>
<td>Admin.User_Management@d278d2b</td></tr>
<tr>
<td title='Admin.User_Management.SGL_Ranchi_Admin_Language_28()'><b>SGL_Ranchi_Admin_Language_28</b><br>Test class: Admin.User_Management<br>Test method: To verify that user is able to get "Role Management" screen.</td>
<td></td>
<td>4</td>
<td>Admin.User_Management@d278d2b</td></tr>
<tr>
<td title='Admin.User_Management.SGL_Ranchi_Admin_Language_30()'><b>SGL_Ranchi_Admin_Language_30</b><br>Test class: Admin.User_Management<br>Test method: To verify that user is able to perform "Cancel" add role functionality.</td>
<td></td>
<td>6</td>
<td>Admin.User_Management@d278d2b</td></tr>
<tr>
<td title='Admin.User_Management.SGL_Ranchi_Admin_Language_31()'><b>SGL_Ranchi_Admin_Language_31</b><br>Test class: Admin.User_Management<br>Test method: To verify that user is able to perform "Edit" functionality.</td>
<td></td>
<td>7</td>
<td>Admin.User_Management@d278d2b</td></tr>
<tr>
<td title='Admin.User_Management.SGL_Ranchi_Admin_Language_32()'><b>SGL_Ranchi_Admin_Language_32</b><br>Test class: Admin.User_Management<br>Test method: To verify that user is able to perform "Delete" functionality.</td>
<td></td>
<td>6</td>
<td>Admin.User_Management@d278d2b</td></tr>
<tr>
<td title='Admin.User_Management.SGL_Ranchi_Admin_Language_33()'><b>SGL_Ranchi_Admin_Language_33</b><br>Test class: Admin.User_Management<br>Test method: To verify that user is able to perform "Active/In-Active" functionality.<br>Parameters: public void Admin.User_Management.SGL_Ranchi_Admin_Language_33(java.lang.reflect.Method) throws java.lang.InterruptedException</td>
<td></td>
<td>12</td>
<td>Admin.User_Management@d278d2b</td></tr>
<tr>
<td title='Admin.User_Management.SGL_Ranchi_Admin_Language_34()'><b>SGL_Ranchi_Admin_Language_34</b><br>Test class: Admin.User_Management<br>Test method: To verify that user is able to perform "Delete Multiple" functionality.</td>
<td></td>
<td>9</td>
<td>Admin.User_Management@d278d2b</td></tr>
<tr>
<td title='Admin.User_Management.SGL_Ranchi_Admin_Language_36()'><b>SGL_Ranchi_Admin_Language_36</b><br>Test class: Admin.User_Management<br>Test method: To verify that user is able to select number of records show on role data grid.</td>
<td></td>
<td>6</td>
<td>Admin.User_Management@d278d2b</td></tr>
<tr>
<td title='Admin.User_Management.SGL_Ranchi_Admin_Language_37()'><b>SGL_Ranchi_Admin_Language_37</b><br>Test class: Admin.User_Management<br>Test method: To verify that user is able to perform "Sorting" functionality for the SR. NO., Role Name, Role Code, and Description on columns of the Role Data grid..<br>Parameters: public void Admin.User_Management.SGL_Ranchi_Admin_Language_37(java.lang.reflect.Method) throws java.lang.InterruptedException</td>
<td></td>
<td>142</td>
<td>Admin.User_Management@d278d2b</td></tr>
<tr>
<td title='Admin.User_Management.SGL_Ranchi_Admin_Language_38()'><b>SGL_Ranchi_Admin_Language_38</b><br>Test class: Admin.User_Management<br>Test method: To verify that user is able to "Select All" roles from the role data grid.</td>
<td></td>
<td>13</td>
<td>Admin.User_Management@d278d2b</td></tr>
<tr>
<td title='Admin.User_Management.SGL_Ranchi_Admin_Language_39()'><b>SGL_Ranchi_Admin_Language_39</b><br>Test class: Admin.User_Management<br>Test method: To verify that user is able to select particular role from the role data grid.<br>Parameters: public void Admin.User_Management.SGL_Ranchi_Admin_Language_39(java.lang.reflect.Method) throws java.lang.InterruptedException</td>
<td></td>
<td>26</td>
<td>Admin.User_Management@d278d2b</td></tr>
<tr>
<td title='Admin.User_Management.SGL_Ranchi_Admin_Language_42()'><b>SGL_Ranchi_Admin_Language_42</b><br>Test class: Admin.User_Management<br>Test method: To verify that user is able to perform "Dashboard" functionality from "Role Management" screen.</td>
<td></td>
<td>6</td>
<td>Admin.User_Management@d278d2b</td></tr>
<tr>
<td title='Admin.User_Management.SGL_Ranchi_Admin_Language_43()'><b>SGL_Ranchi_Admin_Language_43</b><br>Test class: Admin.User_Management<br>Test method: To verify that user is able to perform "Dashboard" functionality from "Add Role" screen.</td>
<td></td>
<td>8</td>
<td>Admin.User_Management@d278d2b</td></tr>
<tr>
<td title='Admin.User_Management.SGL_Ranchi_Admin_Language_44()'><b>SGL_Ranchi_Admin_Language_44</b><br>Test class: Admin.User_Management<br>Test method: To verify that user is able to perform "Manage Roles" functionality from "Add Role" screen.</td>
<td></td>
<td>8</td>
<td>Admin.User_Management@d278d2b</td></tr>
<tr>
<td title='Admin.User_Management.SGL_Ranchi_Admin_Language_46()'><b>SGL_Ranchi_Admin_Language_46</b><br>Test class: Admin.User_Management<br>Test method: To verify that user is able to perform "Manage Roles" functionality from "Edit Role" screen.</td>
<td></td>
<td>8</td>
<td>Admin.User_Management@d278d2b</td></tr>
<tr>
<td title='Admin.User_Management.SGL_Ranchi_Admin_Language_47()'><b>SGL_Ranchi_Admin_Language_47</b><br>Test class: Admin.User_Management<br>Test method: To verify that user is not able to add role with blank required details.</td>
<td></td>
<td>6</td>
<td>Admin.User_Management@d278d2b</td></tr>
<tr>
<td title='Admin.User_Management.SGL_Ranchi_Admin_Language_49()'><b>SGL_Ranchi_Admin_Language_49</b><br>Test class: Admin.User_Management<br>Test method: To verify that user is able to get "Role Permission" screen.</td>
<td></td>
<td>2</td>
<td>Admin.User_Management@d278d2b</td></tr>
<tr>
<td title='Admin.User_Management.SGL_Ranchi_Admin_Language_50()'><b>SGL_Ranchi_Admin_Language_50</b><br>Test class: Admin.User_Management<br>Test method: To verify that user is able to assign "Module Rights" to particular role.</td>
<td></td>
<td>4</td>
<td>Admin.User_Management@d278d2b</td></tr>
<tr>
<td title='Admin.User_Management.SGL_Ranchi_Admin_Language_51()'><b>SGL_Ranchi_Admin_Language_51</b><br>Test class: Admin.User_Management<br>Test method: To verify that user is able to perform "Check All" functionality.</td>
<td></td>
<td>6</td>
<td>Admin.User_Management@d278d2b</td></tr>
<tr>
<td title='Admin.User_Management.SGL_Ranchi_Admin_Language_52()'><b>SGL_Ranchi_Admin_Language_52</b><br>Test class: Admin.User_Management<br>Test method: To verify that user is able to perform "Uncheck All" functionality.</td>
<td></td>
<td>6</td>
<td>Admin.User_Management@d278d2b</td></tr>
<tr>
<td title='Admin.User_Management.SGL_Ranchi_Admin_Language_53()'><b>SGL_Ranchi_Admin_Language_53</b><br>Test class: Admin.User_Management<br>Test method: To verify that user is able to perform "Invert" functionality.</td>
<td></td>
<td>6</td>
<td>Admin.User_Management@d278d2b</td></tr>
<tr>
<td title='Admin.User_Management.SGL_Ranchi_Admin_Language_54()'><b>SGL_Ranchi_Admin_Language_54</b><br>Test class: Admin.User_Management<br>Test method: To verify that user is able to perform "Search" functionality.</td>
<td></td>
<td>6</td>
<td>Admin.User_Management@d278d2b</td></tr>
<tr>
<td title='Admin.User_Management.SGL_Ranchi_Admin_Language_55()'><b>SGL_Ranchi_Admin_Language_55</b><br>Test class: Admin.User_Management<br>Test method: To verify that user is able to expand particular module from the module list.</td>
<td></td>
<td>4</td>
<td>Admin.User_Management@d278d2b</td></tr>
<tr>
<td title='Admin.User_Management.SGL_Ranchi_Admin_Language_56()'><b>SGL_Ranchi_Admin_Language_56</b><br>Test class: Admin.User_Management<br>Test method: To verify that user is able to perform "Cancel" functionality.</td>
<td></td>
<td>4</td>
<td>Admin.User_Management@d278d2b</td></tr>
<tr>
<td title='Admin.User_Management.SGL_Ranchi_Admin_Language_57()'><b>SGL_Ranchi_Admin_Language_57</b><br>Test class: Admin.User_Management<br>Test method: To verify that user is able to perform "Dashboard" functionality from "Role Permission" screen.</td>
<td></td>
<td>6</td>
<td>Admin.User_Management@d278d2b</td></tr>
<tr>
<td title='Admin.User_Management.SGL_Ranchi_Admin_Language_58()'><b>SGL_Ranchi_Admin_Language_58</b><br>Test class: Admin.User_Management<br>Test method: To verify that user is able to assign "Predefined Query Rights" to particular role.</td>
<td></td>
<td>8</td>
<td>Admin.User_Management@d278d2b</td></tr>
<tr>
<td title='Admin.User_Management.SGL_Ranchi_Admin_Language_59()'><b>SGL_Ranchi_Admin_Language_59</b><br>Test class: Admin.User_Management<br>Test method: To verify that user is able to perform "Check All" functionality.</td>
<td></td>
<td>10</td>
<td>Admin.User_Management@d278d2b</td></tr>
<tr>
<td title='Admin.User_Management.SGL_Ranchi_Admin_Language_62()'><b>SGL_Ranchi_Admin_Language_62</b><br>Test class: Admin.User_Management<br>Test method: To verify that user is able to perform "Search" functionality.</td>
<td></td>
<td>10</td>
<td>Admin.User_Management@d278d2b</td></tr>
<tr>
<td title='Admin.User_Management.SGL_Ranchi_Admin_Language_63()'><b>SGL_Ranchi_Admin_Language_63</b><br>Test class: Admin.User_Management<br>Test method: To verify that user is able to perform "Cancel" functionality.</td>
<td></td>
<td>8</td>
<td>Admin.User_Management@d278d2b</td></tr>
<tr>
<td title='Admin.User_Management.SGL_Ranchi_Admin_Language_64()'><b>SGL_Ranchi_Admin_Language_64</b><br>Test class: Admin.User_Management<br>Test method: To verify that user is not able to assign any "Module Rights" and "Predefined Query Rights" without selection of Role.</td>
<td></td>
<td>4</td>
<td>Admin.User_Management@d278d2b</td></tr>
<tr>
<td title='Admin.User_Management.SGL_Ranchi_Admin_Language_66()'><b>SGL_Ranchi_Admin_Language_66</b><br>Test class: Admin.User_Management<br>Test method: To verify that user is able to perform "Add Groups" functionality.</td>
<td></td>
<td>7</td>
<td>Admin.User_Management@d278d2b</td></tr>
<tr>
<td title='Admin.User_Management.SGL_Ranchi_Admin_Language_67()'><b>SGL_Ranchi_Admin_Language_67</b><br>Test class: Admin.User_Management<br>Test method: To verify that user is able to perform "Edit Group" functionality.</td>
<td></td>
<td>8</td>
<td>Admin.User_Management@d278d2b</td></tr>
<tr>
<td title='Admin.User_Management.SGL_Ranchi_Admin_Language_69()'><b>SGL_Ranchi_Admin_Language_69</b><br>Test class: Admin.User_Management<br>Test method: To verify that user is able to "Remove" assigned layer from the group.</td>
<td></td>
<td>6</td>
<td>Admin.User_Management@d278d2b</td></tr>
<tr>
<td title='Admin.User_Management.SGL_Ranchi_Admin_Language_70()'><b>SGL_Ranchi_Admin_Language_70</b><br>Test class: Admin.User_Management<br>Test method: To verify that user is able to perform "Delete" functionality for the group.</td>
<td></td>
<td>6</td>
<td>Admin.User_Management@d278d2b</td></tr>
<tr>
<td title='Admin.User_Management.SGL_Ranchi_Admin_Language_71()'><b>SGL_Ranchi_Admin_Language_71</b><br>Test class: Admin.User_Management<br>Test method: To verify that user is able to perform "Scroll up/down" functionality for view all layer list.</td>
<td></td>
<td>6</td>
<td>Admin.User_Management@d278d2b</td></tr>
<tr>
<td title='Admin.User_Management.SGL_Ranchi_Admin_Language_74()'><b>SGL_Ranchi_Admin_Language_74</b><br>Test class: Admin.User_Management<br>Test method: To verify that user is able to perform "Scroll up/down" functionality for view all group list.</td>
<td></td>
<td>6</td>
<td>Admin.User_Management@d278d2b</td></tr>
<tr>
<td title='Admin.User_Management.SGL_Ranchi_Admin_Language_75()'><b>SGL_Ranchi_Admin_Language_75</b><br>Test class: Admin.User_Management<br>Test method: To verify that user is able to perform "Dashboard" functionality from "Add Groups" screen.</td>
<td></td>
<td>6</td>
<td>Admin.User_Management@d278d2b</td></tr>
<tr>
<td title='Admin.User_Management.SGL_Ranchi_Admin_Language_76()'><b>SGL_Ranchi_Admin_Language_76</b><br>Test class: Admin.User_Management<br>Test method: To verify that user is not able to "Add Group" without group name.</td>
<td></td>
<td>6</td>
<td>Admin.User_Management@d278d2b</td></tr>
<tr>
<td title='Admin.User_Management.SGL_Ranchi_Admin_Language_77()'><b>SGL_Ranchi_Admin_Language_77</b><br>Test class: Admin.User_Management<br>Test method: To verify that user is not able to assign same layer to the particular group.</td>
<td></td>
<td>8</td>
<td>Admin.User_Management@d278d2b</td></tr>
<tr>
<td title='Admin.User_Management.SGL_Ranchi_Admin_Language_78()'><b>SGL_Ranchi_Admin_Language_78</b><br>Test class: Admin.User_Management<br>Test method: To verify that user is able to get "Role Group Mapping" page.</td>
<td></td>
<td>4</td>
<td>Admin.User_Management@d278d2b</td></tr>
<tr>
<td title='Admin.User_Management.SGL_Ranchi_Admin_Language_80()'><b>SGL_Ranchi_Admin_Language_80</b><br>Test class: Admin.User_Management<br>Test method: To verify that user is able to "Assign/Unassigned" particular layers from the group for the selected role.</td>
<td></td>
<td>10</td>
<td>Admin.User_Management@d278d2b</td></tr>
<tr>
<td title='Admin.User_Management.SGL_Ranchi_Admin_Language_83()'><b>SGL_Ranchi_Admin_Language_83</b><br>Test class: Admin.User_Management<br>Test method: To verify that user is able to perform "Dashboard" functionality from "Role Group Mapping" screen.</td>
<td></td>
<td>8</td>
<td>Admin.User_Management@d278d2b</td></tr>
<tr>
<td title='Admin.User_Management.SGL_Ranchi_Admin_Language_84()'><b>SGL_Ranchi_Admin_Language_84</b><br>Test class: Admin.User_Management<br>Test method: To verify that user is not able to assign any "group" and layers of the group without selection of Role.</td>
<td></td>
<td>6</td>
<td>Admin.User_Management@d278d2b</td></tr>
<tr>
<td title='Admin.User_Management.SGL_Ranchi_Admin_Language_85()'><b>SGL_Ranchi_Admin_Language_85</b><br>Test class: Admin.User_Management<br>Test method: To verify that user is able to get "Layer Management" functionality.</td>
<td></td>
<td>4</td>
<td>Admin.User_Management@d278d2b</td></tr>
<tr>
<td title='Admin.User_Management.SGL_Ranchi_Admin_Language_86()'><b>SGL_Ranchi_Admin_Language_86</b><br>Test class: Admin.User_Management<br>Test method: To verify that user is able to perform  "Add Layer" functionality.</td>
<td></td>
<td>10</td>
<td>Admin.User_Management@d278d2b</td></tr>
<tr>
<td title='Admin.User_Management.SGL_Ranchi_Admin_Language_87()'><b>SGL_Ranchi_Admin_Language_87</b><br>Test class: Admin.User_Management<br>Test method: To verify that user is able to perform "Cancel" functionality.</td>
<td></td>
<td>8</td>
<td>Admin.User_Management@d278d2b</td></tr>
<tr>
<td title='Admin.User_Management.SGL_Ranchi_Admin_Language_88()'><b>SGL_Ranchi_Admin_Language_88</b><br>Test class: Admin.User_Management<br>Test method: To verify that user is able to perform "Dashboard" functionality from "Layer Management" screen.</td>
<td></td>
<td>6</td>
<td>Admin.User_Management@d278d2b</td></tr>
<tr>
<td title='Admin.User_Management.SGL_Ranchi_Admin_Language_89()'><b>SGL_Ranchi_Admin_Language_89</b><br>Test class: Admin.User_Management<br>Test method: To verify that user is able to perform "Dashboard" functionality from "Add Layer" screen.</td>
<td></td>
<td>8</td>
<td>Admin.User_Management@d278d2b</td></tr>
<tr>
<td title='Admin.User_Management.SGL_Ranchi_Admin_Language_90()'><b>SGL_Ranchi_Admin_Language_90</b><br>Test class: Admin.User_Management<br>Test method: To verify that user is able to perform "Layer Management" functionality from "Add Layer" screen.</td>
<td></td>
<td>8</td>
<td>Admin.User_Management@d278d2b</td></tr>
<tr>
<td title='Admin.User_Management.SGL_Ranchi_Admin_Language_91()'><b>SGL_Ranchi_Admin_Language_91</b><br>Test class: Admin.User_Management<br>Test method: To verify that user is able to perform "Edit" functionality.</td>
<td></td>
<td>8</td>
<td>Admin.User_Management@d278d2b</td></tr>
<tr>
<td title='Admin.User_Management.SGL_Ranchi_Admin_Language_92()'><b>SGL_Ranchi_Admin_Language_92</b><br>Test class: Admin.User_Management<br>Test method: To verify that user is able to perform "Delete" functionality.</td>
<td></td>
<td>6</td>
<td>Admin.User_Management@d278d2b</td></tr>
<tr>
<td title='Admin.User_Management.SGL_Ranchi_Admin_Language_93()'><b>SGL_Ranchi_Admin_Language_93</b><br>Test class: Admin.User_Management<br>Test method: To verify that user is able to perform "Manage Attribute" functionality.</td>
<td></td>
<td>6</td>
<td>Admin.User_Management@d278d2b</td></tr>
<tr>
<td title='Admin.User_Management.SGL_Ranchi_Admin_Language_94()'><b>SGL_Ranchi_Admin_Language_94</b><br>Test class: Admin.User_Management<br>Test method: To verify that user is able to perform "Dashboard" functionality from "Layer Attribute Management" screen.</td>
<td></td>
<td>8</td>
<td>Admin.User_Management@d278d2b</td></tr>
<tr>
<td title='Admin.User_Management.SGL_Ranchi_Admin_Language_95()'><b>SGL_Ranchi_Admin_Language_95</b><br>Test class: Admin.User_Management<br>Test method: To verify that user is able to perform "Layer Management" functionality from "Layer Attribute Management" screen.</td>
<td></td>
<td>8</td>
<td>Admin.User_Management@d278d2b</td></tr>
<tr>
<td title='Admin.User_Management.SGL_Ranchi_Admin_Language_96()'><b>SGL_Ranchi_Admin_Language_96</b><br>Test class: Admin.User_Management<br>Test method: To verify that user is able to perform "Edit" functionality from "Layer Attribute Management" screen.</td>
<td></td>
<td>10</td>
<td>Admin.User_Management@d278d2b</td></tr>
<tr>
<td title='Admin.User_Management.SGL_Ranchi_Admin_Language_97()'><b>SGL_Ranchi_Admin_Language_97</b><br>Test class: Admin.User_Management<br>Test method: To verify that user is able to perform "Cancel" functionality from "Edit Layer Attribute" screen.</td>
<td></td>
<td>10</td>
<td>Admin.User_Management@d278d2b</td></tr>
<tr>
<td title='Admin.User_Management.SGL_Ranchi_Admin_Language_98()'><b>SGL_Ranchi_Admin_Language_98</b><br>Test class: Admin.User_Management<br>Test method: To verify that user is able to perform "Dashboard" functionality from "Edit Layer Attribute" screen.</td>
<td></td>
<td>10</td>
<td>Admin.User_Management@d278d2b</td></tr>
</table><p>
<table width='100%' border='1' class='invocation-skipped'>
<tr><td colspan='4' align='center'><b>SKIPPED TESTS</b></td></tr>
<tr><td><b>Test method</b></td>
<td width="30%"><b>Exception</b></td>
<td width="10%"><b>Time (seconds)</b></td>
<td><b>Instance</b></td>
</tr>
<tr>
<td title='Admin.User_Management.SGL_Ranchi_Admin_Language_131()'><b>SGL_Ranchi_Admin_Language_131</b><br>Test class: Admin.User_Management<br>Test method: To verify that user is able to select particular log from the logs data grid.<br>Parameters: public void Admin.User_Management.SGL_Ranchi_Admin_Language_131(java.lang.reflect.Method) throws java.lang.InterruptedException</td>
<td></td>
<td>0</td>
<td>Admin.User_Management@d278d2b</td></tr>
<tr>
<td title='Admin.User_Management.SGL_Ranchi_Admin_Language_132()'><b>SGL_Ranchi_Admin_Language_132</b><br>Test class: Admin.User_Management<br>Test method: To verify that user is able to perform  "Pagination" functionality.<br>Parameters: public void Admin.User_Management.SGL_Ranchi_Admin_Language_132(java.lang.reflect.Method) throws java.lang.InterruptedException</td>
<td></td>
<td>0</td>
<td>Admin.User_Management@d278d2b</td></tr>
<tr>
<td title='Admin.User_Management.SGL_Ranchi_Admin_Language_133()'><b>SGL_Ranchi_Admin_Language_133</b><br>Test class: Admin.User_Management<br>Test method: To verify that user is not able to perform "Delete Multiple" functionality without selection of event logs.</td>
<td></td>
<td>0</td>
<td>Admin.User_Management@d278d2b</td></tr>
<tr>
<td title='Admin.User_Management.SGL_Ranchi_Admin_Language_134()'><b>SGL_Ranchi_Admin_Language_134</b><br>Test class: Admin.User_Management<br>Test method: To verify that user is able to perform "Water Pipeline" functionality.</td>
<td></td>
<td>0</td>
<td>Admin.User_Management@d278d2b</td></tr>
<tr>
<td title='Admin.User_Management.SGL_Ranchi_Admin_Language_135()'><b>SGL_Ranchi_Admin_Language_135</b><br>Test class: Admin.User_Management<br>Test method: To verify that user is able to perform "Dashboard" functionality from "Water Pipeline" screen.</td>
<td></td>
<td>0</td>
<td>Admin.User_Management@d278d2b</td></tr>
<tr>
<td title='Admin.User_Management.SGL_Ranchi_Admin_Language_136()'><b>SGL_Ranchi_Admin_Language_136</b><br>Test class: Admin.User_Management<br>Test method: To verify that user is not able to perform "Water Pipeline" functionality without selecting ward number.</td>
<td></td>
<td>0</td>
<td>Admin.User_Management@d278d2b</td></tr>
<tr>
<td title='Admin.User_Management.SGL_Ranchi_Admin_Language_137()'><b>SGL_Ranchi_Admin_Language_137</b><br>Test class: Admin.User_Management<br>Test method: To verify that user is able to perform "School Detail" functionality.</td>
<td></td>
<td>0</td>
<td>Admin.User_Management@d278d2b</td></tr>
<tr>
<td title='Admin.User_Management.SGL_Ranchi_Admin_Language_138()'><b>SGL_Ranchi_Admin_Language_138</b><br>Test class: Admin.User_Management<br>Test method: To verify that user is able to perform "Dashboard" functionality from "School Detail" screen.</td>
<td></td>
<td>0</td>
<td>Admin.User_Management@d278d2b</td></tr>
<tr>
<td title='Admin.User_Management.SGL_Ranchi_Admin_Language_139()'><b>SGL_Ranchi_Admin_Language_139</b><br>Test class: Admin.User_Management<br>Test method: To verify that user is not able to perform "School Detail" functionality without selecting ward number.</td>
<td></td>
<td>0</td>
<td>Admin.User_Management@d278d2b</td></tr>
<tr>
<td title='Admin.User_Management.SGL_Ranchi_Admin_Language_140()'><b>SGL_Ranchi_Admin_Language_140</b><br>Test class: Admin.User_Management<br>Test method: To verify that user is able to perform "Features Audit Report" functionality with selected report type.</td>
<td></td>
<td>0</td>
<td>Admin.User_Management@d278d2b</td></tr>
<tr>
<td title='Admin.User_Management.SGL_Ranchi_Admin_Language_142()'><b>SGL_Ranchi_Admin_Language_142</b><br>Test class: Admin.User_Management<br>Test method: To verify that user is able to perform "Dashboard" functionality from "Features Audit Report" screen.</td>
<td></td>
<td>0</td>
<td>Admin.User_Management@d278d2b</td></tr>
<tr>
<td title='Admin.User_Management.SGL_Ranchi_Admin_Language_143()'><b>SGL_Ranchi_Admin_Language_143</b><br>Test class: Admin.User_Management<br>Test method: To verify that user is able to get "View Profile" screen.</td>
<td></td>
<td>0</td>
<td>Admin.User_Management@d278d2b</td></tr>
<tr>
<td title='Admin.User_Management.SGL_Ranchi_Admin_Language_144()'><b>SGL_Ranchi_Admin_Language_144</b><br>Test class: Admin.User_Management<br>Test method: To verify that user is able to perform "Edit Profile" functionality.</td>
<td></td>
<td>0</td>
<td>Admin.User_Management@d278d2b</td></tr>
<tr>
<td title='Admin.User_Management.SGL_Ranchi_Admin_Language_145()'><b>SGL_Ranchi_Admin_Language_145</b><br>Test class: Admin.User_Management<br>Test method: To verify that user is able to perform "Cancel" functionality.</td>
<td></td>
<td>0</td>
<td>Admin.User_Management@d278d2b</td></tr>
<tr>
<td title='Admin.User_Management.SGL_Ranchi_Admin_Language_146()'><b>SGL_Ranchi_Admin_Language_146</b><br>Test class: Admin.User_Management<br>Test method: To verify that user is able to perform "Dashboard" functionality from "View Profile" screen.</td>
<td></td>
<td>0</td>
<td>Admin.User_Management@d278d2b</td></tr>
<tr>
<td title='Admin.User_Management.SGL_Ranchi_Admin_Language_147()'><b>SGL_Ranchi_Admin_Language_147</b><br>Test class: Admin.User_Management<br>Test method: To verify that user can not able to perform "View Profile" functionality with entering invalid new password.</td>
<td></td>
<td>0</td>
<td>Admin.User_Management@d278d2b</td></tr>
<tr>
<td title='Admin.User_Management.SGL_Ranchi_Admin_Language_148()'><b>SGL_Ranchi_Admin_Language_148</b><br>Test class: Admin.User_Management<br>Test method: To verify that user can not able to perform "View Profile" functionality with entering invalid confirm password.</td>
<td></td>
<td>0</td>
<td>Admin.User_Management@d278d2b</td></tr>
<tr>
<td title='Admin.User_Management.SGL_Ranchi_Admin_Language_149()'><b>SGL_Ranchi_Admin_Language_149</b><br>Test class: Admin.User_Management<br>Test method: To verify that user is able to perform "Logout" functionality.</td>
<td></td>
<td>0</td>
<td>Admin.User_Management@d278d2b</td></tr>
<tr>
<td title='Admin.User_Management.SGL_Ranchi_Admin_Language_150()'><b>SGL_Ranchi_Admin_Language_150</b><br>Test class: Admin.User_Management<br>Test method: To verify that user is able to perform "Administrator" functionality from home page.</td>
<td></td>
<td>0</td>
<td>Admin.User_Management@d278d2b</td></tr>
<tr>
<td title='Admin.User_Management.SGL_Ranchi_Admin_Language_151()'><b>SGL_Ranchi_Admin_Language_151</b><br>Test class: Admin.User_Management<br>Test method: To verify that user is able to redirect on "Home" Page of the admin page while clicking on "Ranchi" logo.</td>
<td></td>
<td>0</td>
<td>Admin.User_Management@d278d2b</td></tr>
</table><p>
</body>
</html>